#
# A fatal error has been detected by the Java Runtime Environment:
#
#  EXCEPTION_ACCESS_VIOLATION (0xc0000005) at pc=0x0000000057afffb7, pid=5192, tid=2068
#
# JRE version: Java(TM) SE Runtime Environment (8.0_45-b15) (build 1.8.0_45-b15)
# Java VM: Java HotSpot(TM) 64-Bit Server VM (25.45-b02 mixed mode windows-amd64 compressed oops)
# Problematic frame:
# V  [jvm.dll+0x20ffb7]
#
# Failed to write core dump. Minidumps are not enabled by default on client versions of Windows
#
# If you would like to submit a bug report, please visit:
#   http://bugreport.java.com/bugreport/crash.jsp
#

---------------  T H R E A D  ---------------

Current thread (0x000000001fd4c000):  JavaThread "Forward streams with process: command 'C:\Program Files\Java\jdk1.8.0_45\bin\java.exe' Thread 2" [_thread_in_vm, id=2068, stack(0x00000000276b0000,0x00000000277b0000)]

siginfo: ExceptionCode=0xc0000005, writing address 0x00000000277a9430

Registers:
RAX=0x00000000277a9430, RBX=0x0000000000000007, RCX=0x0000000000006000, RDX=0x0000000000000006
RSP=0x00000000277af430, RBP=0x0000000000000000, RSI=0x00000000277af430, RDI=0x0000000000000007
R8 =0x0000000000000006, R9 =0x000000000c9e4970, R10=0x0000000005e7d358, R11=0x00000000276ba148
R12=0x000000000c9e4970, R13=0x000000001fd4c000, R14=0x00000000277af4f8, R15=0x0000000005e7d358
RIP=0x0000000057afffb7, EFLAGS=0x0000000000010206

Top of Stack: (sp=0x00000000277af430)
0x00000000277af430:   00007ff97ca10000 00007ff970c01162
0x00000000277af440:   000000001fd4c000 000000000c9e4970
0x00000000277af450:   00000000ffffffff 0000000057b00ee7
0x00000000277af460:   00000000277af560 0000000005e7d358
0x00000000277af470:   000000001fd4c000 00000000579aea13
0x00000000277af480:   00000000277af4c0 000000001fd4c000
0x00000000277af490:   00000000277af550 000000001fd4c000
0x00000000277af4a0:   0000000005e7d358 000000001fd4c000
0x00000000277af4b0:   000000000f056e60 000000001fd4c000
0x00000000277af4c0:   0000000005e7d358 000000001fd4c000
0x00000000277af4d0:   0000000005e7d358 000000001fd4c000
0x00000000277af4e0:   0000000000000001 0000000005e7d358
0x00000000277af4f0:   000000001fd4c000 000000000c0a5a60
0x00000000277af500:   000000001fd4c000 00000000579afefd
0x00000000277af510:   00000000277af818 00000001000069a0
0x00000000277af520:   00000001000069a0 00007ff97ca2c2a3 

Instructions: (pc=0x0000000057afffb7)
0x0000000057afff97:   48 89 6c 24 30 33 ed 66 90 e8 4b 35 08 00 ff c3
0x0000000057afffa7:   48 63 c8 48 8b c6 48 0f af cf 48 ff c7 48 2b c1
0x0000000057afffb7:   89 28 48 63 c3 48 3b 05 4d 66 58 00 7e db 48 8b
0x0000000057afffc7:   6c 24 30 48 8b 5c 24 38 48 8b 74 24 40 48 83 c4 


Register to memory mapping:

RAX=0x00000000277a9430 is pointing into the stack for thread: 0x000000001fd4c000
RBX=0x0000000000000007 is an unknown value
RCX=0x0000000000006000 is an unknown value
RDX=0x0000000000000006 is an unknown value
RSP=0x00000000277af430 is pointing into the stack for thread: 0x000000001fd4c000
RBP=0x0000000000000000 is an unknown value
RSI=0x00000000277af430 is pointing into the stack for thread: 0x000000001fd4c000
RDI=0x0000000000000007 is an unknown value
R8 =0x0000000000000006 is an unknown value
R9 =0x000000000c9e4970 is an unknown value
R10={method} {0x0000000005e7d360} 'run' '()V' in 'java/lang/Thread'
R11=0x00000000276ba148 is pointing into the stack for thread: 0x000000001fd4c000
R12=0x000000000c9e4970 is an unknown value
R13=0x000000001fd4c000 is a thread
R14=0x00000000277af4f8 is pointing into the stack for thread: 0x000000001fd4c000
R15={method} {0x0000000005e7d360} 'run' '()V' in 'java/lang/Thread'


Stack: [0x00000000276b0000,0x00000000277b0000],  sp=0x00000000277af430,  free space=1021k
Native frames: (J=compiled Java code, j=interpreted, Vv=VM code, C=native code)


---------------  P R O C E S S  ---------------

Java Threads: ( => current thread )
  0x000000001fd4c800 JavaThread "Forward streams with process: command 'C:\Program Files\Java\jdk1.8.0_45\bin\java.exe' Thread 3" [_thread_in_native, id=3896, stack(0x00000000277b0000,0x00000000278b0000)]
=>0x000000001fd4c000 JavaThread "Forward streams with process: command 'C:\Program Files\Java\jdk1.8.0_45\bin\java.exe' Thread 2" [_thread_in_vm, id=2068, stack(0x00000000276b0000,0x00000000277b0000)]
  0x000000001fd4e000 JavaThread "Forward streams with process: command 'C:\Program Files\Java\jdk1.8.0_45\bin\java.exe'" [_thread_blocked, id=5360, stack(0x00000000275b0000,0x00000000276b0000)]
  0x000000001fd44000 JavaThread "Run command 'C:\Program Files\Java\jdk1.8.0_45\bin\java.exe'" [_thread_in_native, id=3980, stack(0x0000000024aa0000,0x0000000024ba0000)]
  0x000000001fd4d800 JavaThread "Forward streams with process: command 'C:\Program Files\Java\jdk1.8.0_45\bin\java.exe' Thread 3" [_thread_in_native, id=3492, stack(0x0000000027ab0000,0x0000000027bb0000)]
  0x000000001fd4f000 JavaThread "Forward streams with process: command 'C:\Program Files\Java\jdk1.8.0_45\bin\java.exe' Thread 2" [_thread_in_native, id=6256, stack(0x00000000279b0000,0x0000000027ab0000)]
  0x000000001fd49800 JavaThread "Forward streams with process: command 'C:\Program Files\Java\jdk1.8.0_45\bin\java.exe'" [_thread_blocked, id=1996, stack(0x00000000278b0000,0x00000000279b0000)]
  0x000000001fd4b000 JavaThread "Forward streams with process: command 'C:\Program Files\Java\jdk1.8.0_45\bin\java.exe' Thread 3" [_thread_in_native, id=5336, stack(0x00000000274b0000,0x00000000275b0000)]
  0x000000001fd49000 JavaThread "Forward streams with process: command 'C:\Program Files\Java\jdk1.8.0_45\bin\java.exe' Thread 2" [_thread_in_native, id=7284, stack(0x00000000273b0000,0x00000000274b0000)]
  0x000000001fd4a800 JavaThread "Forward streams with process: command 'C:\Program Files\Java\jdk1.8.0_45\bin\java.exe'" [_thread_blocked, id=8188, stack(0x00000000272b0000,0x00000000273b0000)]
  0x000000001fd47800 JavaThread "Forward streams with process: command 'C:\Program Files\Java\jdk1.8.0_45\bin\java.exe' Thread 3" [_thread_in_native, id=6160, stack(0x00000000261b0000,0x00000000262b0000)]
  0x000000001fd46800 JavaThread "Forward streams with process: command 'C:\Program Files\Java\jdk1.8.0_45\bin\java.exe' Thread 2" [_thread_in_native, id=2416, stack(0x00000000270b0000,0x00000000271b0000)]
  0x000000001fd45800 JavaThread "Forward streams with process: command 'C:\Program Files\Java\jdk1.8.0_45\bin\java.exe'" [_thread_blocked, id=1860, stack(0x0000000026fb0000,0x00000000270b0000)]
  0x000000001fd43800 JavaThread "Forward streams with process: command 'C:\Program Files\Java\jdk1.8.0_45\bin\java.exe' Thread 3" [_thread_in_native, id=7848, stack(0x0000000026eb0000,0x0000000026fb0000)]
  0x000000001fd45000 JavaThread "Forward streams with process: command 'C:\Program Files\Java\jdk1.8.0_45\bin\java.exe' Thread 2" [_thread_in_native, id=5608, stack(0x0000000026db0000,0x0000000026eb0000)]
  0x000000000acc5000 JavaThread "Forward streams with process: command 'C:\Program Files\Java\jdk1.8.0_45\bin\java.exe'" [_thread_blocked, id=3724, stack(0x0000000026cb0000,0x0000000026db0000)]
  0x000000000acc7800 JavaThread "Forward streams with process: command 'C:\Program Files\Java\jdk1.8.0_45\bin\java.exe' Thread 3" [_thread_in_native, id=5948, stack(0x0000000026bb0000,0x0000000026cb0000)]
  0x000000000acc9000 JavaThread "Forward streams with process: command 'C:\Program Files\Java\jdk1.8.0_45\bin\java.exe' Thread 2" [_thread_in_native, id=5332, stack(0x0000000026ab0000,0x0000000026bb0000)]
  0x000000000acc6800 JavaThread "Forward streams with process: command 'C:\Program Files\Java\jdk1.8.0_45\bin\java.exe'" [_thread_blocked, id=7232, stack(0x00000000269b0000,0x0000000026ab0000)]
  0x000000000acc6000 JavaThread "Run command 'C:\Program Files\Java\jdk1.8.0_45\bin\java.exe'" [_thread_in_native, id=2576, stack(0x00000000268b0000,0x00000000269b0000)]
  0x000000000acc1000 JavaThread "Forward streams with process: command 'C:\Program Files\Java\jdk1.8.0_45\bin\java.exe' Thread 3" [_thread_in_native, id=568, stack(0x00000000267b0000,0x00000000268b0000)]
  0x000000000acc4000 JavaThread "Forward streams with process: command 'C:\Program Files\Java\jdk1.8.0_45\bin\java.exe' Thread 2" [_thread_in_native, id=4548, stack(0x00000000266b0000,0x00000000267b0000)]
  0x000000000acc0800 JavaThread "Forward streams with process: command 'C:\Program Files\Java\jdk1.8.0_45\bin\java.exe'" [_thread_blocked, id=6428, stack(0x00000000265b0000,0x00000000266b0000)]
  0x000000000acc3800 JavaThread "Forward streams with process: command 'C:\Program Files\Java\jdk1.8.0_45\bin\java.exe' Thread 3" [_thread_in_native, id=4008, stack(0x00000000264b0000,0x00000000265b0000)]
  0x000000000acc2800 JavaThread "Forward streams with process: command 'C:\Program Files\Java\jdk1.8.0_45\bin\java.exe' Thread 2" [_thread_in_native, id=5860, stack(0x00000000263b0000,0x00000000264b0000)]
  0x000000000acc2000 JavaThread "Forward streams with process: command 'C:\Program Files\Java\jdk1.8.0_45\bin\java.exe'" [_thread_blocked, id=460, stack(0x00000000262b0000,0x00000000263b0000)]
  0x000000000acbf800 JavaThread "Run command 'C:\Program Files\Java\jdk1.8.0_45\bin\java.exe'" [_thread_in_native, id=2004, stack(0x00000000260b0000,0x00000000261b0000)]
  0x000000000acbf000 JavaThread "Run command 'C:\Program Files\Java\jdk1.8.0_45\bin\java.exe'" [_thread_in_native, id=5068, stack(0x0000000025fb0000,0x00000000260b0000)]
  0x000000000acbe000 JavaThread "Run command 'C:\Program Files\Java\jdk1.8.0_45\bin\java.exe'" [_thread_in_native, id=4732, stack(0x0000000024da0000,0x0000000024ea0000)]
  0x000000000acbb000 JavaThread "Run command 'C:\Program Files\Java\jdk1.8.0_45\bin\java.exe'" [_thread_in_native, id=7092, stack(0x0000000024ca0000,0x0000000024da0000)]
  0x000000000acbd800 JavaThread "Run command 'C:\Program Files\Java\jdk1.8.0_45\bin\java.exe'" [_thread_in_native, id=7536, stack(0x0000000024ba0000,0x0000000024ca0000)]
  0x000000000acbc000 JavaThread "Run command 'C:\Program Files\Java\jdk1.8.0_45\bin\java.exe'" [_thread_in_native, id=5100, stack(0x00000000249a0000,0x0000000024aa0000)]
  0x000000000acba800 JavaThread "pool-12-thread-8" [_thread_blocked, id=2640, stack(0x00000000248a0000,0x00000000249a0000)]
  0x000000000acb9800 JavaThread "pool-12-thread-7" [_thread_blocked, id=932, stack(0x00000000247a0000,0x00000000248a0000)]
  0x0000000009683000 JavaThread "pool-12-thread-6" [_thread_blocked, id=4776, stack(0x00000000246a0000,0x00000000247a0000)]
  0x0000000009682000 JavaThread "pool-12-thread-5" [_thread_blocked, id=6580, stack(0x00000000245a0000,0x00000000246a0000)]
  0x0000000009685800 JavaThread "pool-12-thread-4" [_thread_blocked, id=6244, stack(0x00000000244a0000,0x00000000245a0000)]
  0x0000000009684800 JavaThread "pool-12-thread-3" [_thread_blocked, id=8148, stack(0x00000000243a0000,0x00000000244a0000)]
  0x000000001f2cd000 JavaThread "pool-12-thread-2" [_thread_blocked, id=4212, stack(0x00000000209b0000,0x0000000020ab0000)]
  0x000000001f2cc800 JavaThread "pool-12-thread-1" [_thread_blocked, id=6640, stack(0x000000000eb00000,0x000000000ec00000)]
  0x000000001f2cb800 JavaThread "Stdin handler" [_thread_blocked, id=4308, stack(0x000000000b690000,0x000000000b790000)]
  0x000000001f2c1800 JavaThread "Cancel handler" [_thread_blocked, id=688, stack(0x000000000b490000,0x000000000b590000)]
  0x000000001f2be000 JavaThread "Handler for socket connection from /127.0.0.1:53619 to /127.0.0.1:58583" [_thread_in_native, id=3460, stack(0x000000000b390000,0x000000000b490000)]
  0x000000001f2c2800 JavaThread "Daemon worker Thread 15" [_thread_blocked, id=3976, stack(0x000000000b590000,0x000000000b690000)]
  0x000000001f2c0000 JavaThread "Daemon Thread 15" [_thread_blocked, id=2224, stack(0x000000000b290000,0x000000000b390000)]
  0x000000000a5d8000 JavaThread "File lock request listener" [_thread_in_native, id=5708, stack(0x000000000cd60000,0x000000000ce60000)]
  0x000000000a81a000 JavaThread "Incoming local TCP Connector on port 53619" [_thread_in_native, id=4316, stack(0x0000000009c50000,0x0000000009d50000)]
  0x0000000008928000 JavaThread "Service Thread" daemon [_thread_blocked, id=4492, stack(0x0000000009250000,0x0000000009350000)]
  0x0000000008890800 JavaThread "C1 CompilerThread3" daemon [_thread_blocked, id=7684, stack(0x0000000009150000,0x0000000009250000)]
  0x0000000008880800 JavaThread "C2 CompilerThread2" daemon [_thread_blocked, id=6748, stack(0x0000000009050000,0x0000000009150000)]
  0x000000000887c800 JavaThread "C2 CompilerThread1" daemon [_thread_blocked, id=2148, stack(0x0000000008f50000,0x0000000009050000)]
  0x0000000008879800 JavaThread "C2 CompilerThread0" daemon [_thread_blocked, id=3740, stack(0x0000000008e50000,0x0000000008f50000)]
  0x0000000008877000 JavaThread "Attach Listener" daemon [_thread_blocked, id=4504, stack(0x0000000008d50000,0x0000000008e50000)]
  0x0000000008876800 JavaThread "Signal Dispatcher" daemon [_thread_blocked, id=664, stack(0x0000000008c50000,0x0000000008d50000)]
  0x0000000002d1a000 JavaThread "Finalizer" daemon [_thread_blocked, id=2436, stack(0x0000000008730000,0x0000000008830000)]
  0x0000000002d13000 JavaThread "Reference Handler" daemon [_thread_blocked, id=4944, stack(0x0000000008630000,0x0000000008730000)]
  0x00000000010be000 JavaThread "main" [_thread_blocked, id=2016, stack(0x0000000000f70000,0x0000000001070000)]

Other Threads:
  0x0000000006839800 VMThread [stack: 0x0000000008530000,0x0000000008630000] [id=5804]
  0x0000000008929000 WatcherThread [stack: 0x0000000009350000,0x0000000009450000] [id=7876]

VM state:not at safepoint (normal execution)

VM Mutex/Monitor currently owned by a thread: None

Heap:
 PSYoungGen      total 303616K, used 210645K [0x00000000eab00000, 0x00000000ffa80000, 0x0000000100000000)
  eden space 271360K, 71% used [0x00000000eab00000,0x00000000f688d980,0x00000000fb400000)
  from space 32256K, 51% used [0x00000000fb400000,0x00000000fc427d80,0x00000000fd380000)
  to   space 32768K, 0% used [0x00000000fda80000,0x00000000fda80000,0x00000000ffa80000)
 ParOldGen       total 228864K, used 80704K [0x00000000c0000000, 0x00000000cdf80000, 0x00000000eab00000)
  object space 228864K, 35% used [0x00000000c0000000,0x00000000c4ed0308,0x00000000cdf80000)
 Metaspace       used 83595K, capacity 95124K, committed 95400K, reserved 1130496K
  class space    used 11162K, capacity 14583K, committed 14760K, reserved 1048576K

Card table byte_map: [0x00000000030e0000,0x00000000032f0000] byte_map_base: 0x0000000002ae0000

Marking Bits: (ParMarkBitMap*) 0x00000000580f4040
 Begin Bits: [0x0000000003c50000, 0x0000000004c50000)
 End Bits:   [0x0000000004c50000, 0x0000000005c50000)

Polling page: 0x0000000000e60000

CodeCache: size=245760Kb used=64912Kb max_used=64912Kb free=180847Kb
 bounds [0x000000000f010000, 0x0000000012fe0000, 0x000000001e010000]
 total_blobs=17068 nmethods=16305 adapters=673
 compilation: enabled

Compilation events (10 events):
Event: 10850.903 Thread 0x0000000008879800 nmethod 21074 0x0000000010429990 code [0x0000000010429ac0, 0x0000000010429b18]
Event: 10850.903 Thread 0x0000000008890800 nmethod 21073 0x0000000012fd9a90 code [0x0000000012fd9cc0, 0x0000000012fdaed0]
Event: 10850.913 Thread 0x0000000008890800 21075       1       org.gradle.util.DisconnectableInputStream::access$100 (5 bytes)
Event: 10850.913 Thread 0x0000000008890800 nmethod 21075 0x0000000012fd6090 code [0x0000000012fd61e0, 0x0000000012fd62d0]
Event: 10850.921 Thread 0x0000000008890800 21076       3       java.util.concurrent.ThreadPoolExecutor::<init> (143 bytes)
Event: 10850.923 Thread 0x0000000008890800 nmethod 21076 0x0000000012fdc690 code [0x0000000012fdc900, 0x0000000012fddba8]
Event: 10854.262 Thread 0x0000000008890800 21077       3       org.gradle.process.internal.DefaultProcessForkOptions::<init> (42 bytes)
Event: 10854.263 Thread 0x0000000008890800 nmethod 21077 0x0000000012fde8d0 code [0x0000000012fdeb00, 0x0000000012fdf7a8]
Event: 10854.263 Thread 0x0000000008890800 21078       3       org.gradle.process.internal.DefaultProcessForkOptions::setExecutable (6 bytes)
Event: 10854.263 Thread 0x0000000008890800 nmethod 21078 0x0000000012fd5d50 code [0x0000000012fd5ea0, 0x0000000012fd6010]

GC Heap History (10 events):
Event: 10743.685 GC heap before
{Heap before GC invocations=73 (full 17):
 PSYoungGen      total 301056K, used 271608K [0x00000000eab00000, 0x00000000ff980000, 0x0000000100000000)
  eden space 264704K, 100% used [0x00000000eab00000,0x00000000fad80000,0x00000000fad80000)
  from space 36352K, 18% used [0x00000000fad80000,0x00000000fb43e170,0x00000000fd100000)
  to   space 34816K, 0% used [0x00000000fd780000,0x00000000fd780000,0x00000000ff980000)
 ParOldGen       total 228864K, used 82450K [0x00000000c0000000, 0x00000000cdf80000, 0x00000000eab00000)
  object space 228864K, 36% used [0x00000000c0000000,0x00000000c5084b10,0x00000000cdf80000)
 Metaspace       used 82395K, capacity 93376K, committed 93608K, reserved 1128448K
  class space    used 11020K, capacity 14305K, committed 14504K, reserved 1048576K
Event: 10743.690 GC heap after
Heap after GC invocations=73 (full 17):
 PSYoungGen      total 300544K, used 6055K [0x00000000eab00000, 0x00000000ff400000, 0x0000000100000000)
  eden space 271360K, 0% used [0x00000000eab00000,0x00000000eab00000,0x00000000fb400000)
  from space 29184K, 20% used [0x00000000fd780000,0x00000000fdd69fc0,0x00000000ff400000)
  to   space 32768K, 0% used [0x00000000fb400000,0x00000000fb400000,0x00000000fd400000)
 ParOldGen       total 228864K, used 82458K [0x00000000c0000000, 0x00000000cdf80000, 0x00000000eab00000)
  object space 228864K, 36% used [0x00000000c0000000,0x00000000c5086b10,0x00000000cdf80000)
 Metaspace       used 82395K, capacity 93376K, committed 93608K, reserved 1128448K
  class space    used 11020K, capacity 14305K, committed 14504K, reserved 1048576K
}
Event: 10744.181 GC heap before
{Heap before GC invocations=74 (full 17):
 PSYoungGen      total 300544K, used 58423K [0x00000000eab00000, 0x00000000ff400000, 0x0000000100000000)
  eden space 271360K, 19% used [0x00000000eab00000,0x00000000ede23eb8,0x00000000fb400000)
  from space 29184K, 20% used [0x00000000fd780000,0x00000000fdd69fc0,0x00000000ff400000)
  to   space 32768K, 0% used [0x00000000fb400000,0x00000000fb400000,0x00000000fd400000)
 ParOldGen       total 228864K, used 82458K [0x00000000c0000000, 0x00000000cdf80000, 0x00000000eab00000)
  object space 228864K, 36% used [0x00000000c0000000,0x00000000c5086b10,0x00000000cdf80000)
 Metaspace       used 82408K, capacity 93388K, committed 93608K, reserved 1128448K
  class space    used 11021K, capacity 14307K, committed 14504K, reserved 1048576K
Event: 10744.183 GC heap after
Heap after GC invocations=74 (full 17):
 PSYoungGen      total 272896K, used 1424K [0x00000000eab00000, 0x00000000ff300000, 0x0000000100000000)
  eden space 271360K, 0% used [0x00000000eab00000,0x00000000eab00000,0x00000000fb400000)
  from space 1536K, 92% used [0x00000000fb400000,0x00000000fb564030,0x00000000fb580000)
  to   space 32256K, 0% used [0x00000000fd380000,0x00000000fd380000,0x00000000ff300000)
 ParOldGen       total 228864K, used 82466K [0x00000000c0000000, 0x00000000cdf80000, 0x00000000eab00000)
  object space 228864K, 36% used [0x00000000c0000000,0x00000000c5088b10,0x00000000cdf80000)
 Metaspace       used 82408K, capacity 93388K, committed 93608K, reserved 1128448K
  class space    used 11021K, capacity 14307K, committed 14504K, reserved 1048576K
}
Event: 10744.183 GC heap before
{Heap before GC invocations=75 (full 18):
 PSYoungGen      total 272896K, used 1424K [0x00000000eab00000, 0x00000000ff300000, 0x0000000100000000)
  eden space 271360K, 0% used [0x00000000eab00000,0x00000000eab00000,0x00000000fb400000)
  from space 1536K, 92% used [0x00000000fb400000,0x00000000fb564030,0x00000000fb580000)
  to   space 32256K, 0% used [0x00000000fd380000,0x00000000fd380000,0x00000000ff300000)
 ParOldGen       total 228864K, used 82466K [0x00000000c0000000, 0x00000000cdf80000, 0x00000000eab00000)
  object space 228864K, 36% used [0x00000000c0000000,0x00000000c5088b10,0x00000000cdf80000)
 Metaspace       used 82408K, capacity 93388K, committed 93608K, reserved 1128448K
  class space    used 11021K, capacity 14307K, committed 14504K, reserved 1048576K
Event: 10744.490 GC heap after
Heap after GC invocations=75 (full 18):
 PSYoungGen      total 272896K, used 0K [0x00000000eab00000, 0x00000000ff300000, 0x0000000100000000)
  eden space 271360K, 0% used [0x00000000eab00000,0x00000000eab00000,0x00000000fb400000)
  from space 1536K, 0% used [0x00000000fb400000,0x00000000fb400000,0x00000000fb580000)
  to   space 32256K, 0% used [0x00000000fd380000,0x00000000fd380000,0x00000000ff300000)
 ParOldGen       total 228864K, used 80688K [0x00000000c0000000, 0x00000000cdf80000, 0x00000000eab00000)
  object space 228864K, 35% used [0x00000000c0000000,0x00000000c4ecc308,0x00000000cdf80000)
 Metaspace       used 82170K, capacity 92752K, committed 93608K, reserved 1128448K
  class space    used 10972K, capacity 14140K, committed 14504K, reserved 1048576K
}
Event: 10757.241 GC heap before
{Heap before GC invocations=76 (full 18):
 PSYoungGen      total 272896K, used 271360K [0x00000000eab00000, 0x00000000ff300000, 0x0000000100000000)
  eden space 271360K, 100% used [0x00000000eab00000,0x00000000fb400000,0x00000000fb400000)
  from space 1536K, 0% used [0x00000000fb400000,0x00000000fb400000,0x00000000fb580000)
  to   space 32256K, 0% used [0x00000000fd380000,0x00000000fd380000,0x00000000ff300000)
 ParOldGen       total 228864K, used 80688K [0x00000000c0000000, 0x00000000cdf80000, 0x00000000eab00000)
  object space 228864K, 35% used [0x00000000c0000000,0x00000000c4ecc308,0x00000000cdf80000)
 Metaspace       used 83103K, capacity 94188K, committed 94504K, reserved 1128448K
  class space    used 11105K, capacity 14407K, committed 14632K, reserved 1048576K
Event: 10757.277 GC heap after
Heap after GC invocations=76 (full 18):
 PSYoungGen      total 303616K, used 15529K [0x00000000eab00000, 0x00000000ffa80000, 0x0000000100000000)
  eden space 271360K, 0% used [0x00000000eab00000,0x00000000eab00000,0x00000000fb400000)
  from space 32256K, 48% used [0x00000000fd380000,0x00000000fe2aa618,0x00000000ff300000)
  to   space 32256K, 0% used [0x00000000fb400000,0x00000000fb400000,0x00000000fd380000)
 ParOldGen       total 228864K, used 80696K [0x00000000c0000000, 0x00000000cdf80000, 0x00000000eab00000)
  object space 228864K, 35% used [0x00000000c0000000,0x00000000c4ece308,0x00000000cdf80000)
 Metaspace       used 83103K, capacity 94188K, committed 94504K, reserved 1128448K
  class space    used 11105K, capacity 14407K, committed 14632K, reserved 1048576K
}
Event: 10798.286 GC heap before
{Heap before GC invocations=77 (full 18):
 PSYoungGen      total 303616K, used 286889K [0x00000000eab00000, 0x00000000ffa80000, 0x0000000100000000)
  eden space 271360K, 100% used [0x00000000eab00000,0x00000000fb400000,0x00000000fb400000)
  from space 32256K, 48% used [0x00000000fd380000,0x00000000fe2aa618,0x00000000ff300000)
  to   space 32256K, 0% used [0x00000000fb400000,0x00000000fb400000,0x00000000fd380000)
 ParOldGen       total 228864K, used 80696K [0x00000000c0000000, 0x00000000cdf80000, 0x00000000eab00000)
  object space 228864K, 35% used [0x00000000c0000000,0x00000000c4ece308,0x00000000cdf80000)
 Metaspace       used 83349K, capacity 94588K, committed 94760K, reserved 1130496K
  class space    used 11129K, capacity 14485K, committed 14632K, reserved 1048576K
Event: 10798.319 GC heap after
Heap after GC invocations=77 (full 18):
 PSYoungGen      total 303616K, used 16543K [0x00000000eab00000, 0x00000000ffa80000, 0x0000000100000000)
  eden space 271360K, 0% used [0x00000000eab00000,0x00000000eab00000,0x00000000fb400000)
  from space 32256K, 51% used [0x00000000fb400000,0x00000000fc427d80,0x00000000fd380000)
  to   space 32768K, 0% used [0x00000000fda80000,0x00000000fda80000,0x00000000ffa80000)
 ParOldGen       total 228864K, used 80704K [0x00000000c0000000, 0x00000000cdf80000, 0x00000000eab00000)
  object space 228864K, 35% used [0x00000000c0000000,0x00000000c4ed0308,0x00000000cdf80000)
 Metaspace       used 83349K, capacity 94588K, committed 94760K, reserved 1130496K
  class space    used 11129K, capacity 14485K, committed 14632K, reserved 1048576K
}

Deoptimization events (10 events):
Event: 10798.007 Thread 0x000000001f2c2800 Uncommon trap: reason=unstable_if action=reinterpret pc=0x00000000126e020c method=com.sun.tools.javac.parser.JavaTokenizer.readToken()Lcom/sun/tools/javac/parser/Tokens$Token; @ 664
Event: 10798.173 Thread 0x000000001f2c2800 Uncommon trap: reason=predicate action=maybe_recompile pc=0x0000000011219304 method=java.util.ComparableTimSort.mergeHi(IIII)V @ 185
Event: 10798.181 Thread 0x000000001f2c2800 Uncommon trap: reason=array_check action=maybe_recompile pc=0x0000000011eb75bc method=java.util.ComparableTimSort.mergeHi(IIII)V @ 277
Event: 10798.333 Thread 0x000000001f2c2800 Uncommon trap: reason=null_check action=make_not_entrant pc=0x000000001264d8a0 method=com.sun.tools.javac.util.UnsharedNameTable.fromUtf([BII)Lcom/sun/tools/javac/util/Name; @ 50
Event: 10798.402 Thread 0x000000001f2c2800 Uncommon trap: reason=bimorphic action=maybe_recompile pc=0x00000000127064ac method=com.sun.tools.javac.code.Types$SameTypeVisitor.visitType(Lcom/sun/tools/javac/code/Type;Lcom/sun/tools/javac/code/Type;)Ljava/lang/Boolean; @ 11
Event: 10798.402 Thread 0x000000001f2c2800 Uncommon trap: reason=bimorphic action=maybe_recompile pc=0x00000000127064ac method=com.sun.tools.javac.code.Types$SameTypeVisitor.visitType(Lcom/sun/tools/javac/code/Type;Lcom/sun/tools/javac/code/Type;)Ljava/lang/Boolean; @ 11
Event: 10798.402 Thread 0x000000001f2c2800 Uncommon trap: reason=bimorphic action=maybe_recompile pc=0x00000000127064ac method=com.sun.tools.javac.code.Types$SameTypeVisitor.visitType(Lcom/sun/tools/javac/code/Type;Lcom/sun/tools/javac/code/Type;)Ljava/lang/Boolean; @ 11
Event: 10798.402 Thread 0x000000001f2c2800 Uncommon trap: reason=bimorphic action=maybe_recompile pc=0x00000000127064ac method=com.sun.tools.javac.code.Types$SameTypeVisitor.visitType(Lcom/sun/tools/javac/code/Type;Lcom/sun/tools/javac/code/Type;)Ljava/lang/Boolean; @ 11
Event: 10798.402 Thread 0x000000001f2c2800 Uncommon trap: reason=bimorphic action=maybe_recompile pc=0x00000000127048d0 method=com.sun.tools.javac.code.Types$SameTypeVisitor.visitType(Lcom/sun/tools/javac/code/Type;Lcom/sun/tools/javac/code/Type;)Ljava/lang/Boolean; @ 11
Event: 10798.429 Thread 0x000000001f2c2800 Uncommon trap: reason=unstable_if action=reinterpret pc=0x000000001272d2e0 method=com.sun.tools.javac.jvm.Pool.put(Ljava/lang/Object;)I @ 80

Internal exceptions (10 events):
Event: 10808.977 Thread 0x000000001f2c0000 Exception <a 'java/lang/NoSuchMethodError': <clinit>> (0x00000000ece96e50) thrown at [C:\re\workspace\8-2-build-windows-amd64-cygwin\jdk8u45\3627\hotspot\src\share\vm\prims\jni.cpp, line 1598]
Event: 10808.984 Thread 0x000000001f2c0000 Exception <a 'java/lang/NoSuchMethodError': <clinit>> (0x00000000eceb5848) thrown at [C:\re\workspace\8-2-build-windows-amd64-cygwin\jdk8u45\3627\hotspot\src\share\vm\prims\jni.cpp, line 1598]
Event: 10808.984 Thread 0x000000001f2c0000 Exception <a 'java/lang/NoSuchMethodError': <clinit>> (0x00000000ecebb2b8) thrown at [C:\re\workspace\8-2-build-windows-amd64-cygwin\jdk8u45\3627\hotspot\src\share\vm\prims\jni.cpp, line 1598]
Event: 10808.987 Thread 0x000000001f2c0000 Exception <a 'java/lang/NoSuchMethodError': <clinit>> (0x00000000ececbc18) thrown at [C:\re\workspace\8-2-build-windows-amd64-cygwin\jdk8u45\3627\hotspot\src\share\vm\prims\jni.cpp, line 1598]
Event: 10808.993 Thread 0x000000001f2c0000 Exception <a 'java/lang/NoSuchMethodError': <clinit>> (0x00000000ecefebf0) thrown at [C:\re\workspace\8-2-build-windows-amd64-cygwin\jdk8u45\3627\hotspot\src\share\vm\prims\jni.cpp, line 1598]
Event: 10808.993 Thread 0x000000001f2c0000 Exception <a 'java/lang/NoSuchMethodError': <clinit>> (0x00000000ecf02210) thrown at [C:\re\workspace\8-2-build-windows-amd64-cygwin\jdk8u45\3627\hotspot\src\share\vm\prims\jni.cpp, line 1598]
Event: 10808.995 Thread 0x000000001f2c0000 Exception <a 'java/lang/NoSuchMethodError': <clinit>> (0x00000000ecf1fdd0) thrown at [C:\re\workspace\8-2-build-windows-amd64-cygwin\jdk8u45\3627\hotspot\src\share\vm\prims\jni.cpp, line 1598]
Event: 10808.997 Thread 0x000000001f2c0000 Exception <a 'java/lang/NoSuchMethodError': <clinit>> (0x00000000ecf2ca88) thrown at [C:\re\workspace\8-2-build-windows-amd64-cygwin\jdk8u45\3627\hotspot\src\share\vm\prims\jni.cpp, line 1598]
Event: 10849.765 Thread 0x000000001f2c2800 Exception <a 'java/lang/ClassNotFoundException': asLocalRepo65_2wfz4n664n0h1thdtwlfit7lqBeanInfo> (0x00000000edf0b6f0) thrown at [C:\re\workspace\8-2-build-windows-amd64-cygwin\jdk8u45\3627\hotspot\src\share\vm\classfile\systemDictionary.cpp, line 210]
Event: 10849.766 Thread 0x000000001f2c2800 Exception <a 'java/lang/ClassNotFoundException': asLocalRepo65_2wfz4n664n0h1thdtwlfit7lqCustomizer> (0x00000000edf14378) thrown at [C:\re\workspace\8-2-build-windows-amd64-cygwin\jdk8u45\3627\hotspot\src\share\vm\classfile\systemDictionary.cpp, line 210]

Events (10 events):
Event: 10853.743 Thread 0x000000001fd48000 Thread exited: 0x000000001fd48000
Event: 10853.746 Thread 0x000000001fd4c000 Thread exited: 0x000000001fd4c000
Event: 10853.750 Thread 0x000000001fd4c800 Thread exited: 0x000000001fd4c800
Event: 10853.750 Thread 0x000000000acbc800 Thread exited: 0x000000000acbc800
Event: 10854.264 Thread 0x000000001fd44000 Thread added: 0x000000001fd44000
Event: 10854.308 Thread 0x000000001fd48000 Thread added: 0x000000001fd48000
Event: 10854.308 Thread 0x000000001fd4e000 Thread added: 0x000000001fd4e000
Event: 10854.308 Thread 0x000000001fd4c000 Thread added: 0x000000001fd4c000
Event: 10854.308 Thread 0x000000001fd4c800 Thread added: 0x000000001fd4c800
Event: 10854.309 Thread 0x000000001fd48000 Thread exited: 0x000000001fd48000


Dynamic libraries:
0x00007ff6d9ba0000 - 0x00007ff6d9bd7000 	C:\Program Files\Java\jdk1.8.0_45\bin\java.exe
0x00007ff97ca10000 - 0x00007ff97cbbc000 	C:\Windows\SYSTEM32\ntdll.dll
0x00007ff97a980000 - 0x00007ff97aabe000 	C:\Windows\system32\KERNEL32.DLL
0x00007ff979d90000 - 0x00007ff979ea5000 	C:\Windows\system32\KERNELBASE.dll
0x00007ff9786b0000 - 0x00007ff97873e000 	C:\Windows\system32\apphelp.dll
0x00007ff96c300000 - 0x00007ff96c353000 	C:\Windows\AppPatch\AppPatch64\AcGenral.DLL
0x00007ff97a260000 - 0x00007ff97a30a000 	C:\Windows\system32\msvcrt.dll
0x00007ff979940000 - 0x00007ff97996e000 	C:\Windows\SYSTEM32\SspiCli.dll
0x00007ff97c360000 - 0x00007ff97c3b4000 	C:\Windows\system32\SHLWAPI.dll
0x00007ff97c6a0000 - 0x00007ff97c817000 	C:\Windows\system32\USER32.dll
0x00007ff97ab90000 - 0x00007ff97ad24000 	C:\Windows\system32\ole32.dll
0x00007ff97ad90000 - 0x00007ff97c2a8000 	C:\Windows\system32\SHELL32.dll
0x00007ff9790b0000 - 0x00007ff9790d1000 	C:\Windows\SYSTEM32\USERENV.dll
0x00007ff97c2b0000 - 0x00007ff97c35a000 	C:\Windows\system32\ADVAPI32.dll
0x00007ff973bb0000 - 0x00007ff973bce000 	C:\Windows\SYSTEM32\MPR.dll
0x00007ff97a5b0000 - 0x00007ff97a6f1000 	C:\Windows\system32\RPCRT4.dll
0x00007ff97ad30000 - 0x00007ff97ad89000 	C:\Windows\SYSTEM32\sechost.dll
0x00007ff97a700000 - 0x00007ff97a911000 	C:\Windows\SYSTEM32\combase.dll
0x00007ff97c3d0000 - 0x00007ff97c521000 	C:\Windows\system32\GDI32.dll
0x00007ff979b60000 - 0x00007ff979b75000 	C:\Windows\SYSTEM32\profapi.dll
0x00007ff978060000 - 0x00007ff978112000 	C:\Windows\SYSTEM32\SHCORE.dll
0x00007ff97c890000 - 0x00007ff97c8c6000 	C:\Windows\system32\IMM32.DLL
0x00007ff97c540000 - 0x00007ff97c692000 	C:\Windows\system32\MSCTF.dll
0x00007ff979b10000 - 0x00007ff979b41000 	C:\Windows\system32\nvinitx.dll
0x00007ff979b00000 - 0x00007ff979b0a000 	C:\Windows\SYSTEM32\VERSION.dll
0x000000000f000000 - 0x000000000f006000 	C:\Program Files\NVIDIA Corporation\CoProcManager\_etoured.dll
0x00007ff977ae0000 - 0x00007ff977b11000 	C:\Program Files\NVIDIA Corporation\CoProcManager\nvd3d9wrapx.dll
0x00007ff97a310000 - 0x00007ff97a4ea000 	C:\Windows\system32\SETUPAPI.dll
0x00007ff979c30000 - 0x00007ff979c7f000 	C:\Windows\system32\CFGMGR32.dll
0x00007ff9783f0000 - 0x00007ff978412000 	C:\Program Files\NVIDIA Corporation\CoProcManager\nvdxgiwrapx.dll
0x00007ff977be0000 - 0x00007ff977e5b000 	C:\Windows\WinSxS\amd64_microsoft.windows.common-controls_6595b64144ccf1df_6.0.9600.17784_none_624760d1ecb7236e\COMCTL32.dll
0x0000000057390000 - 0x0000000057462000 	C:\Program Files\Java\jdk1.8.0_45\jre\bin\msvcr100.dll
0x00000000578f0000 - 0x0000000058173000 	C:\Program Files\Java\jdk1.8.0_45\jre\bin\server\jvm.dll
0x00007ff970c00000 - 0x00007ff970c09000 	C:\Windows\SYSTEM32\WSOCK32.dll
0x00007ff977580000 - 0x00007ff9775a2000 	C:\Windows\SYSTEM32\WINMM.dll
0x00007ff97c3c0000 - 0x00007ff97c3c7000 	C:\Windows\system32\PSAPI.DLL
0x00007ff97c8d0000 - 0x00007ff97c92a000 	C:\Windows\system32\WS2_32.dll
0x00007ff977320000 - 0x00007ff97734a000 	C:\Windows\SYSTEM32\WINMMBASE.dll
0x00007ff97c530000 - 0x00007ff97c539000 	C:\Windows\system32\NSI.dll
0x00007ff978900000 - 0x00007ff978928000 	C:\Windows\SYSTEM32\DEVOBJ.dll
0x0000000057800000 - 0x000000005780f000 	C:\Program Files\Java\jdk1.8.0_45\jre\bin\verify.dll
0x00000000577d0000 - 0x00000000577f9000 	C:\Program Files\Java\jdk1.8.0_45\jre\bin\java.dll
0x00000000577b0000 - 0x00000000577c6000 	C:\Program Files\Java\jdk1.8.0_45\jre\bin\zip.dll
0x0000000057790000 - 0x00000000577aa000 	C:\Program Files\Java\jdk1.8.0_45\jre\bin\net.dll
0x00007ff979320000 - 0x00007ff979379000 	C:\Windows\system32\mswsock.dll
0x0000000057770000 - 0x0000000057781000 	C:\Program Files\Java\jdk1.8.0_45\jre\bin\nio.dll
0x00007ff973710000 - 0x00007ff973722000 	C:\Users\Georgi\.gradle\native\19\windows-amd64\native-platform.dll
0x00007ff973320000 - 0x00007ff97334a000 	C:\Windows\SYSTEM32\IPHLPAPI.DLL
0x00007ff973310000 - 0x00007ff97331a000 	C:\Windows\SYSTEM32\WINNSI.DLL
0x00007ff972c00000 - 0x00007ff972c16000 	C:\Windows\SYSTEM32\dhcpcsvc6.DLL
0x00007ff972e00000 - 0x00007ff972e1a000 	C:\Windows\SYSTEM32\dhcpcsvc.DLL
0x00007ff979380000 - 0x00007ff9793a0000 	C:\Windows\SYSTEM32\CRYPTSP.dll
0x00007ff978fa0000 - 0x00007ff978fd6000 	C:\Windows\system32\rsaenh.dll
0x00007ff9795d0000 - 0x00007ff9795f6000 	C:\Windows\SYSTEM32\bcrypt.dll
0x00007ff979970000 - 0x00007ff9799d3000 	C:\Windows\system32\bcryptprimitives.dll
0x00007ff9799e0000 - 0x00007ff9799eb000 	C:\Windows\SYSTEM32\CRYPTBASE.dll
0x0000000057570000 - 0x000000005757d000 	C:\Program Files\Java\jdk1.8.0_45\jre\bin\management.dll
0x00000000574a0000 - 0x00000000574c4000 	C:\Program Files\Java\jdk1.8.0_45\jre\bin\sunec.dll
0x00007ff979120000 - 0x00007ff9791c4000 	C:\Windows\SYSTEM32\DNSAPI.dll
0x00007ff96e970000 - 0x00007ff96e97a000 	C:\Windows\System32\rasadhlp.dll
0x00007ff972cd0000 - 0x00007ff972d3b000 	C:\Windows\System32\fwpuclnt.dll
0x00007ff96b520000 - 0x00007ff96b535000 	C:\Windows\system32\napinsp.dll
0x00007ff96b540000 - 0x00007ff96b55a000 	C:\Windows\system32\pnrpnsp.dll
0x00007ff9757e0000 - 0x00007ff9757fb000 	C:\Windows\system32\NLAapi.dll
0x00007ff970e30000 - 0x00007ff970e3d000 	C:\Windows\System32\winrnr.dll
0x00007ff970e40000 - 0x00007ff970e54000 	C:\Windows\system32\wshbth.dll

VM Arguments:
jvm_args: -XX:MaxPermSize=256m -XX:+HeapDumpOnOutOfMemoryError -Xmx1024m -Dfile.encoding=windows-1251 -Duser.country=US -Duser.language=en -Duser.variant 
java_command: org.gradle.launcher.daemon.bootstrap.GradleDaemon 2.4 C:\Users\Georgi\.gradle C:\Users\Georgi\.gradle\daemon 10800000 74393abe-0d81-4dc1-9a75-3b66800b5716 -XX:MaxPermSize=256m -XX:+HeapDumpOnOutOfMemoryError -Xmx1024m -Dfile.encoding=windows-1251 -Duser.country=US -Duser.language=en -Duser.variant
java_class_path (initial): C:\Program Files\Android\Android Studio\gradle\gradle-2.4\lib\gradle-launcher-2.4.jar
Launcher Type: SUN_STANDARD

Environment Variables:
PATH=C:\ProgramData\Oracle\Java\javapath;C:\Windows\system32;C:\Windows;C:\Windows\System32\Wbem;C:\Windows\System32\WindowsPowerShell\v1.0\;C:\Program Files\Intel\WiFi\bin\;C:\Program Files\Common Files\Intel\WirelessCommon\;C:\Program Files (x86)\NVIDIA Corporation\PhysX\Common;D:\android-sdk\platform-tools;D:\android-sdk\tools;C:\Program Files (x86)\Skype\Phone\;C:\Program Files\Intel\WiFi\bin\;C:\Program Files\Common Files\Intel\WirelessCommon\
USERNAME=Georgi
OS=Windows_NT
PROCESSOR_IDENTIFIER=Intel64 Family 6 Model 58 Stepping 9, GenuineIntel



---------------  S Y S T E M  ---------------

OS: Windows 8.1 , 64 bit Build 9600 (6.3.9600.17415)

CPU:total 8 (4 cores per cpu, 2 threads per core) family 6 model 58 stepping 9, cmov, cx8, fxsr, mmx, sse, sse2, sse3, ssse3, sse4.1, sse4.2, popcnt, avx, aes, clmul, erms, ht, tsc, tscinvbit, tscinv

Memory: 4k page, physical 8271456k(1317176k free), swap 9320032k(4276k free)

vm_info: Java HotSpot(TM) 64-Bit Server VM (25.45-b02) for windows-amd64 JRE (1.8.0_45-b15), built on Apr 30 2015 12:40:44 by "java_re" with MS VC++ 10.0 (VS2010)

time: Sat Jun 06 00:41:29 2015
elapsed time: 10855 seconds (0d 3h 0m 55s)

