#
# There is insufficient memory for the Java Runtime Environment to continue.
# Native memory allocation (malloc) failed to allocate 95456 bytes for Chunk::new
# Possible reasons:
#   The system is out of physical RAM or swap space
#   In 32 bit mode, the process size limit was hit
# Possible solutions:
#   Reduce memory load on the system
#   Increase physical memory or swap space
#   Check if swap backing store is full
#   Use 64 bit Java on a 64 bit OS
#   Decrease Java heap size (-Xmx/-Xms)
#   Decrease number of Java threads
#   Decrease Java thread stack sizes (-Xss)
#   Set larger code cache with -XX:ReservedCodeCacheSize=
# This output file may be truncated or incomplete.
#
#  Out of Memory Error (allocation.cpp:390), pid=3860, tid=2904
#
# JRE version: Java(TM) SE Runtime Environment (8.0_45-b15) (build 1.8.0_45-b15)
# Java VM: Java HotSpot(TM) 64-Bit Server VM (25.45-b02 mixed mode windows-amd64 compressed oops)
# Failed to write core dump. Minidumps are not enabled by default on client versions of Windows
#

---------------  T H R E A D  ---------------

Current thread (0x0000000008b98800):  JavaThread "C2 CompilerThread0" daemon [_thread_in_native, id=2904, stack(0x0000000009170000,0x0000000009270000)]

Stack: [0x0000000009170000,0x0000000009270000]
Native frames: (J=compiled Java code, j=interpreted, Vv=VM code, C=native code)
V  [jvm.dll+0x32b57a]
V  [jvm.dll+0x279873]
V  [jvm.dll+0x27a509]
V  [jvm.dll+0x271825]
V  [jvm.dll+0xcb9e2]
V  [jvm.dll+0xcbeac]
V  [jvm.dll+0x476ef2]
V  [jvm.dll+0x4b955f]
V  [jvm.dll+0x46bf81]
V  [jvm.dll+0x46ccbe]
V  [jvm.dll+0x4500f2]
V  [jvm.dll+0xa4352]
V  [jvm.dll+0xa4c8f]
V  [jvm.dll+0x241984]
V  [jvm.dll+0x29853a]
C  [msvcr100.dll+0x21d9f]
C  [msvcr100.dll+0x21e3b]
C  [KERNEL32.DLL+0x13d2]
C  [ntdll.dll+0x15444]


Current CompileTask:
C2:   4189 1352       4       com.android.dx.cf.code.Ropper::getAvailableLabel (54 bytes)


---------------  P R O C E S S  ---------------

Java Threads: ( => current thread )
  0x0000000008bf5800 JavaThread "Service Thread" daemon [_thread_blocked, id=6480, stack(0x0000000009570000,0x0000000009670000)]
  0x0000000008bf0000 JavaThread "C1 CompilerThread3" daemon [_thread_blocked, id=5412, stack(0x0000000009470000,0x0000000009570000)]
  0x0000000008bed000 JavaThread "C2 CompilerThread2" daemon [_thread_in_native, id=1004, stack(0x0000000009370000,0x0000000009470000)]
  0x0000000008be8800 JavaThread "C2 CompilerThread1" daemon [_thread_in_native, id=3196, stack(0x0000000009270000,0x0000000009370000)]
=>0x0000000008b98800 JavaThread "C2 CompilerThread0" daemon [_thread_in_native, id=2904, stack(0x0000000009170000,0x0000000009270000)]
  0x0000000008b96000 JavaThread "Attach Listener" daemon [_thread_blocked, id=3112, stack(0x0000000009070000,0x0000000009170000)]
  0x0000000008b95800 JavaThread "Signal Dispatcher" daemon [_thread_blocked, id=3900, stack(0x0000000008f70000,0x0000000009070000)]
  0x0000000003088800 JavaThread "Finalizer" daemon [_thread_blocked, id=4620, stack(0x0000000008a70000,0x0000000008b70000)]
  0x0000000003082000 JavaThread "Reference Handler" daemon [_thread_blocked, id=6152, stack(0x0000000008970000,0x0000000008a70000)]
  0x0000000002f90800 JavaThread "main" [_thread_in_Java, id=2676, stack(0x0000000002e50000,0x0000000002f50000)]

Other Threads:
  0x0000000006ba9000 VMThread [stack: 0x0000000008870000,0x0000000008970000] [id=5460]
  0x0000000008bf8800 WatcherThread [stack: 0x0000000009670000,0x0000000009770000] [id=884]

VM state:not at safepoint (normal execution)

VM Mutex/Monitor currently owned by a thread: None

Heap:
 PSYoungGen      total 38400K, used 7380K [0x00000000eab00000, 0x00000000ef600000, 0x0000000100000000)
  eden space 33280K, 6% used [0x00000000eab00000,0x00000000ead3cad0,0x00000000ecb80000)
  from space 5120K, 99% used [0x00000000ecb80000,0x00000000ed078670,0x00000000ed080000)
  to   space 5120K, 0% used [0x00000000ef100000,0x00000000ef100000,0x00000000ef600000)
 ParOldGen       total 87552K, used 1029K [0x00000000c0000000, 0x00000000c5580000, 0x00000000eab00000)
  object space 87552K, 1% used [0x00000000c0000000,0x00000000c0101500,0x00000000c5580000)
 Metaspace       used 5653K, capacity 6960K, committed 7040K, reserved 1056768K
  class space    used 552K, capacity 616K, committed 640K, reserved 1048576K

Card table byte_map: [0x0000000003450000,0x0000000003660000] byte_map_base: 0x0000000002e50000

Marking Bits: (ParMarkBitMap*) 0x00000000580f4040
 Begin Bits: [0x0000000003fc0000, 0x0000000004fc0000)
 End Bits:   [0x0000000004fc0000, 0x0000000005fc0000)

Polling page: 0x0000000002d70000

CodeCache: size=245760Kb used=5758Kb max_used=5776Kb free=240001Kb
 bounds [0x000000000f010000, 0x000000000f5d0000, 0x000000001e010000]
 total_blobs=1623 nmethods=1358 adapters=178
 compilation: enabled

Compilation events (10 events):
Event: 4.166 Thread 0x0000000008bf0000 1351       3       com.android.dx.cf.direct.DirectClassFile::parseToEndIfNecessary (12 bytes)
Event: 4.166 Thread 0x0000000008bf0000 nmethod 1351 0x000000000f582350 code [0x000000000f5824c0, 0x000000000f582688]
Event: 4.167 Thread 0x0000000008b98800 1352       4       com.android.dx.cf.code.Ropper::getAvailableLabel (54 bytes)
Event: 4.167 Thread 0x0000000008bf0000 1353       3       com.android.dx.rop.code.Rop::<init> (15 bytes)
Event: 4.167 Thread 0x0000000008bf0000 nmethod 1353 0x000000000f581f90 code [0x000000000f582100, 0x000000000f5822a8]
Event: 4.169 Thread 0x0000000008bf0000 1354       3       java.util.TreeMap::rotateRight (96 bytes)
Event: 4.169 Thread 0x0000000008bed000 1356       4       com.android.dx.rop.code.ThrowingCstInsn::withNewRegisters (25 bytes)
Event: 4.169 Thread 0x0000000008bf0000 nmethod 1354 0x000000000f5819d0 code [0x000000000f581b40, 0x000000000f581e90]
Event: 4.169 Thread 0x0000000008bf0000 1355       3       java.util.TreeMap::rotateLeft (96 bytes)
Event: 4.170 Thread 0x0000000008bf0000 nmethod 1355 0x000000000f581410 code [0x000000000f581580, 0x000000000f5818d0]

GC Heap History (2 events):
Event: 2.545 GC heap before
{Heap before GC invocations=1 (full 0):
 PSYoungGen      total 38400K, used 33280K [0x00000000eab00000, 0x00000000ed580000, 0x0000000100000000)
  eden space 33280K, 100% used [0x00000000eab00000,0x00000000ecb80000,0x00000000ecb80000)
  from space 5120K, 0% used [0x00000000ed080000,0x00000000ed080000,0x00000000ed580000)
  to   space 5120K, 0% used [0x00000000ecb80000,0x00000000ecb80000,0x00000000ed080000)
 ParOldGen       total 87552K, used 0K [0x00000000c0000000, 0x00000000c5580000, 0x00000000eab00000)
  object space 87552K, 0% used [0x00000000c0000000,0x00000000c0000000,0x00000000c5580000)
 Metaspace       used 5624K, capacity 6896K, committed 7040K, reserved 1056768K
  class space    used 550K, capacity 616K, committed 640K, reserved 1048576K
Event: 3.267 GC heap after
Heap after GC invocations=1 (full 0):
 PSYoungGen      total 38400K, used 5089K [0x00000000eab00000, 0x00000000ef600000, 0x0000000100000000)
  eden space 33280K, 0% used [0x00000000eab00000,0x00000000eab00000,0x00000000ecb80000)
  from space 5120K, 99% used [0x00000000ecb80000,0x00000000ed078670,0x00000000ed080000)
  to   space 5120K, 0% used [0x00000000ef100000,0x00000000ef100000,0x00000000ef600000)
 ParOldGen       total 87552K, used 1029K [0x00000000c0000000, 0x00000000c5580000, 0x00000000eab00000)
  object space 87552K, 1% used [0x00000000c0000000,0x00000000c0101500,0x00000000c5580000)
 Metaspace       used 5624K, capacity 6896K, committed 7040K, reserved 1056768K
  class space    used 550K, capacity 616K, committed 640K, reserved 1048576K
}

Deoptimization events (10 events):
Event: 1.067 Thread 0x0000000002f90800 Uncommon trap: reason=class_check action=maybe_recompile pc=0x000000000f2b45b0 method=com.android.dx.ssa.NormalSsaInsn.accept(Lcom/android/dx/ssa/SsaInsn$Visitor;)V @ 9
Event: 1.176 Thread 0x0000000002f90800 Uncommon trap: reason=unstable_if action=reinterpret pc=0x000000000f264134 method=java.util.BitSet.ensureCapacity(I)V @ 6
Event: 1.195 Thread 0x0000000002f90800 Uncommon trap: reason=null_check action=make_not_entrant pc=0x000000000f302da0 method=com.android.dx.rop.type.Type.equals(Ljava/lang/Object;)Z @ 8
Event: 2.072 Thread 0x0000000002f90800 Uncommon trap: reason=class_check action=maybe_recompile pc=0x000000000f4a5ca4 method=com.android.dx.cf.code.BytecodeArray.parseInstruction(ILcom/android/dx/cf/code/BytecodeArray$Visitor;)I @ 987
Event: 2.072 Thread 0x0000000002f90800 Uncommon trap: reason=class_check action=maybe_recompile pc=0x000000000f4a5ca4 method=com.android.dx.cf.code.BytecodeArray.parseInstruction(ILcom/android/dx/cf/code/BytecodeArray$Visitor;)I @ 987
Event: 2.238 Thread 0x0000000002f90800 Uncommon trap: reason=unstable_if action=reinterpret pc=0x000000000f5067d0 method=com.android.dx.ssa.LiteralOpUpgrader$1.visitNonMoveInsn(Lcom/android/dx/ssa/NormalSsaInsn;)V @ 176
Event: 2.417 Thread 0x0000000002f90800 Uncommon trap: reason=bimorphic action=maybe_recompile pc=0x000000000f4a78b4 method=com.android.dx.cf.code.BytecodeArray.parseInstruction(ILcom/android/dx/cf/code/BytecodeArray$Visitor;)I @ 2135
Event: 2.418 Thread 0x0000000002f90800 Uncommon trap: reason=bimorphic action=maybe_recompile pc=0x000000000f4a78b4 method=com.android.dx.cf.code.BytecodeArray.parseInstruction(ILcom/android/dx/cf/code/BytecodeArray$Visitor;)I @ 2135
Event: 2.420 Thread 0x0000000002f90800 Uncommon trap: reason=bimorphic action=maybe_recompile pc=0x000000000f4a78b4 method=com.android.dx.cf.code.BytecodeArray.parseInstruction(ILcom/android/dx/cf/code/BytecodeArray$Visitor;)I @ 2135
Event: 2.420 Thread 0x0000000002f90800 Uncommon trap: reason=bimorphic action=maybe_recompile pc=0x000000000f4a78b4 method=com.android.dx.cf.code.BytecodeArray.parseInstruction(ILcom/android/dx/cf/code/BytecodeArray$Visitor;)I @ 2135

Internal exceptions (3 events):
Event: 0.064 Thread 0x0000000002f90800 Exception <a 'java/lang/NoSuchMethodError': Method sun.misc.Unsafe.defineClass(Ljava/lang/String;[BII)Ljava/lang/Class; name or signature does not match> (0x00000000eab12d08) thrown at [C:\re\workspace\8-2-build-windows-amd64-cygwin\jdk8u45\3627\hotspot\srå’2w°?
Event: 0.064 Thread 0x0000000002f90800 Exception <a 'java/lang/NoSuchMethodError': Method sun.misc.Unsafe.prefetchRead(Ljava/lang/Object;J)V name or signature does not match> (0x00000000eab12f98) thrown at [C:\re\workspace\8-2-build-windows-amd64-cygwin\jdk8u45\3627\hotspot\src\share\vm\prims\jÂ\Hó?
Event: 1.195 Thread 0x0000000002f90800 Implicit null exception at 0x000000000f302ca2 to 0x000000000f302d92

Events (10 events):
Event: 2.545 Executing VM operation: ParallelGCFailedAllocation
Event: 3.267 Executing VM operation: ParallelGCFailedAllocation done
Event: 3.507 loading class com/android/dx/cf/direct/AnnotationParser
Event: 3.507 loading class com/android/dx/cf/direct/AnnotationParser done
Event: 3.508 loading class com/android/dx/cf/attrib/AttRuntimeInvisibleAnnotations
Event: 3.508 loading class com/android/dx/cf/attrib/AttRuntimeInvisibleAnnotations done
Event: 3.508 loading class com/android/dx/cf/attrib/BaseAnnotations
Event: 3.508 loading class com/android/dx/cf/attrib/BaseAnnotations done
Event: 4.160 Executing VM operation: EnableBiasedLocking
Event: 4.163 Executing VM operation: EnableBiasedLocking done


Dynamic libraries:
0x00007ff6d9ba0000 - 0x00007ff6d9bd7000 	C:\Program Files\Java\jdk1.8.0_45\bin\java.exe
0x00007ff97ca10000 - 0x00007ff97cbbc000 	C:\Windows\SYSTEM32\ntdll.dll
0x00007ff97a980000 - 0x00007ff97aabe000 	C:\Windows\system32\KERNEL32.DLL
0x00007ff979d90000 - 0x00007ff979ea5000 	C:\Windows\system32\KERNELBASE.dll
0x00007ff9786b0000 - 0x00007ff97873e000 	C:\Windows\system32\apphelp.dll
0x00007ff96c300000 - 0x00007ff96c353000 	C:\Windows\AppPatch\AppPatch64\AcGenral.DLL
0x00007ff97a260000 - 0x00007ff97a30a000 	C:\Windows\system32\msvcrt.dll
0x00007ff979940000 - 0x00007ff97996e000 	C:\Windows\SYSTEM32\SspiCli.dll
0x00007ff97c360000 - 0x00007ff97c3b4000 	C:\Windows\system32\SHLWAPI.dll
0x00007ff97c6a0000 - 0x00007ff97c817000 	C:\Windows\system32\USER32.dll
0x00007ff97ab90000 - 0x00007ff97ad24000 	C:\Windows\system32\ole32.dll
0x00007ff97ad90000 - 0x00007ff97c2a8000 	C:\Windows\system32\SHELL32.dll
0x00007ff9790b0000 - 0x00007ff9790d1000 	C:\Windows\SYSTEM32\USERENV.dll
0x00007ff97c2b0000 - 0x00007ff97c35a000 	C:\Windows\system32\ADVAPI32.dll
0x00007ff973bb0000 - 0x00007ff973bce000 	C:\Windows\SYSTEM32\MPR.dll
0x00007ff97a5b0000 - 0x00007ff97a6f1000 	C:\Windows\system32\RPCRT4.dll
0x00007ff97ad30000 - 0x00007ff97ad89000 	C:\Windows\SYSTEM32\sechost.dll
0x00007ff97a700000 - 0x00007ff97a911000 	C:\Windows\SYSTEM32\combase.dll
0x00007ff97c3d0000 - 0x00007ff97c521000 	C:\Windows\system32\GDI32.dll
0x00007ff979b60000 - 0x00007ff979b75000 	C:\Windows\SYSTEM32\profapi.dll
0x00007ff978060000 - 0x00007ff978112000 	C:\Windows\SYSTEM32\SHCORE.dll
0x00007ff97c890000 - 0x00007ff97c8c6000 	C:\Windows\system32\IMM32.DLL
0x00007ff97c540000 - 0x00007ff97c692000 	C:\Windows\system32\MSCTF.dll
0x00007ff979b10000 - 0x00007ff979b41000 	C:\Windows\system32\nvinitx.dll
0x00007ff979b00000 - 0x00007ff979b0a000 	C:\Windows\SYSTEM32\VERSION.dll
0x000000000f000000 - 0x000000000f006000 	C:\Program Files\NVIDIA Corporation\CoProcManager\_etoured.dll
0x00007ff977ae0000 - 0x00007ff977b11000 	C:\Program Files\NVIDIA Corporation\CoProcManager\nvd3d9wrapx.dll
0x00007ff97a310000 - 0x00007ff97a4ea000 	C:\Windows\system32\SETUPAPI.dll
0x00007ff979c30000 - 0x00007ff979c7f000 	C:\Windows\system32\CFGMGR32.dll
0x00007ff9783f0000 - 0x00007ff978412000 	C:\Program Files\NVIDIA Corporation\CoProcManager\nvdxgiwrapx.dll
0x00007ff977be0000 - 0x00007ff977e5b000 	C:\Windows\WinSxS\amd64_microsoft.windows.common-controls_6595b64144ccf1df_6.0.9600.17784_none_624760d1ecb7236e\COMCTL32.dll
0x0000000057390000 - 0x0000000057462000 	C:\Program Files\Java\jdk1.8.0_45\jre\bin\msvcr100.dll
0x00000000578f0000 - 0x0000000058173000 	C:\Program Files\Java\jdk1.8.0_45\jre\bin\server\jvm.dll
0x00007ff970c00000 - 0x00007ff970c09000 	C:\Windows\SYSTEM32\WSOCK32.dll
0x00007ff977580000 - 0x00007ff9775a2000 	C:\Windows\SYSTEM32\WINMM.dll
0x00007ff97c3c0000 - 0x00007ff97c3c7000 	C:\Windows\system32\PSAPI.DLL
0x00007ff97c8d0000 - 0x00007ff97c92a000 	C:\Windows\system32\WS2_32.dll
0x00007ff977320000 - 0x00007ff97734a000 	C:\Windows\SYSTEM32\WINMMBASE.dll
0x00007ff97c530000 - 0x00007ff97c539000 	C:\Windows\system32\NSI.dll
0x00007ff978900000 - 0x00007ff978928000 	C:\Windows\SYSTEM32\DEVOBJ.dll
0x0000000057800000 - 0x000000005780f000 	C:\Program Files\Java\jdk1.8.0_45\jre\bin\verify.dll
0x00000000577d0000 - 0x00000000577f9000 	C:\Program Files\Java\jdk1.8.0_45\jre\bin\java.dll
0x00000000577b0000 - 0x00000000577c6000 	C:\Program Files\Java\jdk1.8.0_45\jre\bin\zip.dll
0x00007ff974010000 - 0x00007ff974199000 	C:\Windows\SYSTEM32\dbghelp.dll

VM Arguments:
jvm_args: -Xmx1024M -Dfile.encoding=windows-1251 -Duser.country=US -Duser.language=en -Duser.variant 
java_command: com.android.dx.command.Main --dex --output D:\AndroidNanodegree\SpotifyStreamer\app\build\intermediates\pre-dexed\debug\okio-1.4.0-f66e93c93f764efa883e5526f63f37fe8c964d55.jar C:\Users\Georgi\.gradle\caches\modules-2\files-2.1\com.squareup.okio\okio\1.4.0\5b72bf48563ea8410e650de14aa33ff69a3e8c35\okio-1.4.0.jar
java_class_path (initial): D:\android-sdk\build-tools\22.0.1\lib\dx.jar
Launcher Type: SUN_STANDARD

Environment Variables:
PATH=C:\ProgramData\Oracle\Java\javapath;C:\Windows\system32;C:\Windows;C:\Windows\System32\Wbem;C:\Windows\System32\WindowsPowerShell\v1.0\;C:\Program Files\Intel\WiFi\bin\;C:\Program Files\Common Files\Intel\WirelessCommon\;C:\Program Files (x86)\NVIDIA Corporation\PhysX\Common;D:\android-sdk\platform-tools;D:\android-sdk\tools;C:\Program Files (x86)\Skype\Phone\;C:\Program Files\Intel\WiFi\bin\;C:\Program Files\Common Files\Intel\WirelessCommon\
USERNAME=Georgi
OS=Windows_NT
PROCESSOR_IDENTIFIER=Intel64 Family 6 Model 58 Stepping 9, GenuineIntel



---------------  S Y S T E M  ---------------

OS: Windows 8.1 , 64 bit Build 9600 (6.3.9600.17415)

CPU:total 8 (4 cores per cpu, 2 threads per core) family 6 model 58 stepping 9, cmov, cx8, fxsr, mmx, sse, sse2, sse3, ssse3, sse4.1, sse4.2, popcnt, avx, aes, clmul, erms, ht, tsc, tscinvbit, tscinv

Memory: 4k page, physical 8271456k(1326232k free), swap 9320032k(5156k free)

vm_info: Java HotSpot(TM) 64-Bit Server VM (25.45-b02) for windows-amd64 JRE (1.8.0_45-b15), built on Apr 30 2015 12:40:44 by "java_re" with MS VC++ 10.0 (VS2010)

time: Sat Jun 06 00:41:29 2015
elapsed time: 4 seconds (0d 0h 0m 4s)

