#
# There is insufficient memory for the Java Runtime Environment to continue.
# Native memory allocation (malloc) failed to allocate 68656 bytes for Chunk::new
# Possible reasons:
#   The system is out of physical RAM or swap space
#   In 32 bit mode, the process size limit was hit
# Possible solutions:
#   Reduce memory load on the system
#   Increase physical memory or swap space
#   Check if swap backing store is full
#   Use 64 bit Java on a 64 bit OS
#   Decrease Java heap size (-Xmx/-Xms)
#   Decrease number of Java threads
#   Decrease Java thread stack sizes (-Xss)
#   Set larger code cache with -XX:ReservedCodeCacheSize=
# This output file may be truncated or incomplete.
#
#  Out of Memory Error (allocation.cpp:390), pid=6528, tid=8056
#
# JRE version: Java(TM) SE Runtime Environment (8.0_45-b15) (build 1.8.0_45-b15)
# Java VM: Java HotSpot(TM) 64-Bit Server VM (25.45-b02 mixed mode windows-amd64 compressed oops)
# Failed to write core dump. Minidumps are not enabled by default on client versions of Windows
#

---------------  T H R E A D  ---------------

Current thread (0x00000000089c8000):  JavaThread "C2 CompilerThread0" daemon [_thread_in_native, id=8056, stack(0x0000000008f80000,0x0000000009080000)]

Stack: [0x0000000008f80000,0x0000000009080000]
Native frames: (J=compiled Java code, j=interpreted, Vv=VM code, C=native code)
V  [jvm.dll+0x32b57a]


Current CompileTask:
C2:   7977 1305       4       com.android.dx.ssa.SsaBasicBlock::forEachPhiInsn (54 bytes)


---------------  P R O C E S S  ---------------

Java Threads: ( => current thread )
  0x0000000008a39800 JavaThread "Service Thread" daemon [_thread_blocked, id=5116, stack(0x0000000009380000,0x0000000009480000)]
  0x0000000008a31800 JavaThread "C1 CompilerThread3" daemon [_thread_blocked, id=7360, stack(0x0000000009280000,0x0000000009380000)]
  0x0000000008a23000 JavaThread "C2 CompilerThread2" daemon [_thread_blocked, id=5824, stack(0x0000000009180000,0x0000000009280000)]
  0x00000000089ec000 JavaThread "C2 CompilerThread1" daemon [_thread_blocked, id=2676, stack(0x0000000009080000,0x0000000009180000)]
=>0x00000000089c8000 JavaThread "C2 CompilerThread0" daemon [_thread_in_native, id=8056, stack(0x0000000008f80000,0x0000000009080000)]
  0x00000000089d8000 JavaThread "Attach Listener" daemon [_thread_blocked, id=4188, stack(0x0000000008e80000,0x0000000008f80000)]
  0x00000000089d6800 JavaThread "Signal Dispatcher" daemon [_thread_blocked, id=3084, stack(0x0000000008d80000,0x0000000008e80000)]
  0x000000000695d000 JavaThread "Finalizer" daemon [_thread_blocked, id=7940, stack(0x0000000008860000,0x0000000008960000)]
  0x000000000695c000 JavaThread "Reference Handler" daemon [_thread_blocked, id=7052, stack(0x0000000008760000,0x0000000008860000)]
  0x0000000002d00800 JavaThread "main" [_thread_in_Java, id=3384, stack(0x0000000002be0000,0x0000000002ce0000)]

Other Threads:
  0x0000000006959000 VMThread [stack: 0x0000000008660000,0x0000000008760000] [id=4564]
  0x0000000008a3a800 WatcherThread [stack: 0x0000000009480000,0x0000000009580000] [id=5356]

VM state:not at safepoint (normal execution)

VM Mutex/Monitor currently owned by a thread: None

Heap:
 PSYoungGen      total 38400K, used 25354K [0x00000000eab00000, 0x00000000ed580000, 0x0000000100000000)
  eden space 33280K, 76% used [0x00000000eab00000,0x00000000ec3c28b8,0x00000000ecb80000)
  from space 5120K, 0% used [0x00000000ed080000,0x00000000ed080000,0x00000000ed580000)
  to   space 5120K, 0% used [0x00000000ecb80000,0x00000000ecb80000,0x00000000ed080000)
 ParOldGen       total 87552K, used 0K [0x00000000c0000000, 0x00000000c5580000, 0x00000000eab00000)
  object space 87552K, 0% used [0x00000000c0000000,0x00000000c0000000,0x00000000c5580000)
 Metaspace       used 5676K, capacity 6960K, committed 7040K, reserved 1056768K
  class space    used 552K, capacity 616K, committed 640K, reserved 1048576K

Card table byte_map: [0x00000000031e0000,0x00000000033f0000] byte_map_base: 0x0000000002be0000

Marking Bits: (ParMarkBitMap*) 0x00000000580f4040
 Begin Bits: [0x0000000003d50000, 0x0000000004d50000)
 End Bits:   [0x0000000004d50000, 0x0000000005d50000)

Polling page: 0x0000000001070000

CodeCache: size=245760Kb used=5492Kb max_used=5501Kb free=240267Kb
 bounds [0x000000000f010000, 0x000000000f580000, 0x000000001e010000]
 total_blobs=1567 nmethods=1302 adapters=178
 compilation: enabled

Compilation events (10 events):
Event: 7.627 Thread 0x0000000008a31800 1302       3       com.android.dx.dex.cf.AttributeTranslator::getAnnotations0 (62 bytes)
Event: 7.629 Thread 0x0000000008a31800 nmethod 1302 0x000000000f563b90 code [0x000000000f563de0, 0x000000000f564c58]
Event: 7.629 Thread 0x0000000008a31800 1303       3       com.android.dx.dex.cf.AttributeTranslator::getSignature (26 bytes)
Event: 7.629 Thread 0x0000000008a31800 nmethod 1303 0x000000000f565290 code [0x000000000f565420, 0x000000000f5657d8]
Event: 7.629 Thread 0x0000000008a31800 1300       1       com.android.dx.rop.annotation.NameValuePair::getValue (5 bytes)
Event: 7.629 Thread 0x0000000008a31800 nmethod 1300 0x000000000f5547d0 code [0x000000000f554920, 0x000000000f554a30]
Event: 7.931 Thread 0x0000000008a23000 nmethod 1284 0x000000000f5698d0 code [0x000000000f569e20, 0x000000000f56ced0]
Event: 7.957 Thread 0x0000000008a31800 1304       3       com.android.dx.cf.code.RopperMachine::updateReturnOp (115 bytes)
Event: 7.959 Thread 0x0000000008a31800 nmethod 1304 0x000000000f567bd0 code [0x000000000f567e60, 0x000000000f569098]
Event: 7.967 Thread 0x00000000089c8000 1305       4       com.android.dx.ssa.SsaBasicBlock::forEachPhiInsn (54 bytes)

GC Heap History (0 events):
No events

Deoptimization events (10 events):
Event: 5.697 Thread 0x0000000002d00800 Uncommon trap: reason=unstable_if action=reinterpret pc=0x000000000f48892c method=com.android.dx.rop.code.RegisterSpec.equals(ILcom/android/dx/rop/type/TypeBearer;Lcom/android/dx/rop/code/LocalItem;)Z @ 16
Event: 5.697 Thread 0x0000000002d00800 Uncommon trap: reason=unstable_if action=reinterpret pc=0x000000000f4857c0 method=com.android.dx.rop.code.RegisterSpec.equals(ILcom/android/dx/rop/type/TypeBearer;Lcom/android/dx/rop/code/LocalItem;)Z @ 16
Event: 6.048 Thread 0x0000000002d00800 Uncommon trap: reason=unstable_if action=reinterpret pc=0x000000000f4248ac method=com.android.dx.rop.code.RegisterSpecSet.put(Lcom/android/dx/rop/code/RegisterSpec;)V @ 77
Event: 6.048 Thread 0x0000000002d00800 Uncommon trap: reason=unstable_if action=reinterpret pc=0x000000000f486c6c method=com.android.dx.rop.code.RegisterSpecSet.put(Lcom/android/dx/rop/code/RegisterSpec;)V @ 77
Event: 6.485 Thread 0x0000000002d00800 Uncommon trap: reason=class_check action=maybe_recompile pc=0x000000000f4b1ae0 method=com.android.dx.rop.type.Type.equals(Ljava/lang/Object;)Z @ 8
Event: 6.485 Thread 0x0000000002d00800 Uncommon trap: reason=class_check action=maybe_recompile pc=0x000000000f4b1ae0 method=com.android.dx.rop.type.Type.equals(Ljava/lang/Object;)Z @ 8
Event: 6.495 Thread 0x0000000002d00800 Uncommon trap: reason=class_check action=maybe_recompile pc=0x000000000f4b1ae0 method=com.android.dx.rop.type.Type.equals(Ljava/lang/Object;)Z @ 8
Event: 6.495 Thread 0x0000000002d00800 Uncommon trap: reason=class_check action=maybe_recompile pc=0x000000000f4b1ae0 method=com.android.dx.rop.type.Type.equals(Ljava/lang/Object;)Z @ 8
Event: 6.497 Thread 0x0000000002d00800 Uncommon trap: reason=class_check action=maybe_recompile pc=0x000000000f527db8 method=com.android.dx.rop.type.Type.equals(Ljava/lang/Object;)Z @ 8
Event: 6.723 Thread 0x0000000002d00800 Uncommon trap: reason=null_check action=make_not_entrant pc=0x000000000f38030c method=com.android.dx.ssa.SsaRenamer.getLocalForNewReg(I)Lcom/android/dx/rop/code/LocalItem; @ 19

Internal exceptions (4 events):
Event: 0.100 Thread 0x0000000002d00800 Exception <a 'java/lang/NoSuchMethodError': Method sun.misc.Unsafe.defineClass(Ljava/lang/String;[BII)Ljava/lang/Class; name or signature does not match> (0x00000000eab12f10) thrown at [C:\re\workspace\8-2-build-windows-amd64-cygwin\jdk8u45\3627\hotspot\sröA€Qéπ?
Event: 0.100 Thread 0x0000000002d00800 Exception <a 'java/lang/NoSuchMethodError': Method sun.misc.Unsafe.prefetchRead(Ljava/lang/Object;J)V name or signature does not match> (0x00000000eab131a0) thrown at [C:\re\workspace\8-2-build-windows-amd64-cygwin\jdk8u45\3627\hotspot\src\share\vm\prims\j∆X√3@
Event: 3.884 Thread 0x0000000002d00800 Implicit null exception at 0x000000000f39bf42 to 0x000000000f39e201
Event: 6.723 Thread 0x0000000002d00800 Implicit null exception at 0x000000000f37e1b1 to 0x000000000f3802ed

Events (10 events):
Event: 6.495 Thread 0x0000000002d00800 DEOPT UNPACKING pc=0x000000000f05582a sp=0x0000000002cde188 mode 2
Event: 6.495 Thread 0x0000000002d00800 Uncommon trap: trap_request=0xffffffde fr.pc=0x000000000f4b1ae0
Event: 6.495 Thread 0x0000000002d00800 DEOPT PACKING pc=0x000000000f4b1ae0 sp=0x0000000002cde1b0
Event: 6.495 Thread 0x0000000002d00800 DEOPT UNPACKING pc=0x000000000f05582a sp=0x0000000002cde148 mode 2
Event: 6.497 Thread 0x0000000002d00800 Uncommon trap: trap_request=0xffffffde fr.pc=0x000000000f527db8
Event: 6.497 Thread 0x0000000002d00800 DEOPT PACKING pc=0x000000000f527db8 sp=0x0000000002cde580
Event: 6.497 Thread 0x0000000002d00800 DEOPT UNPACKING pc=0x000000000f05582a sp=0x0000000002cde360 mode 2
Event: 6.723 Thread 0x0000000002d00800 Uncommon trap: trap_request=0xfffffff4 fr.pc=0x000000000f38030c
Event: 6.723 Thread 0x0000000002d00800 DEOPT PACKING pc=0x000000000f38030c sp=0x0000000002cde530
Event: 6.723 Thread 0x0000000002d00800 DEOPT UNPACKING pc=0x000000000f05582a sp=0x0000000002cde3f8 mode 2


Dynamic libraries:
0x00007ff6d9ba0000 - 0x00007ff6d9bd7000 	C:\Program Files\Java\jdk1.8.0_45\bin\java.exe
0x00007ff97ca10000 - 0x00007ff97cbbc000 	C:\Windows\SYSTEM32\ntdll.dll
0x00007ff97a980000 - 0x00007ff97aabe000 	C:\Windows\system32\KERNEL32.DLL
0x00007ff979d90000 - 0x00007ff979ea5000 	C:\Windows\system32\KERNELBASE.dll
0x00007ff9786b0000 - 0x00007ff97873e000 	C:\Windows\system32\apphelp.dll
0x00007ff96c300000 - 0x00007ff96c353000 	C:\Windows\AppPatch\AppPatch64\AcGenral.DLL
0x00007ff97a260000 - 0x00007ff97a30a000 	C:\Windows\system32\msvcrt.dll
0x00007ff979940000 - 0x00007ff97996e000 	C:\Windows\SYSTEM32\SspiCli.dll
0x00007ff97c360000 - 0x00007ff97c3b4000 	C:\Windows\system32\SHLWAPI.dll
0x00007ff97c6a0000 - 0x00007ff97c817000 	C:\Windows\system32\USER32.dll
0x00007ff97ab90000 - 0x00007ff97ad24000 	C:\Windows\system32\ole32.dll
0x00007ff97ad90000 - 0x00007ff97c2a8000 	C:\Windows\system32\SHELL32.dll
0x00007ff9790b0000 - 0x00007ff9790d1000 	C:\Windows\SYSTEM32\USERENV.dll
0x00007ff97c2b0000 - 0x00007ff97c35a000 	C:\Windows\system32\ADVAPI32.dll
0x00007ff973bb0000 - 0x00007ff973bce000 	C:\Windows\SYSTEM32\MPR.dll
0x00007ff97a5b0000 - 0x00007ff97a6f1000 	C:\Windows\system32\RPCRT4.dll
0x00007ff97ad30000 - 0x00007ff97ad89000 	C:\Windows\SYSTEM32\sechost.dll
0x00007ff97a700000 - 0x00007ff97a911000 	C:\Windows\SYSTEM32\combase.dll
0x00007ff97c3d0000 - 0x00007ff97c521000 	C:\Windows\system32\GDI32.dll
0x00007ff979b60000 - 0x00007ff979b75000 	C:\Windows\SYSTEM32\profapi.dll
0x00007ff978060000 - 0x00007ff978112000 	C:\Windows\SYSTEM32\SHCORE.dll
0x00007ff97c890000 - 0x00007ff97c8c6000 	C:\Windows\system32\IMM32.DLL
0x00007ff97c540000 - 0x00007ff97c692000 	C:\Windows\system32\MSCTF.dll
0x00007ff979b10000 - 0x00007ff979b41000 	C:\Windows\system32\nvinitx.dll
0x00007ff979b00000 - 0x00007ff979b0a000 	C:\Windows\SYSTEM32\VERSION.dll
0x000000000f000000 - 0x000000000f006000 	C:\Program Files\NVIDIA Corporation\CoProcManager\_etoured.dll
0x00007ff977ae0000 - 0x00007ff977b11000 	C:\Program Files\NVIDIA Corporation\CoProcManager\nvd3d9wrapx.dll
0x00007ff97a310000 - 0x00007ff97a4ea000 	C:\Windows\system32\SETUPAPI.dll
0x00007ff979c30000 - 0x00007ff979c7f000 	C:\Windows\system32\CFGMGR32.dll
0x00007ff9783f0000 - 0x00007ff978412000 	C:\Program Files\NVIDIA Corporation\CoProcManager\nvdxgiwrapx.dll
0x00007ff977be0000 - 0x00007ff977e5b000 	C:\Windows\WinSxS\amd64_microsoft.windows.common-controls_6595b64144ccf1df_6.0.9600.17784_none_624760d1ecb7236e\COMCTL32.dll
0x0000000057390000 - 0x0000000057462000 	C:\Program Files\Java\jdk1.8.0_45\jre\bin\msvcr100.dll
0x00000000578f0000 - 0x0000000058173000 	C:\Program Files\Java\jdk1.8.0_45\jre\bin\server\jvm.dll
0x00007ff970c00000 - 0x00007ff970c09000 	C:\Windows\SYSTEM32\WSOCK32.dll
0x00007ff977580000 - 0x00007ff9775a2000 	C:\Windows\SYSTEM32\WINMM.dll
0x00007ff97c3c0000 - 0x00007ff97c3c7000 	C:\Windows\system32\PSAPI.DLL
0x00007ff97c8d0000 - 0x00007ff97c92a000 	C:\Windows\system32\WS2_32.dll
0x00007ff977320000 - 0x00007ff97734a000 	C:\Windows\SYSTEM32\WINMMBASE.dll
0x00007ff97c530000 - 0x00007ff97c539000 	C:\Windows\system32\NSI.dll
0x00007ff978900000 - 0x00007ff978928000 	C:\Windows\SYSTEM32\DEVOBJ.dll
0x0000000057800000 - 0x000000005780f000 	C:\Program Files\Java\jdk1.8.0_45\jre\bin\verify.dll
0x00000000577d0000 - 0x00000000577f9000 	C:\Program Files\Java\jdk1.8.0_45\jre\bin\java.dll
0x00000000577b0000 - 0x00000000577c6000 	C:\Program Files\Java\jdk1.8.0_45\jre\bin\zip.dll

VM Arguments:
jvm_args: -Xmx1024M -Dfile.encoding=windows-1251 -Duser.country=US -Duser.language=en -Duser.variant 
java_command: com.android.dx.command.Main --dex --output D:\AndroidNanodegree\SpotifyStreamer\app\build\intermediates\pre-dexed\debug\classes-e62ac8e1197fde19a876a9eff80b04abbf98fa9c.jar D:\AndroidNanodegree\SpotifyStreamer\app\build\intermediates\exploded-aar\com.android.support\support-v4\22.2.0\jars\classes.jar
java_class_path (initial): D:\android-sdk\build-tools\22.0.1\lib\dx.jar
Launcher Type: SUN_STANDARD

Environment Variables:
PATH=C:\ProgramData\Oracle\Java\javapath;C:\Windows\system32;C:\Windows;C:\Windows\System32\Wbem;C:\Windows\System32\WindowsPowerShell\v1.0\;C:\Program Files\Intel\WiFi\bin\;C:\Program Files\Common Files\Intel\WirelessCommon\;C:\Program Files (x86)\NVIDIA Corporation\PhysX\Common;D:\android-sdk\platform-tools;D:\android-sdk\tools;C:\Program Files (x86)\Skype\Phone\;C:\Program Files\Intel\WiFi\bin\;C:\Program Files\Common Files\Intel\WirelessCommon\
USERNAME=Georgi
OS=Windows_NT
PROCESSOR_IDENTIFIER=Intel64 Family 6 Model 58 Stepping 9, GenuineIntel



---------------  S Y S T E M  ---------------

OS: Windows 8.1 , 64 bit Build 9600 (6.3.9600.17415)

CPU:total 8 (4 cores per cpu, 2 threads per core) family 6 model 58 stepping 9, cmov, cx8, fxsr, mmx, sse, sse2, sse3, ssse3, sse4.1, sse4.2, popcnt, avx, aes, clmul, erms, ht, tsc, tscinvbit, tscinv

Memory: 4k page, physical 8271456k(1447676k free), swap 9320032k(5028k free)

vm_info: Java HotSpot(TM) 64-Bit Server VM (25.45-b02) for windows-amd64 JRE (1.8.0_45-b15), built on Apr 30 2015 12:40:44 by "java_re" with MS VC++ 10.0 (VS2010)

time: Sat Jun 06 00:40:41 2015
elapsed time: 7 seconds (0d 0h 0m 7s)

