#
# There is insufficient memory for the Java Runtime Environment to continue.
# Native memory allocation (malloc) failed to allocate 1600576 bytes for Chunk::new
# Possible reasons:
#   The system is out of physical RAM or swap space
#   In 32 bit mode, the process size limit was hit
# Possible solutions:
#   Reduce memory load on the system
#   Increase physical memory or swap space
#   Check if swap backing store is full
#   Use 64 bit Java on a 64 bit OS
#   Decrease Java heap size (-Xmx/-Xms)
#   Decrease number of Java threads
#   Decrease Java thread stack sizes (-Xss)
#   Set larger code cache with -XX:ReservedCodeCacheSize=
# This output file may be truncated or incomplete.
#
#  Out of Memory Error (allocation.cpp:390), pid=5640, tid=2220
#
# JRE version: Java(TM) SE Runtime Environment (8.0_45-b15) (build 1.8.0_45-b15)
# Java VM: Java HotSpot(TM) 64-Bit Server VM (25.45-b02 mixed mode windows-amd64 compressed oops)
# Failed to write core dump. Minidumps are not enabled by default on client versions of Windows
#

---------------  T H R E A D  ---------------

Current thread (0x0000000008ad8800):  JavaThread "C2 CompilerThread0" daemon [_thread_in_native, id=2220, stack(0x00000000090b0000,0x00000000091b0000)]

Stack: [0x00000000090b0000,0x00000000091b0000]
Native frames: (J=compiled Java code, j=interpreted, Vv=VM code, C=native code)
V  [jvm.dll+0x32b57a]
V  [jvm.dll+0x279873]
V  [jvm.dll+0x27a509]
V  [jvm.dll+0x271825]
V  [jvm.dll+0xcb9e2]
V  [jvm.dll+0xcbeac]
V  [jvm.dll+0x476ef2]
V  [jvm.dll+0x4b955f]
V  [jvm.dll+0x46bf81]
V  [jvm.dll+0x46ccbe]
V  [jvm.dll+0x4500f2]
V  [jvm.dll+0xa4352]
V  [jvm.dll+0xa4c8f]
V  [jvm.dll+0x241984]
V  [jvm.dll+0x29853a]
C  [msvcr100.dll+0x21d9f]
C  [msvcr100.dll+0x21e3b]
C  [KERNEL32.DLL+0x13d2]
C  [ntdll.dll+0x15444]


Current CompileTask:
C2:   4229 1378   !   4       com.android.dx.cf.cst.ConstantPoolParser::parse0 (731 bytes)


---------------  P R O C E S S  ---------------

Java Threads: ( => current thread )
  0x0000000008ae9800 JavaThread "Service Thread" daemon [_thread_blocked, id=1028, stack(0x00000000094b0000,0x00000000095b0000)]
  0x0000000008ae3800 JavaThread "C1 CompilerThread3" daemon [_thread_in_native, id=7460, stack(0x00000000093b0000,0x00000000094b0000)]
  0x0000000008ade800 JavaThread "C2 CompilerThread2" daemon [_thread_in_native, id=7724, stack(0x00000000092b0000,0x00000000093b0000)]
  0x0000000008adb000 JavaThread "C2 CompilerThread1" daemon [_thread_in_native, id=5224, stack(0x00000000091b0000,0x00000000092b0000)]
=>0x0000000008ad8800 JavaThread "C2 CompilerThread0" daemon [_thread_in_native, id=2220, stack(0x00000000090b0000,0x00000000091b0000)]
  0x0000000008ad6000 JavaThread "Attach Listener" daemon [_thread_blocked, id=7748, stack(0x0000000008fb0000,0x00000000090b0000)]
  0x0000000008ad5800 JavaThread "Signal Dispatcher" daemon [_thread_blocked, id=8116, stack(0x0000000008eb0000,0x0000000008fb0000)]
  0x0000000002ec9000 JavaThread "Finalizer" daemon [_thread_blocked, id=6928, stack(0x00000000089b0000,0x0000000008ab0000)]
  0x0000000002ec2000 JavaThread "Reference Handler" daemon [_thread_blocked, id=8000, stack(0x00000000088b0000,0x00000000089b0000)]
  0x0000000002dd0800 JavaThread "main" [_thread_in_Java, id=2228, stack(0x0000000002c80000,0x0000000002d80000)]

Other Threads:
  0x0000000006ac9000 VMThread [stack: 0x00000000087b0000,0x00000000088b0000] [id=3412]
  0x0000000008aea800 WatcherThread [stack: 0x00000000095b0000,0x00000000096b0000] [id=4892]

VM state:not at safepoint (normal execution)

VM Mutex/Monitor currently owned by a thread: None

Heap:
 PSYoungGen      total 38400K, used 7387K [0x00000000eab00000, 0x00000000ed580000, 0x0000000100000000)
  eden space 33280K, 6% used [0x00000000eab00000,0x00000000ead3c4a8,0x00000000ecb80000)
  from space 5120K, 99% used [0x00000000ecb80000,0x00000000ed07aab8,0x00000000ed080000)
  to   space 5120K, 0% used [0x00000000ed080000,0x00000000ed080000,0x00000000ed580000)
 ParOldGen       total 87552K, used 1732K [0x00000000c0000000, 0x00000000c5580000, 0x00000000eab00000)
  object space 87552K, 1% used [0x00000000c0000000,0x00000000c01b1010,0x00000000c5580000)
 Metaspace       used 5780K, capacity 7024K, committed 7296K, reserved 1056768K
  class space    used 553K, capacity 616K, committed 640K, reserved 1048576K

Card table byte_map: [0x0000000003370000,0x0000000003580000] byte_map_base: 0x0000000002d70000

Marking Bits: (ParMarkBitMap*) 0x00000000580f4040
 Begin Bits: [0x0000000003ee0000, 0x0000000004ee0000)
 End Bits:   [0x0000000004ee0000, 0x0000000005ee0000)

Polling page: 0x0000000000fc0000

CodeCache: size=245760Kb used=6086Kb max_used=6086Kb free=239673Kb
 bounds [0x000000000f010000, 0x000000000f610000, 0x000000001e010000]
 total_blobs=1678 nmethods=1413 adapters=178
 compilation: enabled

Compilation events (10 events):
Event: 4.207 Thread 0x0000000008adb000 nmethod 1383 0x000000000f5ba590 code [0x000000000f5ba700, 0x000000000f5bad98]
Event: 4.207 Thread 0x0000000008adb000 1386       4       com.android.dx.ssa.MoveParamCombiner$1::visitNonMoveInsn (213 bytes)
Event: 4.207 Thread 0x0000000008ae3800 nmethod 1390 0x000000000f5b9f10 code [0x000000000f5ba060, 0x000000000f5ba190]
Event: 4.207 Thread 0x0000000008ae3800 1392   !   3       java.lang.ref.ReferenceQueue::enqueue (119 bytes)
Event: 4.207 Thread 0x0000000008ae3800 nmethod 1392 0x000000000f5bbd10 code [0x000000000f5bbea0, 0x000000000f5bc608]
Event: 4.207 Thread 0x0000000008ae3800 1393       3       sun.misc.VM::addFinalRefCount (24 bytes)
Event: 4.208 Thread 0x0000000008ae3800 nmethod 1393 0x000000000f5bec90 code [0x000000000f5bede0, 0x000000000f5bef90]
Event: 4.209 Thread 0x0000000008adb000 nmethod 1386 0x000000000f5e7790 code [0x000000000f5e78e0, 0x000000000f5e7a78]
Event: 4.209 Thread 0x0000000008adb000 1388       4       com.android.dx.ssa.LiteralOpUpgrader$1::visitNonMoveInsn (203 bytes)
Event: 4.210 Thread 0x0000000008ae3800 1394   !   3       java.util.zip.ZipFile$ZipFileInflaterInputStream::close (67 bytes)

GC Heap History (2 events):
Event: 3.333 GC heap before
{Heap before GC invocations=1 (full 0):
 PSYoungGen      total 38400K, used 33280K [0x00000000eab00000, 0x00000000ed580000, 0x0000000100000000)
  eden space 33280K, 100% used [0x00000000eab00000,0x00000000ecb80000,0x00000000ecb80000)
  from space 5120K, 0% used [0x00000000ed080000,0x00000000ed080000,0x00000000ed580000)
  to   space 5120K, 0% used [0x00000000ecb80000,0x00000000ecb80000,0x00000000ed080000)
 ParOldGen       total 87552K, used 0K [0x00000000c0000000, 0x00000000c5580000, 0x00000000eab00000)
  object space 87552K, 0% used [0x00000000c0000000,0x00000000c0000000,0x00000000c5580000)
 Metaspace       used 5742K, capacity 6960K, committed 7040K, reserved 1056768K
  class space    used 553K, capacity 616K, committed 640K, reserved 1048576K
Event: 4.196 GC heap after
Heap after GC invocations=1 (full 0):
 PSYoungGen      total 38400K, used 5098K [0x00000000eab00000, 0x00000000ed580000, 0x0000000100000000)
  eden space 33280K, 0% used [0x00000000eab00000,0x00000000eab00000,0x00000000ecb80000)
  from space 5120K, 99% used [0x00000000ecb80000,0x00000000ed07aab8,0x00000000ed080000)
  to   space 5120K, 0% used [0x00000000ed080000,0x00000000ed080000,0x00000000ed580000)
 ParOldGen       total 87552K, used 1732K [0x00000000c0000000, 0x00000000c5580000, 0x00000000eab00000)
  object space 87552K, 1% used [0x00000000c0000000,0x00000000c01b1010,0x00000000c5580000)
 Metaspace       used 5742K, capacity 6960K, committed 7040K, reserved 1056768K
  class space    used 553K, capacity 616K, committed 640K, reserved 1048576K
}

Deoptimization events (10 events):
Event: 2.110 Thread 0x0000000002dd0800 Uncommon trap: reason=unstable_if action=reinterpret pc=0x000000000f43e7ec method=com.android.dx.rop.code.RegisterSpecSet.put(Lcom/android/dx/rop/code/RegisterSpec;)V @ 77
Event: 2.110 Thread 0x0000000002dd0800 Uncommon trap: reason=unstable_if action=reinterpret pc=0x000000000f477160 method=com.android.dx.rop.code.RegisterSpecSet.put(Lcom/android/dx/rop/code/RegisterSpec;)V @ 77
Event: 2.633 Thread 0x0000000002dd0800 Uncommon trap: reason=class_check action=maybe_recompile pc=0x000000000f4d23a0 method=com.android.dx.rop.type.Type.equals(Ljava/lang/Object;)Z @ 8
Event: 2.633 Thread 0x0000000002dd0800 Uncommon trap: reason=class_check action=maybe_recompile pc=0x000000000f4d23a0 method=com.android.dx.rop.type.Type.equals(Ljava/lang/Object;)Z @ 8
Event: 2.634 Thread 0x0000000002dd0800 Uncommon trap: reason=class_check action=maybe_recompile pc=0x000000000f4d23a0 method=com.android.dx.rop.type.Type.equals(Ljava/lang/Object;)Z @ 8
Event: 2.634 Thread 0x0000000002dd0800 Uncommon trap: reason=class_check action=maybe_recompile pc=0x000000000f4d23a0 method=com.android.dx.rop.type.Type.equals(Ljava/lang/Object;)Z @ 8
Event: 2.635 Thread 0x0000000002dd0800 Uncommon trap: reason=class_check action=maybe_recompile pc=0x000000000f505778 method=com.android.dx.rop.type.Type.equals(Ljava/lang/Object;)Z @ 8
Event: 2.757 Thread 0x0000000002dd0800 Uncommon trap: reason=null_check action=make_not_entrant pc=0x000000000f3f9e04 method=com.android.dx.ssa.SsaRenamer.getLocalForNewReg(I)Lcom/android/dx/rop/code/LocalItem; @ 19
Event: 3.126 Thread 0x0000000002dd0800 Uncommon trap: reason=unstable_if action=reinterpret pc=0x000000000f59ad94 method=com.android.dx.util.LabeledList.set(ILcom/android/dx/util/LabeledItem;)V @ 16
Event: 3.126 Thread 0x0000000002dd0800 Uncommon trap: reason=unstable_if action=reinterpret pc=0x000000000f567c14 method=com.android.dx.util.LabeledList.set(ILcom/android/dx/util/LabeledItem;)V @ 16

Internal exceptions (4 events):
Event: 0.070 Thread 0x0000000002dd0800 Exception <a 'java/lang/NoSuchMethodError': Method sun.misc.Unsafe.defineClass(Ljava/lang/String;[BII)Ljava/lang/Class; name or signature does not match> (0x00000000eab12f10) thrown at [C:\re\workspace\8-2-build-windows-amd64-cygwin\jdk8u45\3627\hotspot\srÌÔÏyù	≤?
Event: 0.070 Thread 0x0000000002dd0800 Exception <a 'java/lang/NoSuchMethodError': Method sun.misc.Unsafe.prefetchRead(Ljava/lang/Object;J)V name or signature does not match> (0x00000000eab131a0) thrown at [C:\re\workspace\8-2-build-windows-amd64-cygwin\jdk8u45\3627\hotspot\src\share\vm\prims\jSæ·mû˙?
Event: 1.664 Thread 0x0000000002dd0800 Implicit null exception at 0x000000000f3e5142 to 0x000000000f3e7409
Event: 2.757 Thread 0x0000000002dd0800 Implicit null exception at 0x000000000f3f893b to 0x000000000f3f9dd1

Events (10 events):
Event: 3.126 Thread 0x0000000002dd0800 Uncommon trap: trap_request=0xffffff65 fr.pc=0x000000000f59ad94
Event: 3.126 Thread 0x0000000002dd0800 DEOPT PACKING pc=0x000000000f59ad94 sp=0x0000000002d7e770
Event: 3.126 Thread 0x0000000002dd0800 DEOPT UNPACKING pc=0x000000000f05582a sp=0x0000000002d7e708 mode 2
Event: 3.126 Thread 0x0000000002dd0800 Uncommon trap: trap_request=0xffffff65 fr.pc=0x000000000f567c14
Event: 3.126 Thread 0x0000000002dd0800 DEOPT PACKING pc=0x000000000f567c14 sp=0x0000000002d7e700
Event: 3.126 Thread 0x0000000002dd0800 DEOPT UNPACKING pc=0x000000000f05582a sp=0x0000000002d7e700 mode 2
Event: 3.212 loading class com/android/dx/cf/attrib/AttDeprecated
Event: 3.212 loading class com/android/dx/cf/attrib/AttDeprecated done
Event: 3.333 Executing VM operation: ParallelGCFailedAllocation
Event: 4.196 Executing VM operation: ParallelGCFailedAllocation done


Dynamic libraries:
0x00007ff6d9ba0000 - 0x00007ff6d9bd7000 	C:\Program Files\Java\jdk1.8.0_45\bin\java.exe
0x00007ff97ca10000 - 0x00007ff97cbbc000 	C:\Windows\SYSTEM32\ntdll.dll
0x00007ff97a980000 - 0x00007ff97aabe000 	C:\Windows\system32\KERNEL32.DLL
0x00007ff979d90000 - 0x00007ff979ea5000 	C:\Windows\system32\KERNELBASE.dll
0x00007ff9786b0000 - 0x00007ff97873e000 	C:\Windows\system32\apphelp.dll
0x00007ff96c300000 - 0x00007ff96c353000 	C:\Windows\AppPatch\AppPatch64\AcGenral.DLL
0x00007ff97a260000 - 0x00007ff97a30a000 	C:\Windows\system32\msvcrt.dll
0x00007ff979940000 - 0x00007ff97996e000 	C:\Windows\SYSTEM32\SspiCli.dll
0x00007ff97c360000 - 0x00007ff97c3b4000 	C:\Windows\system32\SHLWAPI.dll
0x00007ff97c6a0000 - 0x00007ff97c817000 	C:\Windows\system32\USER32.dll
0x00007ff97ab90000 - 0x00007ff97ad24000 	C:\Windows\system32\ole32.dll
0x00007ff97ad90000 - 0x00007ff97c2a8000 	C:\Windows\system32\SHELL32.dll
0x00007ff9790b0000 - 0x00007ff9790d1000 	C:\Windows\SYSTEM32\USERENV.dll
0x00007ff97c2b0000 - 0x00007ff97c35a000 	C:\Windows\system32\ADVAPI32.dll
0x00007ff973bb0000 - 0x00007ff973bce000 	C:\Windows\SYSTEM32\MPR.dll
0x00007ff97a5b0000 - 0x00007ff97a6f1000 	C:\Windows\system32\RPCRT4.dll
0x00007ff97ad30000 - 0x00007ff97ad89000 	C:\Windows\SYSTEM32\sechost.dll
0x00007ff97a700000 - 0x00007ff97a911000 	C:\Windows\SYSTEM32\combase.dll
0x00007ff97c3d0000 - 0x00007ff97c521000 	C:\Windows\system32\GDI32.dll
0x00007ff979b60000 - 0x00007ff979b75000 	C:\Windows\SYSTEM32\profapi.dll
0x00007ff978060000 - 0x00007ff978112000 	C:\Windows\SYSTEM32\SHCORE.dll
0x00007ff97c890000 - 0x00007ff97c8c6000 	C:\Windows\system32\IMM32.DLL
0x00007ff97c540000 - 0x00007ff97c692000 	C:\Windows\system32\MSCTF.dll
0x00007ff979b10000 - 0x00007ff979b41000 	C:\Windows\system32\nvinitx.dll
0x00007ff979b00000 - 0x00007ff979b0a000 	C:\Windows\SYSTEM32\VERSION.dll
0x000000000f000000 - 0x000000000f006000 	C:\Program Files\NVIDIA Corporation\CoProcManager\_etoured.dll
0x00007ff977ae0000 - 0x00007ff977b11000 	C:\Program Files\NVIDIA Corporation\CoProcManager\nvd3d9wrapx.dll
0x00007ff97a310000 - 0x00007ff97a4ea000 	C:\Windows\system32\SETUPAPI.dll
0x00007ff979c30000 - 0x00007ff979c7f000 	C:\Windows\system32\CFGMGR32.dll
0x00007ff9783f0000 - 0x00007ff978412000 	C:\Program Files\NVIDIA Corporation\CoProcManager\nvdxgiwrapx.dll
0x00007ff977be0000 - 0x00007ff977e5b000 	C:\Windows\WinSxS\amd64_microsoft.windows.common-controls_6595b64144ccf1df_6.0.9600.17784_none_624760d1ecb7236e\COMCTL32.dll
0x0000000057390000 - 0x0000000057462000 	C:\Program Files\Java\jdk1.8.0_45\jre\bin\msvcr100.dll
0x00000000578f0000 - 0x0000000058173000 	C:\Program Files\Java\jdk1.8.0_45\jre\bin\server\jvm.dll
0x00007ff970c00000 - 0x00007ff970c09000 	C:\Windows\SYSTEM32\WSOCK32.dll
0x00007ff977580000 - 0x00007ff9775a2000 	C:\Windows\SYSTEM32\WINMM.dll
0x00007ff97c3c0000 - 0x00007ff97c3c7000 	C:\Windows\system32\PSAPI.DLL
0x00007ff97c8d0000 - 0x00007ff97c92a000 	C:\Windows\system32\WS2_32.dll
0x00007ff977320000 - 0x00007ff97734a000 	C:\Windows\SYSTEM32\WINMMBASE.dll
0x00007ff97c530000 - 0x00007ff97c539000 	C:\Windows\system32\NSI.dll
0x00007ff978900000 - 0x00007ff978928000 	C:\Windows\SYSTEM32\DEVOBJ.dll
0x0000000057800000 - 0x000000005780f000 	C:\Program Files\Java\jdk1.8.0_45\jre\bin\verify.dll
0x00000000577d0000 - 0x00000000577f9000 	C:\Program Files\Java\jdk1.8.0_45\jre\bin\java.dll
0x00000000577b0000 - 0x00000000577c6000 	C:\Program Files\Java\jdk1.8.0_45\jre\bin\zip.dll
0x00007ff974010000 - 0x00007ff974199000 	C:\Windows\SYSTEM32\dbghelp.dll

VM Arguments:
jvm_args: -Xmx1024M -Dfile.encoding=windows-1251 -Duser.country=US -Duser.language=en -Duser.variant 
java_command: com.android.dx.command.Main --dex --output D:\AndroidNanodegree\SpotifyStreamer\app\build\intermediates\pre-dexed\debug\classes-e62ac8e1197fde19a876a9eff80b04abbf98fa9c.jar D:\AndroidNanodegree\SpotifyStreamer\app\build\intermediates\exploded-aar\com.android.support\support-v4\22.2.0\jars\classes.jar
java_class_path (initial): D:\android-sdk\build-tools\22.0.1\lib\dx.jar
Launcher Type: SUN_STANDARD

Environment Variables:
PATH=C:\ProgramData\Oracle\Java\javapath;C:\Windows\system32;C:\Windows;C:\Windows\System32\Wbem;C:\Windows\System32\WindowsPowerShell\v1.0\;C:\Program Files\Intel\WiFi\bin\;C:\Program Files\Common Files\Intel\WirelessCommon\;C:\Program Files (x86)\NVIDIA Corporation\PhysX\Common;D:\android-sdk\platform-tools;D:\android-sdk\tools;C:\Program Files (x86)\Skype\Phone\;C:\Program Files\Intel\WiFi\bin\;C:\Program Files\Common Files\Intel\WirelessCommon\
USERNAME=Georgi
OS=Windows_NT
PROCESSOR_IDENTIFIER=Intel64 Family 6 Model 58 Stepping 9, GenuineIntel



---------------  S Y S T E M  ---------------

OS: Windows 8.1 , 64 bit Build 9600 (6.3.9600.17415)

CPU:total 8 (4 cores per cpu, 2 threads per core) family 6 model 58 stepping 9, cmov, cx8, fxsr, mmx, sse, sse2, sse3, ssse3, sse4.1, sse4.2, popcnt, avx, aes, clmul, erms, ht, tsc, tscinvbit, tscinv

Memory: 4k page, physical 8271456k(1318084k free), swap 9320032k(5024k free)

vm_info: Java HotSpot(TM) 64-Bit Server VM (25.45-b02) for windows-amd64 JRE (1.8.0_45-b15), built on Apr 30 2015 12:40:44 by "java_re" with MS VC++ 10.0 (VS2010)

time: Sat Jun 06 00:41:29 2015
elapsed time: 4 seconds (0d 0h 0m 4s)

