#
# There is insufficient memory for the Java Runtime Environment to continue.
# Native memory allocation (malloc) failed to allocate 742336 bytes for Chunk::new
# Possible reasons:
#   The system is out of physical RAM or swap space
#   In 32 bit mode, the process size limit was hit
# Possible solutions:
#   Reduce memory load on the system
#   Increase physical memory or swap space
#   Check if swap backing store is full
#   Use 64 bit Java on a 64 bit OS
#   Decrease Java heap size (-Xmx/-Xms)
#   Decrease number of Java threads
#   Decrease Java thread stack sizes (-Xss)
#   Set larger code cache with -XX:ReservedCodeCacheSize=
# This output file may be truncated or incomplete.
#
#  Out of Memory Error (allocation.cpp:390), pid=7936, tid=6412
#
# JRE version: Java(TM) SE Runtime Environment (8.0_45-b15) (build 1.8.0_45-b15)
# Java VM: Java HotSpot(TM) 64-Bit Server VM (25.45-b02 mixed mode windows-amd64 compressed oops)
# Failed to write core dump. Minidumps are not enabled by default on client versions of Windows
#

---------------  T H R E A D  ---------------

Current thread (0x00000000081e9000):  JavaThread "C2 CompilerThread2" daemon [_thread_in_native, id=6412, stack(0x00000000089c0000,0x0000000008ac0000)]

Stack: [0x00000000089c0000,0x0000000008ac0000]
Native frames: (J=compiled Java code, j=interpreted, Vv=VM code, C=native code)
V  [jvm.dll+0x32b57a]


Current CompileTask:
C2:   4153 1501       4       com.android.dx.ssa.SCCP::simulatePhi (169 bytes)


---------------  P R O C E S S  ---------------

Java Threads: ( => current thread )
  0x0000000008281800 JavaThread "Service Thread" daemon [_thread_blocked, id=8160, stack(0x0000000008bc0000,0x0000000008cc0000)]
  0x00000000081ec000 JavaThread "C1 CompilerThread3" daemon [_thread_blocked, id=7824, stack(0x0000000008ac0000,0x0000000008bc0000)]
=>0x00000000081e9000 JavaThread "C2 CompilerThread2" daemon [_thread_in_native, id=6412, stack(0x00000000089c0000,0x0000000008ac0000)]
  0x00000000081e6800 JavaThread "C2 CompilerThread1" daemon [_thread_in_native, id=540, stack(0x00000000088c0000,0x00000000089c0000)]
  0x00000000081f4000 JavaThread "C2 CompilerThread0" daemon [_thread_blocked, id=7076, stack(0x00000000087c0000,0x00000000088c0000)]
  0x00000000081f3000 JavaThread "Attach Listener" daemon [_thread_blocked, id=3680, stack(0x00000000086c0000,0x00000000087c0000)]
  0x00000000081f1800 JavaThread "Signal Dispatcher" daemon [_thread_blocked, id=708, stack(0x00000000085c0000,0x00000000086c0000)]
  0x000000000268a000 JavaThread "Finalizer" daemon [_thread_blocked, id=6532, stack(0x00000000080c0000,0x00000000081c0000)]
  0x00000000061ad000 JavaThread "Reference Handler" daemon [_thread_blocked, id=6368, stack(0x0000000007fc0000,0x00000000080c0000)]
  0x0000000002590800 JavaThread "main" [_thread_blocked, id=4188, stack(0x00000000023e0000,0x00000000024e0000)]

Other Threads:
  0x00000000061a8800 VMThread [stack: 0x0000000007ec0000,0x0000000007fc0000] [id=1340]
  0x0000000008282000 WatcherThread [stack: 0x0000000008cc0000,0x0000000008dc0000] [id=2000]

VM state:at safepoint (normal execution)

VM Mutex/Monitor currently owned by a thread:  ([mutex/lock_event])
[0x000000000257c500] Threads_lock - owner thread: 0x00000000061a8800
[0x000000000257bb80] Heap_lock - owner thread: 0x0000000002590800

Heap:
 PSYoungGen      total 38400K, used 38378K [0x00000000eab00000, 0x00000000ef600000, 0x0000000100000000)
  eden space 33280K, 100% used [0x00000000eab00000,0x00000000ecb80000,0x00000000ecb80000)
  from space 5120K, 99% used [0x00000000ecb80000,0x00000000ed07aab8,0x00000000ed080000)
  to   space 5120K, 72% used [0x00000000ef100000,0x00000000ef49b540,0x00000000ef600000)
 ParOldGen       total 87552K, used 1939K [0x00000000c0000000, 0x00000000c5580000, 0x00000000eab00000)
  object space 87552K, 2% used [0x00000000c0000000,0x00000000c01e4d70,0x00000000c5580000)
 Metaspace       used 5781K, capacity 7024K, committed 7296K, reserved 1056768K
  class space    used 552K, capacity 616K, committed 640K, reserved 1048576K

Card table byte_map: [0x0000000002a50000,0x0000000002c60000] byte_map_base: 0x0000000002450000

Marking Bits: (ParMarkBitMap*) 0x00000000580f4040
 Begin Bits: [0x00000000035c0000, 0x00000000045c0000)
 End Bits:   [0x00000000045c0000, 0x00000000055c0000)

Polling page: 0x0000000000890000

CodeCache: size=245760Kb used=6554Kb max_used=6573Kb free=239205Kb
 bounds [0x000000000f010000, 0x000000000f690000, 0x000000001e010000]
 total_blobs=1779 nmethods=1514 adapters=178
 compilation: enabled

Compilation events (10 events):
Event: 4.135 Thread 0x00000000081ec000 1526       3       com.android.dx.ssa.InterferenceRegisterMapper::areAnyPinned (81 bytes)
Event: 4.135 Thread 0x00000000081f4000 nmethod 1471 0x000000000f66c190 code [0x000000000f66c300, 0x000000000f66cc38]
Event: 4.135 Thread 0x00000000081f4000 1525       4       com.android.dx.rop.code.RegisterSpecList::set (7 bytes)
Event: 4.136 Thread 0x00000000081ec000 nmethod 1526 0x000000000f660e10 code [0x000000000f661000, 0x000000000f661c58]
Event: 4.136 Thread 0x00000000081f4000 nmethod 1525 0x000000000f660a50 code [0x000000000f660ba0, 0x000000000f660cb8]
Event: 4.136 Thread 0x00000000081f4000 1460       4       com.android.dx.util.BitIntSet$1::hasNext (13 bytes)
Event: 4.137 Thread 0x00000000081f4000 nmethod 1460 0x000000000f5588d0 code [0x000000000f558a00, 0x000000000f558a78]
Event: 4.137 Thread 0x00000000081f4000 1509       4       com.android.dx.ssa.back.FirstFitLocalCombiningAllocator::getParameterIndexForReg (55 bytes)
Event: 4.141 Thread 0x00000000081f4000 nmethod 1509 0x000000000f66d5d0 code [0x000000000f66d740, 0x000000000f66da28]
Event: 4.141 Thread 0x00000000081f4000 1527       4       com.android.dx.ssa.InterferenceRegisterMapper::interferes (78 bytes)

GC Heap History (3 events):
Event: 3.247 GC heap before
{Heap before GC invocations=1 (full 0):
 PSYoungGen      total 38400K, used 33280K [0x00000000eab00000, 0x00000000ed580000, 0x0000000100000000)
  eden space 33280K, 100% used [0x00000000eab00000,0x00000000ecb80000,0x00000000ecb80000)
  from space 5120K, 0% used [0x00000000ed080000,0x00000000ed080000,0x00000000ed580000)
  to   space 5120K, 0% used [0x00000000ecb80000,0x00000000ecb80000,0x00000000ed080000)
 ParOldGen       total 87552K, used 0K [0x00000000c0000000, 0x00000000c5580000, 0x00000000eab00000)
  object space 87552K, 0% used [0x00000000c0000000,0x00000000c0000000,0x00000000c5580000)
 Metaspace       used 5723K, capacity 6960K, committed 7040K, reserved 1056768K
  class space    used 552K, capacity 616K, committed 640K, reserved 1048576K
Event: 3.514 GC heap after
Heap after GC invocations=1 (full 0):
 PSYoungGen      total 38400K, used 5098K [0x00000000eab00000, 0x00000000ef600000, 0x0000000100000000)
  eden space 33280K, 0% used [0x00000000eab00000,0x00000000eab00000,0x00000000ecb80000)
  from space 5120K, 99% used [0x00000000ecb80000,0x00000000ed07aab8,0x00000000ed080000)
  to   space 5120K, 0% used [0x00000000ef100000,0x00000000ef100000,0x00000000ef600000)
 ParOldGen       total 87552K, used 1931K [0x00000000c0000000, 0x00000000c5580000, 0x00000000eab00000)
  object space 87552K, 2% used [0x00000000c0000000,0x00000000c01e2d70,0x00000000c5580000)
 Metaspace       used 5723K, capacity 6960K, committed 7040K, reserved 1056768K
  class space    used 552K, capacity 616K, committed 640K, reserved 1048576K
}
Event: 4.142 GC heap before
{Heap before GC invocations=2 (full 0):
 PSYoungGen      total 38400K, used 38378K [0x00000000eab00000, 0x00000000ef600000, 0x0000000100000000)
  eden space 33280K, 100% used [0x00000000eab00000,0x00000000ecb80000,0x00000000ecb80000)
  from space 5120K, 99% used [0x00000000ecb80000,0x00000000ed07aab8,0x00000000ed080000)
  to   space 5120K, 0% used [0x00000000ef100000,0x00000000ef100000,0x00000000ef600000)
 ParOldGen       total 87552K, used 1931K [0x00000000c0000000, 0x00000000c5580000, 0x00000000eab00000)
  object space 87552K, 2% used [0x00000000c0000000,0x00000000c01e2d70,0x00000000c5580000)
 Metaspace       used 5781K, capacity 7024K, committed 7296K, reserved 1056768K
  class space    used 552K, capacity 616K, committed 640K, reserved 1048576K

Deoptimization events (10 events):
Event: 2.963 Thread 0x0000000002590800 Uncommon trap: reason=unstable_if action=reinterpret pc=0x000000000f52fbf4 method=com.android.dx.ssa.SCCP.simulateStmt(Lcom/android/dx/ssa/SsaInsn;)V @ 59
Event: 2.969 Thread 0x0000000002590800 Uncommon trap: reason=unloaded action=reinterpret pc=0x000000000f535268 method=com.android.dx.cf.cst.ConstantPoolParser.parse0(ILjava/util/BitSet;)Lcom/android/dx/rop/cst/Constant; @ 198
Event: 2.975 Thread 0x0000000002590800 Uncommon trap: reason=unstable_if action=reinterpret pc=0x000000000f43d65c method=com.android.dx.rop.cst.Constant.compareTo(Lcom/android/dx/rop/cst/Constant;)I @ 12
Event: 3.614 Thread 0x0000000002590800 Uncommon trap: reason=null_check action=make_not_entrant pc=0x000000000f52b8a0 method=com.android.dx.rop.type.Type.equals(Ljava/lang/Object;)Z @ 8
Event: 3.670 Thread 0x0000000002590800 Uncommon trap: reason=bimorphic action=maybe_recompile pc=0x000000000f5af910 method=com.android.dx.cf.code.BytecodeArray.parseInstruction(ILcom/android/dx/cf/code/BytecodeArray$Visitor;)I @ 1161
Event: 3.670 Thread 0x0000000002590800 Uncommon trap: reason=bimorphic action=maybe_recompile pc=0x000000000f5af910 method=com.android.dx.cf.code.BytecodeArray.parseInstruction(ILcom/android/dx/cf/code/BytecodeArray$Visitor;)I @ 1161
Event: 3.719 Thread 0x0000000002590800 Uncommon trap: reason=bimorphic action=maybe_recompile pc=0x000000000f5aeb70 method=com.android.dx.cf.code.BytecodeArray.parseInstruction(ILcom/android/dx/cf/code/BytecodeArray$Visitor;)I @ 1501
Event: 3.719 Thread 0x0000000002590800 Uncommon trap: reason=bimorphic action=maybe_recompile pc=0x000000000f5aeb70 method=com.android.dx.cf.code.BytecodeArray.parseInstruction(ILcom/android/dx/cf/code/BytecodeArray$Visitor;)I @ 1501
Event: 3.744 Thread 0x0000000002590800 Uncommon trap: reason=unstable_if action=reinterpret pc=0x000000000f39d4dc method=com.android.dx.rop.code.RegisterSpec.equals(ILcom/android/dx/rop/type/TypeBearer;Lcom/android/dx/rop/code/LocalItem;)Z @ 42
Event: 3.818 Thread 0x0000000002590800 Uncommon trap: reason=unstable_if action=reinterpret pc=0x000000000f63c0f0 method=com.android.dx.rop.code.RegisterSpec.equals(ILcom/android/dx/rop/type/TypeBearer;Lcom/android/dx/rop/code/LocalItem;)Z @ 42

Internal exceptions (3 events):
Event: 0.028 Thread 0x0000000002590800 Exception <a 'java/lang/NoSuchMethodError': Method sun.misc.Unsafe.defineClass(Ljava/lang/String;[BII)Ljava/lang/Class; name or signature does not match> (0x00000000eab12f10) thrown at [C:\re\workspace\8-2-build-windows-amd64-cygwin\jdk8u45\3627\hotspot\sr›I œ*‚œ?
Event: 0.028 Thread 0x0000000002590800 Exception <a 'java/lang/NoSuchMethodError': Method sun.misc.Unsafe.prefetchRead(Ljava/lang/Object;J)V name or signature does not match> (0x00000000eab131a0) thrown at [C:\re\workspace\8-2-build-windows-amd64-cygwin\jdk8u45\3627\hotspot\src\share\vm\prims\j—‚›Ñšè@
Event: 3.614 Thread 0x0000000002590800 Implicit null exception at 0x000000000f52b7a2 to 0x000000000f52b892

Events (10 events):
Event: 3.719 Thread 0x0000000002590800 DEOPT UNPACKING pc=0x000000000f05582a sp=0x00000000024de670 mode 2
Event: 3.744 Thread 0x0000000002590800 Uncommon trap: trap_request=0xffffff65 fr.pc=0x000000000f39d4dc
Event: 3.744 Thread 0x0000000002590800 DEOPT PACKING pc=0x000000000f39d4dc sp=0x00000000024de990
Event: 3.744 Thread 0x0000000002590800 DEOPT UNPACKING pc=0x000000000f05582a sp=0x00000000024de918 mode 2
Event: 3.818 Thread 0x0000000002590800 Uncommon trap: trap_request=0xffffff65 fr.pc=0x000000000f63c0f0
Event: 3.818 Thread 0x0000000002590800 DEOPT PACKING pc=0x000000000f63c0f0 sp=0x00000000024deaa0
Event: 3.818 Thread 0x0000000002590800 DEOPT UNPACKING pc=0x000000000f05582a sp=0x00000000024de998 mode 2
Event: 4.122 Executing VM operation: EnableBiasedLocking
Event: 4.135 Executing VM operation: EnableBiasedLocking done
Event: 4.141 Executing VM operation: ParallelGCFailedAllocation


Dynamic libraries:
0x00007ff6d9ba0000 - 0x00007ff6d9bd7000 	C:\Program Files\Java\jdk1.8.0_45\bin\java.exe
0x00007ff97ca10000 - 0x00007ff97cbbc000 	C:\Windows\SYSTEM32\ntdll.dll
0x00007ff97a980000 - 0x00007ff97aabe000 	C:\Windows\system32\KERNEL32.DLL
0x00007ff979d90000 - 0x00007ff979ea5000 	C:\Windows\system32\KERNELBASE.dll
0x00007ff9786b0000 - 0x00007ff97873e000 	C:\Windows\system32\apphelp.dll
0x00007ff96c300000 - 0x00007ff96c353000 	C:\Windows\AppPatch\AppPatch64\AcGenral.DLL
0x00007ff97a260000 - 0x00007ff97a30a000 	C:\Windows\system32\msvcrt.dll
0x00007ff979940000 - 0x00007ff97996e000 	C:\Windows\SYSTEM32\SspiCli.dll
0x00007ff97c360000 - 0x00007ff97c3b4000 	C:\Windows\system32\SHLWAPI.dll
0x00007ff97c6a0000 - 0x00007ff97c817000 	C:\Windows\system32\USER32.dll
0x00007ff97ab90000 - 0x00007ff97ad24000 	C:\Windows\system32\ole32.dll
0x00007ff97ad90000 - 0x00007ff97c2a8000 	C:\Windows\system32\SHELL32.dll
0x00007ff9790b0000 - 0x00007ff9790d1000 	C:\Windows\SYSTEM32\USERENV.dll
0x00007ff97c2b0000 - 0x00007ff97c35a000 	C:\Windows\system32\ADVAPI32.dll
0x00007ff973bb0000 - 0x00007ff973bce000 	C:\Windows\SYSTEM32\MPR.dll
0x00007ff97a5b0000 - 0x00007ff97a6f1000 	C:\Windows\system32\RPCRT4.dll
0x00007ff97ad30000 - 0x00007ff97ad89000 	C:\Windows\SYSTEM32\sechost.dll
0x00007ff97a700000 - 0x00007ff97a911000 	C:\Windows\SYSTEM32\combase.dll
0x00007ff97c3d0000 - 0x00007ff97c521000 	C:\Windows\system32\GDI32.dll
0x00007ff979b60000 - 0x00007ff979b75000 	C:\Windows\SYSTEM32\profapi.dll
0x00007ff978060000 - 0x00007ff978112000 	C:\Windows\SYSTEM32\SHCORE.dll
0x00007ff97c890000 - 0x00007ff97c8c6000 	C:\Windows\system32\IMM32.DLL
0x00007ff97c540000 - 0x00007ff97c692000 	C:\Windows\system32\MSCTF.dll
0x00007ff979b10000 - 0x00007ff979b41000 	C:\Windows\system32\nvinitx.dll
0x00007ff979b00000 - 0x00007ff979b0a000 	C:\Windows\SYSTEM32\VERSION.dll
0x000000000f000000 - 0x000000000f006000 	C:\Program Files\NVIDIA Corporation\CoProcManager\_etoured.dll
0x00007ff977ae0000 - 0x00007ff977b11000 	C:\Program Files\NVIDIA Corporation\CoProcManager\nvd3d9wrapx.dll
0x00007ff97a310000 - 0x00007ff97a4ea000 	C:\Windows\system32\SETUPAPI.dll
0x00007ff979c30000 - 0x00007ff979c7f000 	C:\Windows\system32\CFGMGR32.dll
0x00007ff9783f0000 - 0x00007ff978412000 	C:\Program Files\NVIDIA Corporation\CoProcManager\nvdxgiwrapx.dll
0x00007ff977be0000 - 0x00007ff977e5b000 	C:\Windows\WinSxS\amd64_microsoft.windows.common-controls_6595b64144ccf1df_6.0.9600.17784_none_624760d1ecb7236e\COMCTL32.dll
0x0000000057390000 - 0x0000000057462000 	C:\Program Files\Java\jdk1.8.0_45\jre\bin\msvcr100.dll
0x00000000578f0000 - 0x0000000058173000 	C:\Program Files\Java\jdk1.8.0_45\jre\bin\server\jvm.dll
0x00007ff970c00000 - 0x00007ff970c09000 	C:\Windows\SYSTEM32\WSOCK32.dll
0x00007ff977580000 - 0x00007ff9775a2000 	C:\Windows\SYSTEM32\WINMM.dll
0x00007ff97c3c0000 - 0x00007ff97c3c7000 	C:\Windows\system32\PSAPI.DLL
0x00007ff97c8d0000 - 0x00007ff97c92a000 	C:\Windows\system32\WS2_32.dll
0x00007ff977320000 - 0x00007ff97734a000 	C:\Windows\SYSTEM32\WINMMBASE.dll
0x00007ff97c530000 - 0x00007ff97c539000 	C:\Windows\system32\NSI.dll
0x00007ff978900000 - 0x00007ff978928000 	C:\Windows\SYSTEM32\DEVOBJ.dll
0x0000000057800000 - 0x000000005780f000 	C:\Program Files\Java\jdk1.8.0_45\jre\bin\verify.dll
0x00000000577d0000 - 0x00000000577f9000 	C:\Program Files\Java\jdk1.8.0_45\jre\bin\java.dll
0x00000000577b0000 - 0x00000000577c6000 	C:\Program Files\Java\jdk1.8.0_45\jre\bin\zip.dll
0x00007ff974010000 - 0x00007ff974199000 	C:\Windows\SYSTEM32\dbghelp.dll

VM Arguments:
jvm_args: -Xmx1024M -Dfile.encoding=windows-1251 -Duser.country=US -Duser.language=en -Duser.variant 
java_command: com.android.dx.command.Main --dex --output D:\AndroidNanodegree\SpotifyStreamer\app\build\intermediates\pre-dexed\debug\jacocoagent-693eee01aea10f0de927bfa01151e39a15210044.jar D:\AndroidNanodegree\SpotifyStreamer\app\build\intermediates\exploded-aar\SpotifyStreamer\spotify-webapi\0.1.0\jars\libs\jacocoagent.jar
java_class_path (initial): D:\android-sdk\build-tools\22.0.1\lib\dx.jar
Launcher Type: SUN_STANDARD

Environment Variables:
PATH=C:\ProgramData\Oracle\Java\javapath;C:\Windows\system32;C:\Windows;C:\Windows\System32\Wbem;C:\Windows\System32\WindowsPowerShell\v1.0\;C:\Program Files\Intel\WiFi\bin\;C:\Program Files\Common Files\Intel\WirelessCommon\;C:\Program Files (x86)\NVIDIA Corporation\PhysX\Common;D:\android-sdk\platform-tools;D:\android-sdk\tools;C:\Program Files (x86)\Skype\Phone\;C:\Program Files\Intel\WiFi\bin\;C:\Program Files\Common Files\Intel\WirelessCommon\
USERNAME=Georgi
OS=Windows_NT
PROCESSOR_IDENTIFIER=Intel64 Family 6 Model 58 Stepping 9, GenuineIntel



---------------  S Y S T E M  ---------------

OS: Windows 8.1 , 64 bit Build 9600 (6.3.9600.17415)

CPU:total 8 (4 cores per cpu, 2 threads per core) family 6 model 58 stepping 9, cmov, cx8, fxsr, mmx, sse, sse2, sse3, ssse3, sse4.1, sse4.2, popcnt, avx, aes, clmul, erms, ht, tsc, tscinvbit, tscinv

Memory: 4k page, physical 8271456k(1333516k free), swap 9320032k(5008k free)

vm_info: Java HotSpot(TM) 64-Bit Server VM (25.45-b02) for windows-amd64 JRE (1.8.0_45-b15), built on Apr 30 2015 12:40:44 by "java_re" with MS VC++ 10.0 (VS2010)

time: Sat Jun 06 00:41:29 2015
elapsed time: 4 seconds (0d 0h 0m 4s)

