#
# There is insufficient memory for the Java Runtime Environment to continue.
# Native memory allocation (malloc) failed to allocate 931056 bytes for Chunk::new
# Possible reasons:
#   The system is out of physical RAM or swap space
#   In 32 bit mode, the process size limit was hit
# Possible solutions:
#   Reduce memory load on the system
#   Increase physical memory or swap space
#   Check if swap backing store is full
#   Use 64 bit Java on a 64 bit OS
#   Decrease Java heap size (-Xmx/-Xms)
#   Decrease number of Java threads
#   Decrease Java thread stack sizes (-Xss)
#   Set larger code cache with -XX:ReservedCodeCacheSize=
# This output file may be truncated or incomplete.
#
#  Out of Memory Error (allocation.cpp:390), pid=5492, tid=7536
#
# JRE version: Java(TM) SE Runtime Environment (8.0_45-b15) (build 1.8.0_45-b15)
# Java VM: Java HotSpot(TM) 64-Bit Server VM (25.45-b02 mixed mode windows-amd64 compressed oops)
# Failed to write core dump. Minidumps are not enabled by default on client versions of Windows
#

---------------  T H R E A D  ---------------

Current thread (0x000000000853d800):  JavaThread "C2 CompilerThread1" daemon [_thread_in_native, id=7536, stack(0x0000000008c10000,0x0000000008d10000)]

Stack: [0x0000000008c10000,0x0000000008d10000]
Native frames: (J=compiled Java code, j=interpreted, Vv=VM code, C=native code)
V  [jvm.dll+0x32b57a]
V  [jvm.dll+0x279873]
V  [jvm.dll+0x27a509]
V  [jvm.dll+0x271825]
V  [jvm.dll+0xcb9e2]
V  [jvm.dll+0xcbeac]
V  [jvm.dll+0x49298c]
V  [jvm.dll+0x45f6ff]
V  [jvm.dll+0x46a73b]
V  [jvm.dll+0x46cd52]
V  [jvm.dll+0x4500f2]
V  [jvm.dll+0xa4352]
V  [jvm.dll+0xa4c8f]
V  [jvm.dll+0x241984]
V  [jvm.dll+0x29853a]
C  [msvcr100.dll+0x21d9f]
C  [msvcr100.dll+0x21e3b]
C  [KERNEL32.DLL+0x13d2]
C  [ntdll.dll+0x15444]


Current CompileTask:
C2:   7940 1476   !   4       com.android.dx.cf.code.RopperMachine::run (1550 bytes)


---------------  P R O C E S S  ---------------

Java Threads: ( => current thread )
  0x00000000085da800 JavaThread "Service Thread" daemon [_thread_blocked, id=5068, stack(0x0000000008f10000,0x0000000009010000)]
  0x0000000008579800 JavaThread "C1 CompilerThread3" daemon [_thread_blocked, id=4732, stack(0x0000000008e10000,0x0000000008f10000)]
  0x000000000855b000 JavaThread "C2 CompilerThread2" daemon [_thread_in_native, id=7092, stack(0x0000000008d10000,0x0000000008e10000)]
=>0x000000000853d800 JavaThread "C2 CompilerThread1" daemon [_thread_in_native, id=7536, stack(0x0000000008c10000,0x0000000008d10000)]
  0x0000000008538800 JavaThread "C2 CompilerThread0" daemon [_thread_blocked, id=7372, stack(0x0000000008b10000,0x0000000008c10000)]
  0x0000000008536800 JavaThread "Attach Listener" daemon [_thread_blocked, id=5100, stack(0x0000000008a10000,0x0000000008b10000)]
  0x0000000008535800 JavaThread "Signal Dispatcher" daemon [_thread_blocked, id=2640, stack(0x0000000008910000,0x0000000008a10000)]
  0x0000000002a28800 JavaThread "Finalizer" daemon [_thread_blocked, id=932, stack(0x0000000008410000,0x0000000008510000)]
  0x0000000002a22000 JavaThread "Reference Handler" daemon [_thread_blocked, id=4776, stack(0x0000000008310000,0x0000000008410000)]
  0x0000000002930800 JavaThread "main" [_thread_in_Java, id=4532, stack(0x0000000002830000,0x0000000002930000)]

Other Threads:
  0x0000000006549000 VMThread [stack: 0x0000000008210000,0x0000000008310000] [id=6580]
  0x00000000085b2800 WatcherThread [stack: 0x0000000009010000,0x0000000009110000] [id=3860]

VM state:not at safepoint (normal execution)

VM Mutex/Monitor currently owned by a thread: None

Heap:
 PSYoungGen      total 38400K, used 13398K [0x00000000eab00000, 0x00000000ef600000, 0x0000000100000000)
  eden space 33280K, 24% used [0x00000000eab00000,0x00000000eb31b760,0x00000000ecb80000)
  from space 5120K, 99% used [0x00000000ecb80000,0x00000000ed07a0a8,0x00000000ed080000)
  to   space 5120K, 0% used [0x00000000ef100000,0x00000000ef100000,0x00000000ef600000)
 ParOldGen       total 87552K, used 1580K [0x00000000c0000000, 0x00000000c5580000, 0x00000000eab00000)
  object space 87552K, 1% used [0x00000000c0000000,0x00000000c018b348,0x00000000c5580000)
 Metaspace       used 5691K, capacity 6960K, committed 7040K, reserved 1056768K
  class space    used 554K, capacity 616K, committed 640K, reserved 1048576K

Card table byte_map: [0x0000000002df0000,0x0000000003000000] byte_map_base: 0x00000000027f0000

Marking Bits: (ParMarkBitMap*) 0x00000000580f4040
 Begin Bits: [0x0000000003960000, 0x0000000004960000)
 End Bits:   [0x0000000004960000, 0x0000000005960000)

Polling page: 0x0000000000a20000

CodeCache: size=245760Kb used=6123Kb max_used=6123Kb free=239636Kb
 bounds [0x000000000f010000, 0x000000000f620000, 0x000000001e010000]
 total_blobs=1740 nmethods=1475 adapters=178
 compilation: enabled

Compilation events (10 events):
Event: 7.315 Thread 0x000000000853d800 nmethod 1468 0x000000000f603dd0 code [0x000000000f604020, 0x000000000f605878]
Event: 7.315 Thread 0x0000000008538800 1475       4       com.android.dx.ssa.SsaMethod::indexListFromLabelList (47 bytes)
Event: 7.318 Thread 0x000000000853d800 1476   !   4       com.android.dx.cf.code.RopperMachine::run (1550 bytes)
Event: 7.339 Thread 0x0000000008538800 nmethod 1475 0x000000000f5f9350 code [0x000000000f5f94c0, 0x000000000f5f9c78]
Event: 7.341 Thread 0x0000000008538800 1477       4       com.android.dx.cf.code.BaseMachine::storeResults (90 bytes)
Event: 7.363 Thread 0x0000000008538800 nmethod 1477 0x000000000f5fcc50 code [0x000000000f5fce00, 0x000000000f5fd488]
Event: 7.501 Thread 0x000000000855b000 nmethod 1474 0x000000000f60b890 code [0x000000000f60bb40, 0x000000000f60e028]
Event: 7.509 Thread 0x0000000008538800 1478       4       com.android.dx.ssa.DeadCodeRemover::pruneDeadInstructions (246 bytes)
Event: 7.510 Thread 0x000000000855b000 1479       4       com.android.dx.rop.code.Rops::ropFor (771 bytes)
Event: 7.532 Thread 0x0000000008538800 nmethod 1478 0x000000000f60aad0 code [0x000000000f60ac60, 0x000000000f60b278]

GC Heap History (2 events):
Event: 5.958 GC heap before
{Heap before GC invocations=1 (full 0):
 PSYoungGen      total 38400K, used 33280K [0x00000000eab00000, 0x00000000ed580000, 0x0000000100000000)
  eden space 33280K, 100% used [0x00000000eab00000,0x00000000ecb80000,0x00000000ecb80000)
  from space 5120K, 0% used [0x00000000ed080000,0x00000000ed080000,0x00000000ed580000)
  to   space 5120K, 0% used [0x00000000ecb80000,0x00000000ecb80000,0x00000000ed080000)
 ParOldGen       total 87552K, used 0K [0x00000000c0000000, 0x00000000c5580000, 0x00000000eab00000)
  object space 87552K, 0% used [0x00000000c0000000,0x00000000c0000000,0x00000000c5580000)
 Metaspace       used 5656K, capacity 6960K, committed 7040K, reserved 1056768K
  class space    used 553K, capacity 616K, committed 640K, reserved 1048576K
Event: 6.308 GC heap after
Heap after GC invocations=1 (full 0):
 PSYoungGen      total 38400K, used 5096K [0x00000000eab00000, 0x00000000ef600000, 0x0000000100000000)
  eden space 33280K, 0% used [0x00000000eab00000,0x00000000eab00000,0x00000000ecb80000)
  from space 5120K, 99% used [0x00000000ecb80000,0x00000000ed07a0a8,0x00000000ed080000)
  to   space 5120K, 0% used [0x00000000ef100000,0x00000000ef100000,0x00000000ef600000)
 ParOldGen       total 87552K, used 1580K [0x00000000c0000000, 0x00000000c5580000, 0x00000000eab00000)
  object space 87552K, 1% used [0x00000000c0000000,0x00000000c018b348,0x00000000c5580000)
 Metaspace       used 5656K, capacity 6960K, committed 7040K, reserved 1056768K
  class space    used 553K, capacity 616K, committed 640K, reserved 1048576K
}

Deoptimization events (10 events):
Event: 1.615 Thread 0x0000000002930800 Uncommon trap: reason=unstable_if action=reinterpret pc=0x000000000f2355f0 method=java.util.BitSet.nextSetBit(I)I @ 87
Event: 2.212 Thread 0x0000000002930800 Uncommon trap: reason=null_check action=make_not_entrant pc=0x000000000f303714 method=com.android.dx.ssa.SsaRenamer.getLocalForNewReg(I)Lcom/android/dx/rop/code/LocalItem; @ 19
Event: 4.443 Thread 0x0000000002930800 Uncommon trap: reason=unstable_if action=reinterpret pc=0x000000000f43b67c method=com.android.dx.util.IntList.binarysearch(I)I @ 105
Event: 4.520 Thread 0x0000000002930800 Uncommon trap: reason=unstable_if action=reinterpret pc=0x000000000f50b9cc method=com.android.dx.ssa.MoveParamCombiner$1.visitNonMoveInsn(Lcom/android/dx/ssa/NormalSsaInsn;)V @ 27
Event: 4.773 Thread 0x0000000002930800 Uncommon trap: reason=bimorphic action=maybe_recompile pc=0x000000000f538db8 method=com.android.dx.ssa.LiteralOpUpgrader.tryReplacingWithConstant(Lcom/android/dx/ssa/NormalSsaInsn;)Z @ 52
Event: 5.207 Thread 0x0000000002930800 Uncommon trap: reason=bimorphic action=maybe_recompile pc=0x000000000f538db8 method=com.android.dx.ssa.LiteralOpUpgrader.tryReplacingWithConstant(Lcom/android/dx/ssa/NormalSsaInsn;)Z @ 52
Event: 5.257 Thread 0x0000000002930800 Uncommon trap: reason=bimorphic action=maybe_recompile pc=0x000000000f538db8 method=com.android.dx.ssa.LiteralOpUpgrader.tryReplacingWithConstant(Lcom/android/dx/ssa/NormalSsaInsn;)Z @ 52
Event: 6.490 Thread 0x0000000002930800 Uncommon trap: reason=bimorphic action=maybe_recompile pc=0x000000000f59efe8 method=com.android.dx.ssa.SCCP.simulatePhi(Lcom/android/dx/ssa/PhiInsn;)V @ 124
Event: 6.490 Thread 0x0000000002930800 Uncommon trap: reason=bimorphic action=maybe_recompile pc=0x000000000f59efe8 method=com.android.dx.ssa.SCCP.simulatePhi(Lcom/android/dx/ssa/PhiInsn;)V @ 124
Event: 6.658 Thread 0x0000000002930800 Uncommon trap: reason=bimorphic action=maybe_recompile pc=0x000000000f538db8 method=com.android.dx.ssa.LiteralOpUpgrader.tryReplacingWithConstant(Lcom/android/dx/ssa/NormalSsaInsn;)Z @ 52

Internal exceptions (3 events):
Event: 0.122 Thread 0x0000000002930800 Exception <a 'java/lang/NoSuchMethodError': Method sun.misc.Unsafe.defineClass(Ljava/lang/String;[BII)Ljava/lang/Class; name or signature does not match> (0x00000000eab12f10) thrown at [C:\re\workspace\8-2-build-windows-amd64-cygwin\jdk8u45\3627\hotspot\srå™ršž6¿?
Event: 0.122 Thread 0x0000000002930800 Exception <a 'java/lang/NoSuchMethodError': Method sun.misc.Unsafe.prefetchRead(Ljava/lang/Object;J)V name or signature does not match> (0x00000000eab131a0) thrown at [C:\re\workspace\8-2-build-windows-amd64-cygwin\jdk8u45\3627\hotspot\src\share\vm\prims\jÎü¨Óä²@
Event: 2.212 Thread 0x0000000002930800 Implicit null exception at 0x000000000f300f21 to 0x000000000f3036c9

Events (10 events):
Event: 6.490 Thread 0x0000000002930800 DEOPT PACKING pc=0x000000000f59efe8 sp=0x000000000292eaf0
Event: 6.490 Thread 0x0000000002930800 DEOPT UNPACKING pc=0x000000000f05582a sp=0x000000000292eab8 mode 2
Event: 6.490 Thread 0x0000000002930800 Uncommon trap: trap_request=0xffffffc6 fr.pc=0x000000000f59efe8
Event: 6.490 Thread 0x0000000002930800 DEOPT PACKING pc=0x000000000f59efe8 sp=0x000000000292eaf0
Event: 6.490 Thread 0x0000000002930800 DEOPT UNPACKING pc=0x000000000f05582a sp=0x000000000292eab8 mode 2
Event: 6.658 Thread 0x0000000002930800 Uncommon trap: trap_request=0xffffffc6 fr.pc=0x000000000f538db8
Event: 6.658 Thread 0x0000000002930800 DEOPT PACKING pc=0x000000000f538db8 sp=0x000000000292ea90
Event: 6.658 Thread 0x0000000002930800 DEOPT UNPACKING pc=0x000000000f05582a sp=0x000000000292e968 mode 2
Event: 6.659 loading class com/android/dx/rop/code/RegisterSpec$1
Event: 6.659 loading class com/android/dx/rop/code/RegisterSpec$1 done


Dynamic libraries:
0x00007ff6d9ba0000 - 0x00007ff6d9bd7000 	C:\Program Files\Java\jdk1.8.0_45\bin\java.exe
0x00007ff97ca10000 - 0x00007ff97cbbc000 	C:\Windows\SYSTEM32\ntdll.dll
0x00007ff97a980000 - 0x00007ff97aabe000 	C:\Windows\system32\KERNEL32.DLL
0x00007ff979d90000 - 0x00007ff979ea5000 	C:\Windows\system32\KERNELBASE.dll
0x00007ff9786b0000 - 0x00007ff97873e000 	C:\Windows\system32\apphelp.dll
0x00007ff96c300000 - 0x00007ff96c353000 	C:\Windows\AppPatch\AppPatch64\AcGenral.DLL
0x00007ff97a260000 - 0x00007ff97a30a000 	C:\Windows\system32\msvcrt.dll
0x00007ff979940000 - 0x00007ff97996e000 	C:\Windows\SYSTEM32\SspiCli.dll
0x00007ff97c360000 - 0x00007ff97c3b4000 	C:\Windows\system32\SHLWAPI.dll
0x00007ff97c6a0000 - 0x00007ff97c817000 	C:\Windows\system32\USER32.dll
0x00007ff97ab90000 - 0x00007ff97ad24000 	C:\Windows\system32\ole32.dll
0x00007ff97ad90000 - 0x00007ff97c2a8000 	C:\Windows\system32\SHELL32.dll
0x00007ff9790b0000 - 0x00007ff9790d1000 	C:\Windows\SYSTEM32\USERENV.dll
0x00007ff97c2b0000 - 0x00007ff97c35a000 	C:\Windows\system32\ADVAPI32.dll
0x00007ff973bb0000 - 0x00007ff973bce000 	C:\Windows\SYSTEM32\MPR.dll
0x00007ff97a5b0000 - 0x00007ff97a6f1000 	C:\Windows\system32\RPCRT4.dll
0x00007ff97ad30000 - 0x00007ff97ad89000 	C:\Windows\SYSTEM32\sechost.dll
0x00007ff97a700000 - 0x00007ff97a911000 	C:\Windows\SYSTEM32\combase.dll
0x00007ff97c3d0000 - 0x00007ff97c521000 	C:\Windows\system32\GDI32.dll
0x00007ff979b60000 - 0x00007ff979b75000 	C:\Windows\SYSTEM32\profapi.dll
0x00007ff978060000 - 0x00007ff978112000 	C:\Windows\SYSTEM32\SHCORE.dll
0x00007ff97c890000 - 0x00007ff97c8c6000 	C:\Windows\system32\IMM32.DLL
0x00007ff97c540000 - 0x00007ff97c692000 	C:\Windows\system32\MSCTF.dll
0x00007ff979b10000 - 0x00007ff979b41000 	C:\Windows\system32\nvinitx.dll
0x00007ff979b00000 - 0x00007ff979b0a000 	C:\Windows\SYSTEM32\VERSION.dll
0x000000000f000000 - 0x000000000f006000 	C:\Program Files\NVIDIA Corporation\CoProcManager\_etoured.dll
0x00007ff977ae0000 - 0x00007ff977b11000 	C:\Program Files\NVIDIA Corporation\CoProcManager\nvd3d9wrapx.dll
0x00007ff97a310000 - 0x00007ff97a4ea000 	C:\Windows\system32\SETUPAPI.dll
0x00007ff979c30000 - 0x00007ff979c7f000 	C:\Windows\system32\CFGMGR32.dll
0x00007ff9783f0000 - 0x00007ff978412000 	C:\Program Files\NVIDIA Corporation\CoProcManager\nvdxgiwrapx.dll
0x00007ff977be0000 - 0x00007ff977e5b000 	C:\Windows\WinSxS\amd64_microsoft.windows.common-controls_6595b64144ccf1df_6.0.9600.17784_none_624760d1ecb7236e\COMCTL32.dll
0x0000000057390000 - 0x0000000057462000 	C:\Program Files\Java\jdk1.8.0_45\jre\bin\msvcr100.dll
0x00000000578f0000 - 0x0000000058173000 	C:\Program Files\Java\jdk1.8.0_45\jre\bin\server\jvm.dll
0x00007ff970c00000 - 0x00007ff970c09000 	C:\Windows\SYSTEM32\WSOCK32.dll
0x00007ff977580000 - 0x00007ff9775a2000 	C:\Windows\SYSTEM32\WINMM.dll
0x00007ff97c3c0000 - 0x00007ff97c3c7000 	C:\Windows\system32\PSAPI.DLL
0x00007ff97c8d0000 - 0x00007ff97c92a000 	C:\Windows\system32\WS2_32.dll
0x00007ff977320000 - 0x00007ff97734a000 	C:\Windows\SYSTEM32\WINMMBASE.dll
0x00007ff97c530000 - 0x00007ff97c539000 	C:\Windows\system32\NSI.dll
0x00007ff978900000 - 0x00007ff978928000 	C:\Windows\SYSTEM32\DEVOBJ.dll
0x0000000057800000 - 0x000000005780f000 	C:\Program Files\Java\jdk1.8.0_45\jre\bin\verify.dll
0x00000000577d0000 - 0x00000000577f9000 	C:\Program Files\Java\jdk1.8.0_45\jre\bin\java.dll
0x00000000577b0000 - 0x00000000577c6000 	C:\Program Files\Java\jdk1.8.0_45\jre\bin\zip.dll
0x00007ff974010000 - 0x00007ff974199000 	C:\Windows\SYSTEM32\dbghelp.dll

VM Arguments:
jvm_args: -Xmx1024M -Dfile.encoding=windows-1251 -Duser.country=US -Duser.language=en -Duser.variant 
java_command: com.android.dx.command.Main --dex --output D:\AndroidNanodegree\SpotifyStreamer\app\build\intermediates\pre-dexed\debug\picasso-2.5.2-dc089cea4f2e4164b5c86351a5f4e9baa5701a82.jar C:\Users\Georgi\.gradle\caches\modules-2\files-2.1\com.squareup.picasso\picasso\2.5.2\7446d06ec8d4f7ffcc53f1da37c95f200dcb9387\picasso-2.5.2.jar
java_class_path (initial): D:\android-sdk\build-tools\22.0.1\lib\dx.jar
Launcher Type: SUN_STANDARD

Environment Variables:
PATH=C:\ProgramData\Oracle\Java\javapath;C:\Windows\system32;C:\Windows;C:\Windows\System32\Wbem;C:\Windows\System32\WindowsPowerShell\v1.0\;C:\Program Files\Intel\WiFi\bin\;C:\Program Files\Common Files\Intel\WirelessCommon\;C:\Program Files (x86)\NVIDIA Corporation\PhysX\Common;D:\android-sdk\platform-tools;D:\android-sdk\tools;C:\Program Files (x86)\Skype\Phone\;C:\Program Files\Intel\WiFi\bin\;C:\Program Files\Common Files\Intel\WirelessCommon\
USERNAME=Georgi
OS=Windows_NT
PROCESSOR_IDENTIFIER=Intel64 Family 6 Model 58 Stepping 9, GenuineIntel



---------------  S Y S T E M  ---------------

OS: Windows 8.1 , 64 bit Build 9600 (6.3.9600.17415)

CPU:total 8 (4 cores per cpu, 2 threads per core) family 6 model 58 stepping 9, cmov, cx8, fxsr, mmx, sse, sse2, sse3, ssse3, sse4.1, sse4.2, popcnt, avx, aes, clmul, erms, ht, tsc, tscinvbit, tscinv

Memory: 4k page, physical 8271456k(1451776k free), swap 9320032k(8092k free)

vm_info: Java HotSpot(TM) 64-Bit Server VM (25.45-b02) for windows-amd64 JRE (1.8.0_45-b15), built on Apr 30 2015 12:40:44 by "java_re" with MS VC++ 10.0 (VS2010)

time: Sat Jun 06 00:40:41 2015
elapsed time: 7 seconds (0d 0h 0m 7s)

