#
# There is insufficient memory for the Java Runtime Environment to continue.
# Native memory allocation (malloc) failed to allocate 931696 bytes for Chunk::new
# Possible reasons:
#   The system is out of physical RAM or swap space
#   In 32 bit mode, the process size limit was hit
# Possible solutions:
#   Reduce memory load on the system
#   Increase physical memory or swap space
#   Check if swap backing store is full
#   Use 64 bit Java on a 64 bit OS
#   Decrease Java heap size (-Xmx/-Xms)
#   Decrease number of Java threads
#   Decrease Java thread stack sizes (-Xss)
#   Set larger code cache with -XX:ReservedCodeCacheSize=
# This output file may be truncated or incomplete.
#
#  Out of Memory Error (allocation.cpp:390), pid=1112, tid=4644
#
# JRE version: Java(TM) SE Runtime Environment (8.0_45-b15) (build 1.8.0_45-b15)
# Java VM: Java HotSpot(TM) 64-Bit Server VM (25.45-b02 mixed mode windows-amd64 compressed oops)
# Failed to write core dump. Minidumps are not enabled by default on client versions of Windows
#

---------------  T H R E A D  ---------------

Current thread (0x00000000086c6800):  JavaThread "C2 CompilerThread0" daemon [_thread_in_native, id=4644, stack(0x0000000008c90000,0x0000000008d90000)]

Stack: [0x0000000008c90000,0x0000000008d90000]
Native frames: (J=compiled Java code, j=interpreted, Vv=VM code, C=native code)
V  [jvm.dll+0x32b57a]


Current CompileTask:
C2:   4148 1438       4       com.android.dx.rop.code.Rops::ropFor (771 bytes)


---------------  P R O C E S S  ---------------

Java Threads: ( => current thread )
  0x00000000086c9800 JavaThread "Service Thread" daemon [_thread_blocked, id=916, stack(0x0000000009090000,0x0000000009190000)]
  0x00000000086bb800 JavaThread "C1 CompilerThread3" daemon [_thread_blocked, id=2480, stack(0x0000000008f90000,0x0000000009090000)]
  0x00000000086b8800 JavaThread "C2 CompilerThread2" daemon [_thread_in_native, id=6000, stack(0x0000000008e90000,0x0000000008f90000)]
  0x00000000086b5800 JavaThread "C2 CompilerThread1" daemon [_thread_in_native, id=7556, stack(0x0000000008d90000,0x0000000008e90000)]
=>0x00000000086c6800 JavaThread "C2 CompilerThread0" daemon [_thread_in_native, id=4644, stack(0x0000000008c90000,0x0000000008d90000)]
  0x00000000086c4000 JavaThread "Attach Listener" daemon [_thread_blocked, id=2404, stack(0x0000000008b90000,0x0000000008c90000)]
  0x00000000086c3000 JavaThread "Signal Dispatcher" daemon [_thread_blocked, id=6020, stack(0x0000000008a90000,0x0000000008b90000)]
  0x0000000002b86000 JavaThread "Finalizer" daemon [_thread_blocked, id=5424, stack(0x0000000008590000,0x0000000008690000)]
  0x0000000002b85000 JavaThread "Reference Handler" daemon [_thread_blocked, id=5160, stack(0x0000000008490000,0x0000000008590000)]
  0x0000000002a90800 JavaThread "main" [_thread_in_Java, id=5116, stack(0x0000000002990000,0x0000000002a90000)]

Other Threads:
  0x00000000066a9800 VMThread [stack: 0x0000000008390000,0x0000000008490000] [id=7820]
  0x00000000086ce800 WatcherThread [stack: 0x0000000009190000,0x0000000009290000] [id=6084]

VM state:not at safepoint (normal execution)

VM Mutex/Monitor currently owned by a thread: None

Heap:
 PSYoungGen      total 38400K, used 30480K [0x00000000eab00000, 0x00000000ef600000, 0x0000000100000000)
  eden space 33280K, 76% used [0x00000000eab00000,0x00000000ec3c64f8,0x00000000ecb80000)
  from space 5120K, 99% used [0x00000000ecb80000,0x00000000ed07dc88,0x00000000ed080000)
  to   space 5120K, 0% used [0x00000000ef100000,0x00000000ef100000,0x00000000ef600000)
 ParOldGen       total 87552K, used 1769K [0x00000000c0000000, 0x00000000c5580000, 0x00000000eab00000)
  object space 87552K, 2% used [0x00000000c0000000,0x00000000c01ba7f0,0x00000000c5580000)
 Metaspace       used 5819K, capacity 7024K, committed 7296K, reserved 1056768K
  class space    used 552K, capacity 616K, committed 640K, reserved 1048576K

Card table byte_map: [0x0000000002f50000,0x0000000003160000] byte_map_base: 0x0000000002950000

Marking Bits: (ParMarkBitMap*) 0x00000000580f4040
 Begin Bits: [0x0000000003ac0000, 0x0000000004ac0000)
 End Bits:   [0x0000000004ac0000, 0x0000000005ac0000)

Polling page: 0x0000000002880000

CodeCache: size=245760Kb used=6687Kb max_used=6687Kb free=239072Kb
 bounds [0x000000000f010000, 0x000000000f6a0000, 0x000000001e010000]
 total_blobs=1820 nmethods=1555 adapters=178
 compilation: enabled

Compilation events (10 events):
Event: 4.127 Thread 0x00000000086bb800 1565       3       com.android.dx.rop.code.LocalVariableExtractor::<init> (59 bytes)
Event: 4.127 Thread 0x00000000086bb800 nmethod 1565 0x000000000f698810 code [0x000000000f6989c0, 0x000000000f698fc8]
Event: 4.130 Thread 0x00000000086bb800 1566       3       com.android.dx.rop.code.Rops::opMarkLocal (69 bytes)
Event: 4.131 Thread 0x00000000086bb800 nmethod 1566 0x000000000f699210 code [0x000000000f699440, 0x000000000f69a018]
Event: 4.131 Thread 0x00000000086bb800 1567       3       com.android.dx.ssa.LiteralOpUpgrader::isConstIntZeroOrKnownNull (34 bytes)
Event: 4.132 Thread 0x00000000086bb800 nmethod 1567 0x000000000f69a590 code [0x000000000f69a720, 0x000000000f69ac48]
Event: 4.136 Thread 0x00000000086bb800 1568       3       java.util.ArrayList$SubList::get (23 bytes)
Event: 4.136 Thread 0x00000000086bb800 nmethod 1568 0x000000000f69ad50 code [0x000000000f69af00, 0x000000000f69b3e8]
Event: 4.136 Thread 0x00000000086bb800 1569       3       java.util.ArrayList$SubList::rangeCheck (26 bytes)
Event: 4.137 Thread 0x00000000086bb800 nmethod 1569 0x000000000f69b710 code [0x000000000f69b920, 0x000000000f69c458]

GC Heap History (2 events):
Event: 3.255 GC heap before
{Heap before GC invocations=1 (full 0):
 PSYoungGen      total 38400K, used 33280K [0x00000000eab00000, 0x00000000ed580000, 0x0000000100000000)
  eden space 33280K, 100% used [0x00000000eab00000,0x00000000ecb80000,0x00000000ecb80000)
  from space 5120K, 0% used [0x00000000ed080000,0x00000000ed080000,0x00000000ed580000)
  to   space 5120K, 0% used [0x00000000ecb80000,0x00000000ecb80000,0x00000000ed080000)
 ParOldGen       total 87552K, used 0K [0x00000000c0000000, 0x00000000c5580000, 0x00000000eab00000)
  object space 87552K, 0% used [0x00000000c0000000,0x00000000c0000000,0x00000000c5580000)
 Metaspace       used 5672K, capacity 6896K, committed 7040K, reserved 1056768K
  class space    used 551K, capacity 616K, committed 640K, reserved 1048576K
Event: 3.510 GC heap after
Heap after GC invocations=1 (full 0):
 PSYoungGen      total 38400K, used 5111K [0x00000000eab00000, 0x00000000ef600000, 0x0000000100000000)
  eden space 33280K, 0% used [0x00000000eab00000,0x00000000eab00000,0x00000000ecb80000)
  from space 5120K, 99% used [0x00000000ecb80000,0x00000000ed07dc88,0x00000000ed080000)
  to   space 5120K, 0% used [0x00000000ef100000,0x00000000ef100000,0x00000000ef600000)
 ParOldGen       total 87552K, used 1769K [0x00000000c0000000, 0x00000000c5580000, 0x00000000eab00000)
  object space 87552K, 2% used [0x00000000c0000000,0x00000000c01ba7f0,0x00000000c5580000)
 Metaspace       used 5672K, capacity 6896K, committed 7040K, reserved 1056768K
  class space    used 551K, capacity 616K, committed 640K, reserved 1048576K
}

Deoptimization events (10 events):
Event: 1.478 Thread 0x0000000002a90800 Uncommon trap: reason=class_check action=maybe_recompile pc=0x000000000f2c3370 method=com.android.dx.ssa.NormalSsaInsn.accept(Lcom/android/dx/ssa/SsaInsn$Visitor;)V @ 9
Event: 1.478 Thread 0x0000000002a90800 Uncommon trap: reason=class_check action=maybe_recompile pc=0x000000000f2c3370 method=com.android.dx.ssa.NormalSsaInsn.accept(Lcom/android/dx/ssa/SsaInsn$Visitor;)V @ 9
Event: 1.478 Thread 0x0000000002a90800 Uncommon trap: reason=class_check action=maybe_recompile pc=0x000000000f2c3370 method=com.android.dx.ssa.NormalSsaInsn.accept(Lcom/android/dx/ssa/SsaInsn$Visitor;)V @ 9
Event: 1.726 Thread 0x0000000002a90800 Uncommon trap: reason=null_check action=make_not_entrant pc=0x000000000f39039c method=com.android.dx.ssa.SsaRenamer.getLocalForNewReg(I)Lcom/android/dx/rop/code/LocalItem; @ 19
Event: 1.986 Thread 0x0000000002a90800 Uncommon trap: reason=unstable_if action=reinterpret pc=0x000000000f42e960 method=com.android.dx.ssa.SsaRenamer$BlockRenamer.addMapping(ILcom/android/dx/rop/code/RegisterSpec;)V @ 120
Event: 3.572 Thread 0x0000000002a90800 Uncommon trap: reason=bimorphic action=maybe_recompile pc=0x000000000f552ac0 method=com.android.dx.cf.code.BytecodeArray.parseInstruction(ILcom/android/dx/cf/code/BytecodeArray$Visitor;)I @ 2281
Event: 3.573 Thread 0x0000000002a90800 Uncommon trap: reason=bimorphic action=maybe_recompile pc=0x000000000f552ac0 method=com.android.dx.cf.code.BytecodeArray.parseInstruction(ILcom/android/dx/cf/code/BytecodeArray$Visitor;)I @ 2281
Event: 3.757 Thread 0x0000000002a90800 Uncommon trap: reason=unstable_if action=reinterpret pc=0x000000000f623a20 method=com.android.dx.rop.code.LocalItem.compareHandlesNulls(Lcom/android/dx/rop/cst/CstString;Lcom/android/dx/rop/cst/CstString;)I @ 14
Event: 3.786 Thread 0x0000000002a90800 Uncommon trap: reason=bimorphic action=maybe_recompile pc=0x000000000f552ac0 method=com.android.dx.cf.code.BytecodeArray.parseInstruction(ILcom/android/dx/cf/code/BytecodeArray$Visitor;)I @ 2281
Event: 3.786 Thread 0x0000000002a90800 Uncommon trap: reason=bimorphic action=maybe_recompile pc=0x000000000f552ac0 method=com.android.dx.cf.code.BytecodeArray.parseInstruction(ILcom/android/dx/cf/code/BytecodeArray$Visitor;)I @ 2281

Internal exceptions (4 events):
Event: 0.063 Thread 0x0000000002a90800 Exception <a 'java/lang/NoSuchMethodError': Method sun.misc.Unsafe.defineClass(Ljava/lang/String;[BII)Ljava/lang/Class; name or signature does not match> (0x00000000eab12f10) thrown at [C:\re\workspace\8-2-build-windows-amd64-cygwin\jdk8u45\3627\hotspot\srôszÑ& ∞?
Event: 0.063 Thread 0x0000000002a90800 Exception <a 'java/lang/NoSuchMethodError': Method sun.misc.Unsafe.prefetchRead(Ljava/lang/Object;J)V name or signature does not match> (0x00000000eab131a0) thrown at [C:\re\workspace\8-2-build-windows-amd64-cygwin\jdk8u45\3627\hotspot\src\share\vm\prims\jÆæIæ‹ù˚?
Event: 1.726 Thread 0x0000000002a90800 Implicit null exception at 0x000000000f38dd6f to 0x000000000f390351
Event: 3.757 Thread 0x0000000002a90800 Implicit null exception at 0x000000000f622a04 to 0x000000000f6239e5

Events (10 events):
Event: 3.577 loading class com/android/dx/cf/code/SwitchList done
Event: 3.757 Thread 0x0000000002a90800 Uncommon trap: trap_request=0xffffff65 fr.pc=0x000000000f623a20
Event: 3.757 Thread 0x0000000002a90800 DEOPT PACKING pc=0x000000000f623a20 sp=0x0000000002a8e720
Event: 3.757 Thread 0x0000000002a90800 DEOPT UNPACKING pc=0x000000000f05582a sp=0x0000000002a8e4a8 mode 2
Event: 3.786 Thread 0x0000000002a90800 Uncommon trap: trap_request=0xffffffc6 fr.pc=0x000000000f552ac0
Event: 3.786 Thread 0x0000000002a90800 DEOPT PACKING pc=0x000000000f552ac0 sp=0x0000000002a8e6f0
Event: 3.786 Thread 0x0000000002a90800 DEOPT UNPACKING pc=0x000000000f05582a sp=0x0000000002a8e680 mode 2
Event: 3.786 Thread 0x0000000002a90800 Uncommon trap: trap_request=0xffffffc6 fr.pc=0x000000000f552ac0
Event: 3.786 Thread 0x0000000002a90800 DEOPT PACKING pc=0x000000000f552ac0 sp=0x0000000002a8e4b0
Event: 3.786 Thread 0x0000000002a90800 DEOPT UNPACKING pc=0x000000000f05582a sp=0x0000000002a8e440 mode 2


Dynamic libraries:
0x00007ff6d9ba0000 - 0x00007ff6d9bd7000 	C:\Program Files\Java\jdk1.8.0_45\bin\java.exe
0x00007ff97ca10000 - 0x00007ff97cbbc000 	C:\Windows\SYSTEM32\ntdll.dll
0x00007ff97a980000 - 0x00007ff97aabe000 	C:\Windows\system32\KERNEL32.DLL
0x00007ff979d90000 - 0x00007ff979ea5000 	C:\Windows\system32\KERNELBASE.dll
0x00007ff9786b0000 - 0x00007ff97873e000 	C:\Windows\system32\apphelp.dll
0x00007ff96c300000 - 0x00007ff96c353000 	C:\Windows\AppPatch\AppPatch64\AcGenral.DLL
0x00007ff97a260000 - 0x00007ff97a30a000 	C:\Windows\system32\msvcrt.dll
0x00007ff979940000 - 0x00007ff97996e000 	C:\Windows\SYSTEM32\SspiCli.dll
0x00007ff97c360000 - 0x00007ff97c3b4000 	C:\Windows\system32\SHLWAPI.dll
0x00007ff97c6a0000 - 0x00007ff97c817000 	C:\Windows\system32\USER32.dll
0x00007ff97ab90000 - 0x00007ff97ad24000 	C:\Windows\system32\ole32.dll
0x00007ff97ad90000 - 0x00007ff97c2a8000 	C:\Windows\system32\SHELL32.dll
0x00007ff9790b0000 - 0x00007ff9790d1000 	C:\Windows\SYSTEM32\USERENV.dll
0x00007ff97c2b0000 - 0x00007ff97c35a000 	C:\Windows\system32\ADVAPI32.dll
0x00007ff973bb0000 - 0x00007ff973bce000 	C:\Windows\SYSTEM32\MPR.dll
0x00007ff97a5b0000 - 0x00007ff97a6f1000 	C:\Windows\system32\RPCRT4.dll
0x00007ff97ad30000 - 0x00007ff97ad89000 	C:\Windows\SYSTEM32\sechost.dll
0x00007ff97a700000 - 0x00007ff97a911000 	C:\Windows\SYSTEM32\combase.dll
0x00007ff97c3d0000 - 0x00007ff97c521000 	C:\Windows\system32\GDI32.dll
0x00007ff979b60000 - 0x00007ff979b75000 	C:\Windows\SYSTEM32\profapi.dll
0x00007ff978060000 - 0x00007ff978112000 	C:\Windows\SYSTEM32\SHCORE.dll
0x00007ff97c890000 - 0x00007ff97c8c6000 	C:\Windows\system32\IMM32.DLL
0x00007ff97c540000 - 0x00007ff97c692000 	C:\Windows\system32\MSCTF.dll
0x00007ff979b10000 - 0x00007ff979b41000 	C:\Windows\system32\nvinitx.dll
0x00007ff979b00000 - 0x00007ff979b0a000 	C:\Windows\SYSTEM32\VERSION.dll
0x000000000f000000 - 0x000000000f006000 	C:\Program Files\NVIDIA Corporation\CoProcManager\_etoured.dll
0x00007ff977ae0000 - 0x00007ff977b11000 	C:\Program Files\NVIDIA Corporation\CoProcManager\nvd3d9wrapx.dll
0x00007ff97a310000 - 0x00007ff97a4ea000 	C:\Windows\system32\SETUPAPI.dll
0x00007ff979c30000 - 0x00007ff979c7f000 	C:\Windows\system32\CFGMGR32.dll
0x00007ff9783f0000 - 0x00007ff978412000 	C:\Program Files\NVIDIA Corporation\CoProcManager\nvdxgiwrapx.dll
0x00007ff977be0000 - 0x00007ff977e5b000 	C:\Windows\WinSxS\amd64_microsoft.windows.common-controls_6595b64144ccf1df_6.0.9600.17784_none_624760d1ecb7236e\COMCTL32.dll
0x0000000057390000 - 0x0000000057462000 	C:\Program Files\Java\jdk1.8.0_45\jre\bin\msvcr100.dll
0x00000000578f0000 - 0x0000000058173000 	C:\Program Files\Java\jdk1.8.0_45\jre\bin\server\jvm.dll
0x00007ff970c00000 - 0x00007ff970c09000 	C:\Windows\SYSTEM32\WSOCK32.dll
0x00007ff977580000 - 0x00007ff9775a2000 	C:\Windows\SYSTEM32\WINMM.dll
0x00007ff97c3c0000 - 0x00007ff97c3c7000 	C:\Windows\system32\PSAPI.DLL
0x00007ff97c8d0000 - 0x00007ff97c92a000 	C:\Windows\system32\WS2_32.dll
0x00007ff977320000 - 0x00007ff97734a000 	C:\Windows\SYSTEM32\WINMMBASE.dll
0x00007ff97c530000 - 0x00007ff97c539000 	C:\Windows\system32\NSI.dll
0x00007ff978900000 - 0x00007ff978928000 	C:\Windows\SYSTEM32\DEVOBJ.dll
0x0000000057800000 - 0x000000005780f000 	C:\Program Files\Java\jdk1.8.0_45\jre\bin\verify.dll
0x00000000577d0000 - 0x00000000577f9000 	C:\Program Files\Java\jdk1.8.0_45\jre\bin\java.dll
0x00000000577b0000 - 0x00000000577c6000 	C:\Program Files\Java\jdk1.8.0_45\jre\bin\zip.dll

VM Arguments:
jvm_args: -Xmx1024M -Dfile.encoding=windows-1251 -Duser.country=US -Duser.language=en -Duser.variant 
java_command: com.android.dx.command.Main --dex --output D:\AndroidNanodegree\SpotifyStreamer\app\build\intermediates\pre-dexed\debug\gson-2.3.1-c6a88c7a36afe0b9d584b4faa92a06ed4f0a762d.jar C:\Users\Georgi\.gradle\caches\modules-2\files-2.1\com.google.code.gson\gson\2.3.1\ecb6e1f8e4b0e84c4b886c2f14a1500caf309757\gson-2.3.1.jar
java_class_path (initial): D:\android-sdk\build-tools\22.0.1\lib\dx.jar
Launcher Type: SUN_STANDARD

Environment Variables:
PATH=C:\ProgramData\Oracle\Java\javapath;C:\Windows\system32;C:\Windows;C:\Windows\System32\Wbem;C:\Windows\System32\WindowsPowerShell\v1.0\;C:\Program Files\Intel\WiFi\bin\;C:\Program Files\Common Files\Intel\WirelessCommon\;C:\Program Files (x86)\NVIDIA Corporation\PhysX\Common;D:\android-sdk\platform-tools;D:\android-sdk\tools;C:\Program Files (x86)\Skype\Phone\;C:\Program Files\Intel\WiFi\bin\;C:\Program Files\Common Files\Intel\WirelessCommon\
USERNAME=Georgi
OS=Windows_NT
PROCESSOR_IDENTIFIER=Intel64 Family 6 Model 58 Stepping 9, GenuineIntel



---------------  S Y S T E M  ---------------

OS: Windows 8.1 , 64 bit Build 9600 (6.3.9600.17415)

CPU:total 8 (4 cores per cpu, 2 threads per core) family 6 model 58 stepping 9, cmov, cx8, fxsr, mmx, sse, sse2, sse3, ssse3, sse4.1, sse4.2, popcnt, avx, aes, clmul, erms, ht, tsc, tscinvbit, tscinv

Memory: 4k page, physical 8271456k(1333324k free), swap 9320032k(4996k free)

vm_info: Java HotSpot(TM) 64-Bit Server VM (25.45-b02) for windows-amd64 JRE (1.8.0_45-b15), built on Apr 30 2015 12:40:44 by "java_re" with MS VC++ 10.0 (VS2010)

time: Sat Jun 06 00:41:29 2015
elapsed time: 4 seconds (0d 0h 0m 4s)

