#
# There is insufficient memory for the Java Runtime Environment to continue.
# Native memory allocation (malloc) failed to allocate 484176 bytes for Chunk::new
# Possible reasons:
#   The system is out of physical RAM or swap space
#   In 32 bit mode, the process size limit was hit
# Possible solutions:
#   Reduce memory load on the system
#   Increase physical memory or swap space
#   Check if swap backing store is full
#   Use 64 bit Java on a 64 bit OS
#   Decrease Java heap size (-Xmx/-Xms)
#   Decrease number of Java threads
#   Decrease Java thread stack sizes (-Xss)
#   Set larger code cache with -XX:ReservedCodeCacheSize=
# This output file may be truncated or incomplete.
#
#  Out of Memory Error (allocation.cpp:390), pid=4632, tid=8124
#
# JRE version: Java(TM) SE Runtime Environment (8.0_45-b15) (build 1.8.0_45-b15)
# Java VM: Java HotSpot(TM) 64-Bit Server VM (25.45-b02 mixed mode windows-amd64 compressed oops)
# Failed to write core dump. Minidumps are not enabled by default on client versions of Windows
#

---------------  T H R E A D  ---------------

Current thread (0x0000000007e4b800):  JavaThread "C2 CompilerThread1" daemon [_thread_in_native, id=8124, stack(0x0000000008520000,0x0000000008620000)]

Stack: [0x0000000008520000,0x0000000008620000]
Native frames: (J=compiled Java code, j=interpreted, Vv=VM code, C=native code)
V  [jvm.dll+0x32b57a]


Current CompileTask:
C2:   8013 1435       4       com.android.dx.ssa.SsaBasicBlock::newFromRop (183 bytes)


---------------  P R O C E S S  ---------------

Java Threads: ( => current thread )
  0x0000000007ed1800 JavaThread "Service Thread" daemon [_thread_blocked, id=728, stack(0x0000000008820000,0x0000000008920000)]
  0x0000000007e55800 JavaThread "C1 CompilerThread3" daemon [_thread_blocked, id=5948, stack(0x0000000008720000,0x0000000008820000)]
  0x0000000007e50800 JavaThread "C2 CompilerThread2" daemon [_thread_blocked, id=4112, stack(0x0000000008620000,0x0000000008720000)]
=>0x0000000007e4b800 JavaThread "C2 CompilerThread1" daemon [_thread_in_native, id=8124, stack(0x0000000008520000,0x0000000008620000)]
  0x0000000007e48800 JavaThread "C2 CompilerThread0" daemon [_thread_in_native, id=5332, stack(0x0000000008420000,0x0000000008520000)]
  0x0000000007e46800 JavaThread "Attach Listener" daemon [_thread_blocked, id=7232, stack(0x0000000008320000,0x0000000008420000)]
  0x0000000007e45800 JavaThread "Signal Dispatcher" daemon [_thread_blocked, id=2576, stack(0x0000000008220000,0x0000000008320000)]
  0x0000000002308800 JavaThread "Finalizer" daemon [_thread_blocked, id=6284, stack(0x0000000007d20000,0x0000000007e20000)]
  0x0000000002302000 JavaThread "Reference Handler" daemon [_thread_blocked, id=3052, stack(0x0000000007c20000,0x0000000007d20000)]
  0x0000000002210800 JavaThread "main" [_thread_in_Java, id=3100, stack(0x0000000002020000,0x0000000002120000)]

Other Threads:
  0x0000000005e29000 VMThread [stack: 0x0000000007b20000,0x0000000007c20000] [id=408]
  0x0000000007eb7000 WatcherThread [stack: 0x0000000008920000,0x0000000008a20000] [id=6008]

VM state:not at safepoint (normal execution)

VM Mutex/Monitor currently owned by a thread: None

Heap:
 PSYoungGen      total 38400K, used 15324K [0x00000000eab00000, 0x00000000ef600000, 0x0000000100000000)
  eden space 33280K, 30% used [0x00000000eab00000,0x00000000eb4f9410,0x00000000ecb80000)
  from space 5120K, 99% used [0x00000000ecb80000,0x00000000ed07dc88,0x00000000ed080000)
  to   space 5120K, 0% used [0x00000000ef100000,0x00000000ef100000,0x00000000ef600000)
 ParOldGen       total 87552K, used 1657K [0x00000000c0000000, 0x00000000c5580000, 0x00000000eab00000)
  object space 87552K, 1% used [0x00000000c0000000,0x00000000c019e730,0x00000000c5580000)
 Metaspace       used 5727K, capacity 6960K, committed 7040K, reserved 1056768K
  class space    used 554K, capacity 616K, committed 640K, reserved 1048576K

Card table byte_map: [0x00000000026d0000,0x00000000028e0000] byte_map_base: 0x00000000020d0000

Marking Bits: (ParMarkBitMap*) 0x00000000580f4040
 Begin Bits: [0x0000000003240000, 0x0000000004240000)
 End Bits:   [0x0000000004240000, 0x0000000005240000)

Polling page: 0x0000000000360000

CodeCache: size=245760Kb used=6120Kb max_used=6131Kb free=239640Kb
 bounds [0x000000000f010000, 0x000000000f620000, 0x000000001e010000]
 total_blobs=1704 nmethods=1439 adapters=178
 compilation: enabled

Compilation events (10 events):
Event: 7.822 Thread 0x0000000007e50800 1439       4       com.android.dx.ssa.LocalVariableInfo::mutableCopyOfStarts (29 bytes)
Event: 7.825 Thread 0x0000000007e48800 nmethod 1437 0x000000000f5e9d10 code [0x000000000f5e9e60, 0x000000000f5ea058]
Event: 7.827 Thread 0x0000000007e55800 nmethod 1438 0x000000000f612c50 code [0x000000000f613140, 0x000000000f616918]
Event: 7.848 Thread 0x0000000007e50800 nmethod 1439 0x000000000f5f4fd0 code [0x000000000f5f5160, 0x000000000f5f58d8]
Event: 7.864 Thread 0x0000000007e48800 1440       4       com.android.dx.ssa.Dominators$DfsWalker::visitBlock (59 bytes)
Event: 7.874 Thread 0x0000000007e50800 1441       4       com.android.dx.util.BitIntSet$1::next (42 bytes)
Event: 7.879 Thread 0x0000000007e50800 nmethod 1441 0x000000000f5f6390 code [0x000000000f5f64e0, 0x000000000f5f6638]
Event: 7.885 Thread 0x0000000007e48800 nmethod 1440 0x000000000f5ecd50 code [0x000000000f5ecec0, 0x000000000f5ed438]
Event: 7.886 Thread 0x0000000007e50800 1442       4       com.android.dx.ssa.SCCP::simulatePhiBlock (50 bytes)
Event: 7.898 Thread 0x0000000007e50800 nmethod 1442 0x000000000f5e9650 code [0x000000000f5e97a0, 0x000000000f5e99e8]

GC Heap History (2 events):
Event: 6.372 GC heap before
{Heap before GC invocations=1 (full 0):
 PSYoungGen      total 38400K, used 33280K [0x00000000eab00000, 0x00000000ed580000, 0x0000000100000000)
  eden space 33280K, 100% used [0x00000000eab00000,0x00000000ecb80000,0x00000000ecb80000)
  from space 5120K, 0% used [0x00000000ed080000,0x00000000ed080000,0x00000000ed580000)
  to   space 5120K, 0% used [0x00000000ecb80000,0x00000000ecb80000,0x00000000ed080000)
 ParOldGen       total 87552K, used 0K [0x00000000c0000000, 0x00000000c5580000, 0x00000000eab00000)
  object space 87552K, 0% used [0x00000000c0000000,0x00000000c0000000,0x00000000c5580000)
 Metaspace       used 5699K, capacity 6960K, committed 7040K, reserved 1056768K
  class space    used 553K, capacity 616K, committed 640K, reserved 1048576K
Event: 6.636 GC heap after
Heap after GC invocations=1 (full 0):
 PSYoungGen      total 38400K, used 5111K [0x00000000eab00000, 0x00000000ef600000, 0x0000000100000000)
  eden space 33280K, 0% used [0x00000000eab00000,0x00000000eab00000,0x00000000ecb80000)
  from space 5120K, 99% used [0x00000000ecb80000,0x00000000ed07dc88,0x00000000ed080000)
  to   space 5120K, 0% used [0x00000000ef100000,0x00000000ef100000,0x00000000ef600000)
 ParOldGen       total 87552K, used 1657K [0x00000000c0000000, 0x00000000c5580000, 0x00000000eab00000)
  object space 87552K, 1% used [0x00000000c0000000,0x00000000c019e730,0x00000000c5580000)
 Metaspace       used 5699K, capacity 6960K, committed 7040K, reserved 1056768K
  class space    used 553K, capacity 616K, committed 640K, reserved 1048576K
}

Deoptimization events (6 events):
Event: 1.406 Thread 0x0000000002210800 Uncommon trap: reason=unstable_if action=reinterpret pc=0x000000000f21e47c method=java.util.HashMap.getNode(ILjava/lang/Object;)Ljava/util/HashMap$Node; @ 62
Event: 3.033 Thread 0x0000000002210800 Uncommon trap: reason=unstable_if action=reinterpret pc=0x000000000f3abfec method=com.android.dx.rop.code.RegisterSpecSet.put(Lcom/android/dx/rop/code/RegisterSpec;)V @ 77
Event: 3.404 Thread 0x0000000002210800 Uncommon trap: reason=unstable_if action=reinterpret pc=0x000000000f2b7374 method=java.util.BitSet.ensureCapacity(I)V @ 6
Event: 3.407 Thread 0x0000000002210800 Uncommon trap: reason=null_check action=make_not_entrant pc=0x000000000f353c18 method=com.android.dx.ssa.SsaRenamer.getLocalForNewReg(I)Lcom/android/dx/rop/code/LocalItem; @ 19
Event: 7.819 Thread 0x0000000002210800 Uncommon trap: reason=bimorphic action=maybe_recompile pc=0x000000000f5e110c method=com.android.dx.rop.code.RegisterSpec.withSimpleType()Lcom/android/dx/rop/code/RegisterSpec; @ 21
Event: 7.819 Thread 0x0000000002210800 Uncommon trap: reason=unstable_if action=reinterpret pc=0x000000000f5e0fbc method=com.android.dx.ssa.LocalVariableExtractor.processBlock(I)V @ 251

Internal exceptions (3 events):
Event: 0.100 Thread 0x0000000002210800 Exception <a 'java/lang/NoSuchMethodError': Method sun.misc.Unsafe.defineClass(Ljava/lang/String;[BII)Ljava/lang/Class; name or signature does not match> (0x00000000eab12f10) thrown at [C:\re\workspace\8-2-build-windows-amd64-cygwin\jdk8u45\3627\hotspot\srL“qdÂ¹?
Event: 0.101 Thread 0x0000000002210800 Exception <a 'java/lang/NoSuchMethodError': Method sun.misc.Unsafe.prefetchRead(Ljava/lang/Object;J)V name or signature does not match> (0x00000000eab131a0) thrown at [C:\re\workspace\8-2-build-windows-amd64-cygwin\jdk8u45\3627\hotspot\src\share\vm\prims\j³GaÄA@
Event: 3.407 Thread 0x0000000002210800 Implicit null exception at 0x000000000f3516d8 to 0x000000000f353bcd

Events (10 events):
Event: 6.372 Executing VM operation: ParallelGCFailedAllocation
Event: 6.636 Executing VM operation: ParallelGCFailedAllocation done
Event: 6.671 loading class com/android/dx/rop/code/RegisterSpec$1
Event: 6.671 loading class com/android/dx/rop/code/RegisterSpec$1 done
Event: 7.819 Thread 0x0000000002210800 Uncommon trap: trap_request=0xffffffc6 fr.pc=0x000000000f5e110c
Event: 7.819 Thread 0x0000000002210800 DEOPT PACKING pc=0x000000000f5e110c sp=0x000000000211e440
Event: 7.819 Thread 0x0000000002210800 DEOPT UNPACKING pc=0x000000000f05582a sp=0x000000000211e378 mode 2
Event: 7.819 Thread 0x0000000002210800 Uncommon trap: trap_request=0xffffff65 fr.pc=0x000000000f5e0fbc
Event: 7.819 Thread 0x0000000002210800 DEOPT PACKING pc=0x000000000f5e0fbc sp=0x000000000211e440
Event: 7.819 Thread 0x0000000002210800 DEOPT UNPACKING pc=0x000000000f05582a sp=0x000000000211e3e0 mode 2


Dynamic libraries:
0x00007ff6d9ba0000 - 0x00007ff6d9bd7000 	C:\Program Files\Java\jdk1.8.0_45\bin\java.exe
0x00007ff97ca10000 - 0x00007ff97cbbc000 	C:\Windows\SYSTEM32\ntdll.dll
0x00007ff97a980000 - 0x00007ff97aabe000 	C:\Windows\system32\KERNEL32.DLL
0x00007ff979d90000 - 0x00007ff979ea5000 	C:\Windows\system32\KERNELBASE.dll
0x00007ff9786b0000 - 0x00007ff97873e000 	C:\Windows\system32\apphelp.dll
0x00007ff96c300000 - 0x00007ff96c353000 	C:\Windows\AppPatch\AppPatch64\AcGenral.DLL
0x00007ff97a260000 - 0x00007ff97a30a000 	C:\Windows\system32\msvcrt.dll
0x00007ff979940000 - 0x00007ff97996e000 	C:\Windows\SYSTEM32\SspiCli.dll
0x00007ff97c360000 - 0x00007ff97c3b4000 	C:\Windows\system32\SHLWAPI.dll
0x00007ff97c6a0000 - 0x00007ff97c817000 	C:\Windows\system32\USER32.dll
0x00007ff97ab90000 - 0x00007ff97ad24000 	C:\Windows\system32\ole32.dll
0x00007ff97ad90000 - 0x00007ff97c2a8000 	C:\Windows\system32\SHELL32.dll
0x00007ff9790b0000 - 0x00007ff9790d1000 	C:\Windows\SYSTEM32\USERENV.dll
0x00007ff97c2b0000 - 0x00007ff97c35a000 	C:\Windows\system32\ADVAPI32.dll
0x00007ff973bb0000 - 0x00007ff973bce000 	C:\Windows\SYSTEM32\MPR.dll
0x00007ff97a5b0000 - 0x00007ff97a6f1000 	C:\Windows\system32\RPCRT4.dll
0x00007ff97ad30000 - 0x00007ff97ad89000 	C:\Windows\SYSTEM32\sechost.dll
0x00007ff97a700000 - 0x00007ff97a911000 	C:\Windows\SYSTEM32\combase.dll
0x00007ff97c3d0000 - 0x00007ff97c521000 	C:\Windows\system32\GDI32.dll
0x00007ff979b60000 - 0x00007ff979b75000 	C:\Windows\SYSTEM32\profapi.dll
0x00007ff978060000 - 0x00007ff978112000 	C:\Windows\SYSTEM32\SHCORE.dll
0x00007ff97c890000 - 0x00007ff97c8c6000 	C:\Windows\system32\IMM32.DLL
0x00007ff97c540000 - 0x00007ff97c692000 	C:\Windows\system32\MSCTF.dll
0x00007ff979b10000 - 0x00007ff979b41000 	C:\Windows\system32\nvinitx.dll
0x00007ff979b00000 - 0x00007ff979b0a000 	C:\Windows\SYSTEM32\VERSION.dll
0x000000000f000000 - 0x000000000f006000 	C:\Program Files\NVIDIA Corporation\CoProcManager\_etoured.dll
0x00007ff977ae0000 - 0x00007ff977b11000 	C:\Program Files\NVIDIA Corporation\CoProcManager\nvd3d9wrapx.dll
0x00007ff97a310000 - 0x00007ff97a4ea000 	C:\Windows\system32\SETUPAPI.dll
0x00007ff979c30000 - 0x00007ff979c7f000 	C:\Windows\system32\CFGMGR32.dll
0x00007ff9783f0000 - 0x00007ff978412000 	C:\Program Files\NVIDIA Corporation\CoProcManager\nvdxgiwrapx.dll
0x00007ff977be0000 - 0x00007ff977e5b000 	C:\Windows\WinSxS\amd64_microsoft.windows.common-controls_6595b64144ccf1df_6.0.9600.17784_none_624760d1ecb7236e\COMCTL32.dll
0x0000000057390000 - 0x0000000057462000 	C:\Program Files\Java\jdk1.8.0_45\jre\bin\msvcr100.dll
0x00000000578f0000 - 0x0000000058173000 	C:\Program Files\Java\jdk1.8.0_45\jre\bin\server\jvm.dll
0x00007ff970c00000 - 0x00007ff970c09000 	C:\Windows\SYSTEM32\WSOCK32.dll
0x00007ff977580000 - 0x00007ff9775a2000 	C:\Windows\SYSTEM32\WINMM.dll
0x00007ff97c3c0000 - 0x00007ff97c3c7000 	C:\Windows\system32\PSAPI.DLL
0x00007ff97c8d0000 - 0x00007ff97c92a000 	C:\Windows\system32\WS2_32.dll
0x00007ff977320000 - 0x00007ff97734a000 	C:\Windows\SYSTEM32\WINMMBASE.dll
0x00007ff97c530000 - 0x00007ff97c539000 	C:\Windows\system32\NSI.dll
0x00007ff978900000 - 0x00007ff978928000 	C:\Windows\SYSTEM32\DEVOBJ.dll
0x0000000057800000 - 0x000000005780f000 	C:\Program Files\Java\jdk1.8.0_45\jre\bin\verify.dll
0x00000000577d0000 - 0x00000000577f9000 	C:\Program Files\Java\jdk1.8.0_45\jre\bin\java.dll
0x00000000577b0000 - 0x00000000577c6000 	C:\Program Files\Java\jdk1.8.0_45\jre\bin\zip.dll
0x00007ff974010000 - 0x00007ff974199000 	C:\Windows\SYSTEM32\dbghelp.dll

VM Arguments:
jvm_args: -Xmx1024M -Dfile.encoding=windows-1251 -Duser.country=US -Duser.language=en -Duser.variant 
java_command: com.android.dx.command.Main --dex --output D:\AndroidNanodegree\SpotifyStreamer\app\build\intermediates\pre-dexed\debug\retrofit-1.9.0-8f6de242f11559e09dcef29d5a618e13ac100ba5.jar C:\Users\Georgi\.gradle\caches\modules-2\files-2.1\com.squareup.retrofit\retrofit\1.9.0\a681c044244d9fc375198588297a39ba78028423\retrofit-1.9.0.jar
java_class_path (initial): D:\android-sdk\build-tools\22.0.1\lib\dx.jar
Launcher Type: SUN_STANDARD

Environment Variables:
PATH=C:\ProgramData\Oracle\Java\javapath;C:\Windows\system32;C:\Windows;C:\Windows\System32\Wbem;C:\Windows\System32\WindowsPowerShell\v1.0\;C:\Program Files\Intel\WiFi\bin\;C:\Program Files\Common Files\Intel\WirelessCommon\;C:\Program Files (x86)\NVIDIA Corporation\PhysX\Common;D:\android-sdk\platform-tools;D:\android-sdk\tools;C:\Program Files (x86)\Skype\Phone\;C:\Program Files\Intel\WiFi\bin\;C:\Program Files\Common Files\Intel\WirelessCommon\
USERNAME=Georgi
OS=Windows_NT
PROCESSOR_IDENTIFIER=Intel64 Family 6 Model 58 Stepping 9, GenuineIntel



---------------  S Y S T E M  ---------------

OS: Windows 8.1 , 64 bit Build 9600 (6.3.9600.17415)

CPU:total 8 (4 cores per cpu, 2 threads per core) family 6 model 58 stepping 9, cmov, cx8, fxsr, mmx, sse, sse2, sse3, ssse3, sse4.1, sse4.2, popcnt, avx, aes, clmul, erms, ht, tsc, tscinvbit, tscinv

Memory: 4k page, physical 8271456k(1447612k free), swap 9320032k(5024k free)

vm_info: Java HotSpot(TM) 64-Bit Server VM (25.45-b02) for windows-amd64 JRE (1.8.0_45-b15), built on Apr 30 2015 12:40:44 by "java_re" with MS VC++ 10.0 (VS2010)

time: Sat Jun 06 00:40:41 2015
elapsed time: 8 seconds (0d 0h 0m 8s)

