#
# There is insufficient memory for the Java Runtime Environment to continue.
# Native memory allocation (malloc) failed to allocate 515856 bytes for Chunk::new
# Possible reasons:
#   The system is out of physical RAM or swap space
#   In 32 bit mode, the process size limit was hit
# Possible solutions:
#   Reduce memory load on the system
#   Increase physical memory or swap space
#   Check if swap backing store is full
#   Use 64 bit Java on a 64 bit OS
#   Decrease Java heap size (-Xmx/-Xms)
#   Decrease number of Java threads
#   Decrease Java thread stack sizes (-Xss)
#   Set larger code cache with -XX:ReservedCodeCacheSize=
# This output file may be truncated or incomplete.
#
#  Out of Memory Error (allocation.cpp:390), pid=6060, tid=3536
#
# JRE version: Java(TM) SE Runtime Environment (8.0_45-b15) (build 1.8.0_45-b15)
# Java VM: Java HotSpot(TM) 64-Bit Server VM (25.45-b02 mixed mode windows-amd64 compressed oops)
# Failed to write core dump. Minidumps are not enabled by default on client versions of Windows
#

---------------  T H R E A D  ---------------

Current thread (0x0000000007d8e800):  JavaThread "C2 CompilerThread2" daemon [_thread_in_native, id=3536, stack(0x0000000008560000,0x0000000008660000)]

Stack: [0x0000000008560000,0x0000000008660000]
Native frames: (J=compiled Java code, j=interpreted, Vv=VM code, C=native code)
V  [jvm.dll+0x32b57a]


Current CompileTask:
C2:   8049 1203       4       com.android.dx.ssa.SCCP::simulateBranch (666 bytes)


---------------  P R O C E S S  ---------------

Java Threads: ( => current thread )
  0x0000000007d99800 JavaThread "Service Thread" daemon [_thread_blocked, id=4460, stack(0x0000000008760000,0x0000000008860000)]
  0x0000000007d93800 JavaThread "C1 CompilerThread3" daemon [_thread_blocked, id=3272, stack(0x0000000008660000,0x0000000008760000)]
=>0x0000000007d8e800 JavaThread "C2 CompilerThread2" daemon [_thread_in_native, id=3536, stack(0x0000000008560000,0x0000000008660000)]
  0x0000000007d8b000 JavaThread "C2 CompilerThread1" daemon [_thread_in_native, id=4352, stack(0x0000000008460000,0x0000000008560000)]
  0x0000000007d88800 JavaThread "C2 CompilerThread0" daemon [_thread_blocked, id=3352, stack(0x0000000008360000,0x0000000008460000)]
  0x0000000007d86000 JavaThread "Attach Listener" daemon [_thread_blocked, id=3096, stack(0x0000000008260000,0x0000000008360000)]
  0x0000000007d85800 JavaThread "Signal Dispatcher" daemon [_thread_blocked, id=1112, stack(0x0000000008160000,0x0000000008260000)]
  0x0000000002263000 JavaThread "Finalizer" daemon [_thread_blocked, id=6160, stack(0x0000000007c60000,0x0000000007d60000)]
  0x0000000002262000 JavaThread "Reference Handler" daemon [_thread_blocked, id=2416, stack(0x0000000007b60000,0x0000000007c60000)]
  0x0000000002170800 JavaThread "main" [_thread_in_Java, id=3724, stack(0x0000000002040000,0x0000000002140000)]

Other Threads:
  0x0000000005d89000 VMThread [stack: 0x0000000007a60000,0x0000000007b60000] [id=1860]
  0x0000000007d9a800 WatcherThread [stack: 0x0000000008860000,0x0000000008960000] [id=8188]

VM state:not at safepoint (normal execution)

VM Mutex/Monitor currently owned by a thread: None

Heap:
 PSYoungGen      total 38400K, used 24679K [0x00000000eab00000, 0x00000000ed580000, 0x0000000100000000)
  eden space 33280K, 74% used [0x00000000eab00000,0x00000000ec319f70,0x00000000ecb80000)
  from space 5120K, 0% used [0x00000000ed080000,0x00000000ed080000,0x00000000ed580000)
  to   space 5120K, 0% used [0x00000000ecb80000,0x00000000ecb80000,0x00000000ed080000)
 ParOldGen       total 87552K, used 0K [0x00000000c0000000, 0x00000000c5580000, 0x00000000eab00000)
  object space 87552K, 0% used [0x00000000c0000000,0x00000000c0000000,0x00000000c5580000)
 Metaspace       used 5578K, capacity 6832K, committed 7040K, reserved 1056768K
  class space    used 550K, capacity 616K, committed 640K, reserved 1048576K

Card table byte_map: [0x0000000002630000,0x0000000002840000] byte_map_base: 0x0000000002030000

Marking Bits: (ParMarkBitMap*) 0x00000000580f4040
 Begin Bits: [0x00000000031a0000, 0x00000000041a0000)
 End Bits:   [0x00000000041a0000, 0x00000000051a0000)

Polling page: 0x00000000003f0000

CodeCache: size=245760Kb used=5004Kb max_used=5004Kb free=240755Kb
 bounds [0x000000000f010000, 0x000000000f500000, 0x000000001e010000]
 total_blobs=1477 nmethods=1212 adapters=178
 compilation: enabled

Compilation events (10 events):
Event: 8.025 Thread 0x0000000007d88800 nmethod 1206 0x000000000f4e62d0 code [0x000000000f4e6420, 0x000000000f4e67d8]
Event: 8.025 Thread 0x0000000007d88800 1214   !   4       com.android.dx.cf.code.BaseMachine::arg (36 bytes)
Event: 8.027 Thread 0x0000000007d88800 nmethod 1214 0x000000000f4e2210 code [0x000000000f4e2340, 0x000000000f4e23f8]
Event: 8.027 Thread 0x0000000007d88800 1215       4       com.android.dx.rop.cst.CstLiteral64::hashCode (15 bytes)
Event: 8.028 Thread 0x0000000007d88800 nmethod 1215 0x000000000f4447d0 code [0x000000000f444900, 0x000000000f444978]
Event: 8.032 Thread 0x0000000007d93800 nmethod 1212 0x000000000f4f3210 code [0x000000000f4f37c0, 0x000000000f4f6de8]
Event: 8.032 Thread 0x0000000007d93800 1216       3       com.android.dx.dex.code.SimpleInsn::<init> (8 bytes)
Event: 8.033 Thread 0x0000000007d93800 nmethod 1216 0x000000000f4e5e90 code [0x000000000f4e6000, 0x000000000f4e61e8]
Event: 8.033 Thread 0x0000000007d93800 1213       3       java.lang.Float::isNaN (12 bytes)
Event: 8.033 Thread 0x0000000007d93800 nmethod 1213 0x000000000f4e5b10 code [0x000000000f4e5c60, 0x000000000f4e5e10]

GC Heap History (0 events):
No events

Deoptimization events (8 events):
Event: 3.014 Thread 0x0000000002170800 Uncommon trap: reason=unstable_if action=reinterpret pc=0x000000000f214c70 method=java.util.BitSet.nextSetBit(I)I @ 87
Event: 4.686 Thread 0x0000000002170800 Uncommon trap: reason=class_check action=maybe_recompile pc=0x000000000f2d89f0 method=com.android.dx.ssa.NormalSsaInsn.accept(Lcom/android/dx/ssa/SsaInsn$Visitor;)V @ 9
Event: 4.686 Thread 0x0000000002170800 Uncommon trap: reason=class_check action=maybe_recompile pc=0x000000000f28a2f0 method=com.android.dx.ssa.NormalSsaInsn.accept(Lcom/android/dx/ssa/SsaInsn$Visitor;)V @ 9
Event: 4.813 Thread 0x0000000002170800 Uncommon trap: reason=class_check action=maybe_recompile pc=0x000000000f2d89f0 method=com.android.dx.ssa.NormalSsaInsn.accept(Lcom/android/dx/ssa/SsaInsn$Visitor;)V @ 9
Event: 4.813 Thread 0x0000000002170800 Uncommon trap: reason=class_check action=maybe_recompile pc=0x000000000f28a2f0 method=com.android.dx.ssa.NormalSsaInsn.accept(Lcom/android/dx/ssa/SsaInsn$Visitor;)V @ 9
Event: 4.827 Thread 0x0000000002170800 Uncommon trap: reason=class_check action=maybe_recompile pc=0x000000000f2d89f0 method=com.android.dx.ssa.NormalSsaInsn.accept(Lcom/android/dx/ssa/SsaInsn$Visitor;)V @ 9
Event: 5.432 Thread 0x0000000002170800 Uncommon trap: reason=unstable_if action=reinterpret pc=0x000000000f2a8bb4 method=java.util.BitSet.ensureCapacity(I)V @ 6
Event: 6.053 Thread 0x0000000002170800 Uncommon trap: reason=null_check action=make_not_entrant pc=0x000000000f32fde0 method=com.android.dx.rop.type.Type.equals(Ljava/lang/Object;)Z @ 8

Internal exceptions (3 events):
Event: 0.145 Thread 0x0000000002170800 Exception <a 'java/lang/NoSuchMethodError': Method sun.misc.Unsafe.defineClass(Ljava/lang/String;[BII)Ljava/lang/Class; name or signature does not match> (0x00000000eab12f10) thrown at [C:\re\workspace\8-2-build-windows-amd64-cygwin\jdk8u45\3627\hotspot\sr#Fé‡0¤Â?
Event: 0.146 Thread 0x0000000002170800 Exception <a 'java/lang/NoSuchMethodError': Method sun.misc.Unsafe.prefetchRead(Ljava/lang/Object;J)V name or signature does not match> (0x00000000eab131a0) thrown at [C:\re\workspace\8-2-build-windows-amd64-cygwin\jdk8u45\3627\hotspot\src\share\vm\prims\j³ý	n6@
Event: 6.053 Thread 0x0000000002170800 Implicit null exception at 0x000000000f32fce2 to 0x000000000f32fdd2

Events (10 events):
Event: 4.827 Thread 0x0000000002170800 DEOPT PACKING pc=0x000000000f2d89f0 sp=0x000000000213e950
Event: 4.827 Thread 0x0000000002170800 DEOPT UNPACKING pc=0x000000000f05582a sp=0x000000000213e890 mode 2
Event: 5.432 Thread 0x0000000002170800 Uncommon trap: trap_request=0xffffff65 fr.pc=0x000000000f2a8bb4
Event: 5.432 Thread 0x0000000002170800 DEOPT PACKING pc=0x000000000f2a8bb4 sp=0x000000000213eb30
Event: 5.432 Thread 0x0000000002170800 DEOPT UNPACKING pc=0x000000000f05582a sp=0x000000000213ea18 mode 2
Event: 6.053 Thread 0x0000000002170800 Uncommon trap: trap_request=0xfffffff4 fr.pc=0x000000000f32fde0
Event: 6.053 Thread 0x0000000002170800 DEOPT PACKING pc=0x000000000f32fde0 sp=0x000000000213e700
Event: 6.053 Thread 0x0000000002170800 DEOPT UNPACKING pc=0x000000000f05582a sp=0x000000000213e688 mode 2
Event: 7.448 Thread 0x0000000002170800 DEOPT PACKING pc=0x000000000f2548ed sp=0x000000000213e950
Event: 7.448 Thread 0x0000000002170800 DEOPT UNPACKING pc=0x000000000f05787f sp=0x000000000213e730 mode 0


Dynamic libraries:
0x00007ff6d9ba0000 - 0x00007ff6d9bd7000 	C:\Program Files\Java\jdk1.8.0_45\bin\java.exe
0x00007ff97ca10000 - 0x00007ff97cbbc000 	C:\Windows\SYSTEM32\ntdll.dll
0x00007ff97a980000 - 0x00007ff97aabe000 	C:\Windows\system32\KERNEL32.DLL
0x00007ff979d90000 - 0x00007ff979ea5000 	C:\Windows\system32\KERNELBASE.dll
0x00007ff9786b0000 - 0x00007ff97873e000 	C:\Windows\system32\apphelp.dll
0x00007ff96c300000 - 0x00007ff96c353000 	C:\Windows\AppPatch\AppPatch64\AcGenral.DLL
0x00007ff97a260000 - 0x00007ff97a30a000 	C:\Windows\system32\msvcrt.dll
0x00007ff979940000 - 0x00007ff97996e000 	C:\Windows\SYSTEM32\SspiCli.dll
0x00007ff97c360000 - 0x00007ff97c3b4000 	C:\Windows\system32\SHLWAPI.dll
0x00007ff97c6a0000 - 0x00007ff97c817000 	C:\Windows\system32\USER32.dll
0x00007ff97ab90000 - 0x00007ff97ad24000 	C:\Windows\system32\ole32.dll
0x00007ff97ad90000 - 0x00007ff97c2a8000 	C:\Windows\system32\SHELL32.dll
0x00007ff9790b0000 - 0x00007ff9790d1000 	C:\Windows\SYSTEM32\USERENV.dll
0x00007ff97c2b0000 - 0x00007ff97c35a000 	C:\Windows\system32\ADVAPI32.dll
0x00007ff973bb0000 - 0x00007ff973bce000 	C:\Windows\SYSTEM32\MPR.dll
0x00007ff97a5b0000 - 0x00007ff97a6f1000 	C:\Windows\system32\RPCRT4.dll
0x00007ff97ad30000 - 0x00007ff97ad89000 	C:\Windows\SYSTEM32\sechost.dll
0x00007ff97a700000 - 0x00007ff97a911000 	C:\Windows\SYSTEM32\combase.dll
0x00007ff97c3d0000 - 0x00007ff97c521000 	C:\Windows\system32\GDI32.dll
0x00007ff979b60000 - 0x00007ff979b75000 	C:\Windows\SYSTEM32\profapi.dll
0x00007ff978060000 - 0x00007ff978112000 	C:\Windows\SYSTEM32\SHCORE.dll
0x00007ff97c890000 - 0x00007ff97c8c6000 	C:\Windows\system32\IMM32.DLL
0x00007ff97c540000 - 0x00007ff97c692000 	C:\Windows\system32\MSCTF.dll
0x00007ff979b10000 - 0x00007ff979b41000 	C:\Windows\system32\nvinitx.dll
0x00007ff979b00000 - 0x00007ff979b0a000 	C:\Windows\SYSTEM32\VERSION.dll
0x000000000f000000 - 0x000000000f006000 	C:\Program Files\NVIDIA Corporation\CoProcManager\_etoured.dll
0x00007ff977ae0000 - 0x00007ff977b11000 	C:\Program Files\NVIDIA Corporation\CoProcManager\nvd3d9wrapx.dll
0x00007ff97a310000 - 0x00007ff97a4ea000 	C:\Windows\system32\SETUPAPI.dll
0x00007ff979c30000 - 0x00007ff979c7f000 	C:\Windows\system32\CFGMGR32.dll
0x00007ff9783f0000 - 0x00007ff978412000 	C:\Program Files\NVIDIA Corporation\CoProcManager\nvdxgiwrapx.dll
0x00007ff977be0000 - 0x00007ff977e5b000 	C:\Windows\WinSxS\amd64_microsoft.windows.common-controls_6595b64144ccf1df_6.0.9600.17784_none_624760d1ecb7236e\COMCTL32.dll
0x0000000057390000 - 0x0000000057462000 	C:\Program Files\Java\jdk1.8.0_45\jre\bin\msvcr100.dll
0x00000000578f0000 - 0x0000000058173000 	C:\Program Files\Java\jdk1.8.0_45\jre\bin\server\jvm.dll
0x00007ff970c00000 - 0x00007ff970c09000 	C:\Windows\SYSTEM32\WSOCK32.dll
0x00007ff977580000 - 0x00007ff9775a2000 	C:\Windows\SYSTEM32\WINMM.dll
0x00007ff97c3c0000 - 0x00007ff97c3c7000 	C:\Windows\system32\PSAPI.DLL
0x00007ff97c8d0000 - 0x00007ff97c92a000 	C:\Windows\system32\WS2_32.dll
0x00007ff977320000 - 0x00007ff97734a000 	C:\Windows\SYSTEM32\WINMMBASE.dll
0x00007ff97c530000 - 0x00007ff97c539000 	C:\Windows\system32\NSI.dll
0x00007ff978900000 - 0x00007ff978928000 	C:\Windows\SYSTEM32\DEVOBJ.dll
0x0000000057800000 - 0x000000005780f000 	C:\Program Files\Java\jdk1.8.0_45\jre\bin\verify.dll
0x00000000577d0000 - 0x00000000577f9000 	C:\Program Files\Java\jdk1.8.0_45\jre\bin\java.dll
0x00000000577b0000 - 0x00000000577c6000 	C:\Program Files\Java\jdk1.8.0_45\jre\bin\zip.dll
0x00007ff974010000 - 0x00007ff974199000 	C:\Windows\SYSTEM32\dbghelp.dll

VM Arguments:
jvm_args: -Xmx1024M -Dfile.encoding=windows-1251 -Duser.country=US -Duser.language=en -Duser.variant 
java_command: com.android.dx.command.Main --dex --output D:\AndroidNanodegree\SpotifyStreamer\app\build\intermediates\pre-dexed\debug\okio-1.4.0-f66e93c93f764efa883e5526f63f37fe8c964d55.jar C:\Users\Georgi\.gradle\caches\modules-2\files-2.1\com.squareup.okio\okio\1.4.0\5b72bf48563ea8410e650de14aa33ff69a3e8c35\okio-1.4.0.jar
java_class_path (initial): D:\android-sdk\build-tools\22.0.1\lib\dx.jar
Launcher Type: SUN_STANDARD

Environment Variables:
PATH=C:\ProgramData\Oracle\Java\javapath;C:\Windows\system32;C:\Windows;C:\Windows\System32\Wbem;C:\Windows\System32\WindowsPowerShell\v1.0\;C:\Program Files\Intel\WiFi\bin\;C:\Program Files\Common Files\Intel\WirelessCommon\;C:\Program Files (x86)\NVIDIA Corporation\PhysX\Common;D:\android-sdk\platform-tools;D:\android-sdk\tools;C:\Program Files (x86)\Skype\Phone\;C:\Program Files\Intel\WiFi\bin\;C:\Program Files\Common Files\Intel\WirelessCommon\
USERNAME=Georgi
OS=Windows_NT
PROCESSOR_IDENTIFIER=Intel64 Family 6 Model 58 Stepping 9, GenuineIntel



---------------  S Y S T E M  ---------------

OS: Windows 8.1 , 64 bit Build 9600 (6.3.9600.17415)

CPU:total 8 (4 cores per cpu, 2 threads per core) family 6 model 58 stepping 9, cmov, cx8, fxsr, mmx, sse, sse2, sse3, ssse3, sse4.1, sse4.2, popcnt, avx, aes, clmul, erms, ht, tsc, tscinvbit, tscinv

Memory: 4k page, physical 8271456k(1447804k free), swap 9320032k(5040k free)

vm_info: Java HotSpot(TM) 64-Bit Server VM (25.45-b02) for windows-amd64 JRE (1.8.0_45-b15), built on Apr 30 2015 12:40:44 by "java_re" with MS VC++ 10.0 (VS2010)

time: Sat Jun 06 00:40:41 2015
elapsed time: 8 seconds (0d 0h 0m 8s)

